<?xml version="1.0"?>
<opencv_storage>
<opencv_ml_lr>
  <format>3</format>
  <classifier>"Logisitic Regression Classifier"</classifier>
  <alpha>1.0000000000000000e-02</alpha>
  <iterations>3</iterations>
  <norm>-1</norm>
  <train_method>0</train_method>
  <learnt_thetas type_id="opencv-matrix">
    <rows>10</rows>
    <cols>785</cols>
    <dt>f</dt>
    <data>
      -1.83074107e-07 0. 0. 0. 0. 0. 0. 0. 0. 0. 0. 0. 0.
      -4.96577834e-10 -1.85133087e-09 -8.50182091e-10 -3.54242538e-11 0.
      0. 0. 0. 0. 0. 0. 0. 0. 0. 0. 0. 0. 0. 0. 0. -6.19313004e-11
      -2.13221510e-10 -2.18401741e-09 -5.69528602e-09 -1.02491331e-08
      -1.50011701e-08 -2.80913213e-08 -3.64895847e-08 -3.85784631e-08
      -4.05699367e-08 -4.43066064e-08 -4.00371398e-08 -4.17444426e-08
      -3.48908529e-08 -2.32838140e-08 -1.66087659e-08 -1.25303199e-08
      -4.95192820e-09 -2.34315056e-09 -8.27723334e-10 0. 0. 0. 0. 0. 0.
      -2.42967063e-10 7.77671955e-11 -1.52521240e-09 -1.26796418e-09
      -1.02777644e-08 -3.06859675e-08 -6.12305797e-08 -1.18038706e-07
      -2.02132071e-07 -2.99645620e-07 -4.32606669e-07 -5.83284589e-07
      -7.41412464e-07 -8.40032442e-07 -8.61436831e-07 -7.85841166e-07
      -6.48524008e-07 -4.72061288e-07 -2.77942348e-07 -1.46350871e-07
      -6.85620023e-08 -2.18083382e-08 -8.11566903e-09 -1.96822558e-09 0.
      0. 0. 0. -7.39815043e-10 -6.47928267e-10 -1.76850934e-09
      -1.29555309e-08 -4.64831658e-08 -1.23738531e-07 -2.61980119e-07
      -5.03385536e-07 -8.20375931e-07 -1.20050061e-06 -1.61261448e-06
      -2.09146037e-06 -2.56277326e-06 -2.83991858e-06 -2.80506833e-06
      -2.54543420e-06 -2.06761024e-06 -1.47070932e-06 -8.88038585e-07
      -4.85580017e-07 -2.29399149e-07 -8.98943426e-08 -3.54726346e-08
      -5.81758863e-09 -6.51549814e-10 0. 0. -1.45586709e-10
      -1.20889032e-09 -1.97737449e-09 -1.74277304e-08 -9.22093477e-08
      -2.32119632e-07 -5.34047842e-07 -1.03388402e-06 -1.76674780e-06
      -2.73154069e-06 -3.81877317e-06 -5.01484237e-06 -6.20721539e-06
      -7.09757842e-06 -7.34199239e-06 -6.97877385e-06 -6.03023500e-06
      -4.79548999e-06 -3.52573238e-06 -2.36753976e-06 -1.47042908e-06
      -8.38988058e-07 -4.45524705e-07 -1.91441615e-07 -4.68425512e-08
      -6.91608282e-09 -4.83215634e-10 0. 0. -2.38867681e-09
      -1.24998936e-08 -8.88025227e-08 -3.30728994e-07 -7.93943059e-07
      -1.57652767e-06 -2.76683613e-06 -4.32103116e-06 -6.09165227e-06
      -8.05393211e-06 -1.01867718e-05 -1.21527992e-05 -1.34778820e-05
      -1.38492142e-05 -1.31293145e-05 -1.15695402e-05 -9.38357425e-06
      -7.09248434e-06 -5.10562995e-06 -3.41656482e-06 -2.20471134e-06
      -1.35865912e-06 -6.69123892e-07 -1.95157668e-07 -3.30096626e-08
      -1.11719123e-09 0. -4.26345140e-11 -6.44232312e-09 -5.16060865e-08
      -2.50438120e-07 -7.24889844e-07 -1.62876529e-06 -3.05220283e-06
      -4.95550375e-06 -7.24595338e-06 -9.70701876e-06 -1.22433466e-05
      -1.47967276e-05 -1.71389875e-05 -1.88294798e-05 -1.93928645e-05
      -1.86077068e-05 -1.65695074e-05 -1.37158986e-05 -1.04600349e-05
      -7.46204660e-06 -5.07457116e-06 -3.33669095e-06 -2.15933437e-06
      -1.18650860e-06 -4.28216083e-07 -8.62133192e-08 -6.49594867e-09
      -1.82680898e-10 -4.61373251e-09 -2.54195189e-08 -1.38299157e-07
      -5.26508188e-07 -1.31431818e-06 -2.70323380e-06 -4.65861649e-06
      -7.10765380e-06 -9.89009277e-06 -1.28083821e-05 -1.56889982e-05
      -1.81957967e-05 -2.02835799e-05 -2.15387627e-05 -2.19942085e-05
      -2.14411084e-05 -1.97679492e-05 -1.69036775e-05 -1.31947390e-05
      -9.30256738e-06 -6.10505458e-06 -3.83409952e-06 -2.49647542e-06
      -1.45570300e-06 -5.92764991e-07 -1.19497585e-07 -6.16230622e-09
      -5.07779374e-10 -1.19588384e-08 -7.68608288e-08 -3.06449010e-07
      -8.60045418e-07 -1.88071931e-06 -3.54172789e-06 -5.81208860e-06
      -8.57817213e-06 -1.17599366e-05 -1.49891930e-05 -1.75931000e-05
      -1.92023763e-05 -1.99693714e-05 -2.02343545e-05 -2.05291599e-05
      -2.08059319e-05 -2.04638236e-05 -1.85099871e-05 -1.46130915e-05
      -9.90265744e-06 -6.06549293e-06 -3.47487844e-06 -2.08010351e-06
      -1.31523825e-06 -6.00916565e-07 -1.12299688e-07 -6.36367403e-09
      -1.16067067e-09 -1.87490397e-08 -1.20005296e-07 -3.99853775e-07
      -1.01434603e-06 -2.11439851e-06 -3.83217230e-06 -6.15803947e-06
      -9.16283534e-06 -1.25693186e-05 -1.56423357e-05 -1.73368189e-05
      -1.73586304e-05 -1.66546561e-05 -1.65264828e-05 -1.75483328e-05
      -1.91746658e-05 -2.03670406e-05 -1.92682019e-05 -1.51592403e-05
      -9.60937632e-06 -4.99140606e-06 -2.22647168e-06 -1.08860752e-06
      -8.06834919e-07 -4.34343463e-07 -8.20872970e-08 -6.63838584e-09
      -1.59356106e-09 -2.33357635e-08 -1.21815617e-07 -3.89794366e-07
      -9.61986757e-07 -1.94323502e-06 -3.51118979e-06 -5.77429410e-06
      -8.97374230e-06 -1.24627813e-05 -1.51245331e-05 -1.56383958e-05
      -1.44494243e-05 -1.34373058e-05 -1.41327619e-05 -1.64439552e-05
      -1.90439205e-05 -2.10516228e-05 -2.00751638e-05 -1.53209967e-05
      -8.70799704e-06 -3.42873432e-06 -5.88197736e-07 1.22965162e-07
      -2.22146113e-07 -2.53035324e-07 -5.18127656e-08 -4.37460912e-09
      -1.41713274e-09 -1.78837656e-08 -9.90282629e-08 -2.97766320e-07
      -7.73379668e-07 -1.56920044e-06 -2.89619356e-06 -5.19175319e-06
      -8.65131733e-06 -1.23677892e-05 -1.45945669e-05 -1.45505674e-05
      -1.32803470e-05 -1.31517772e-05 -1.52902539e-05 -1.82733747e-05
      -2.11954484e-05 -2.30104633e-05 -2.11862134e-05 -1.51538925e-05
      -7.58890110e-06 -1.88073591e-06 7.05691093e-07 9.82829306e-07
      2.04687993e-07 -1.14300228e-07 -2.71289906e-08 -1.92582306e-09
      -8.98877250e-10 -1.02499724e-08 -5.66028788e-08 -2.03843371e-07
      -5.75879426e-07 -1.14519719e-06 -2.31248919e-06 -4.78853099e-06
      -8.68372717e-06 -1.26133000e-05 -1.48482432e-05 -1.50754440e-05
      -1.45915619e-05 -1.62353463e-05 -1.96231886e-05 -2.28771678e-05
      -2.54428851e-05 -2.59493681e-05 -2.22275157e-05 -1.47132760e-05
      -6.53644611e-06 -9.64687956e-07 1.29813498e-06 1.34720290e-06
      3.85834994e-07 -6.47245457e-08 -1.71208825e-08 -2.39003084e-09
      -1.28056066e-10 -3.80922360e-09 -2.75132841e-08 -1.38148977e-07
      -4.30470635e-07 -7.51650987e-07 -1.89316279e-06 -4.55040390e-06
      -8.78934043e-06 -1.30188573e-05 -1.56711430e-05 -1.66902173e-05
      -1.78074733e-05 -2.14450138e-05 -2.53318030e-05 -2.83651607e-05
      -2.95713198e-05 -2.82343080e-05 -2.26954089e-05 -1.41205392e-05
      -5.91387561e-06 -8.03094679e-07 1.18506398e-06 1.19477681e-06
      3.31473217e-07 -8.35846947e-08 -1.93082776e-08 -2.60031685e-09
      -4.45509629e-10 -1.95276817e-09 -1.27936453e-08 -1.06976124e-07
      -2.95151324e-07 -3.95274952e-07 -1.53262488e-06 -4.27458281e-06
      -8.68566894e-06 -1.32874629e-05 -1.65639267e-05 -1.86580673e-05
      -2.13784515e-05 -2.62332651e-05 -2.99295771e-05 -3.20805848e-05
      -3.12919765e-05 -2.84408816e-05 -2.19720187e-05 -1.34176462e-05
      -5.95937627e-06 -1.33166532e-06 5.37880851e-07 7.41344820e-07
      1.79702965e-07 -1.28304720e-07 -2.16868461e-08 -5.23607158e-10
      -1.73611278e-10 -9.12570852e-10 -1.05870228e-08 -1.15220047e-07
      -1.61639576e-07 -9.34694100e-08 -1.19423453e-06 -3.85452495e-06
      -8.19754132e-06 -1.30366461e-05 -1.69377672e-05 -1.99061760e-05
      -2.35898769e-05 -2.82792462e-05 -3.12829688e-05 -3.19611172e-05
      -2.98628256e-05 -2.63877228e-05 -1.99283259e-05 -1.24229055e-05
      -6.17111436e-06 -2.13460771e-06 -2.94322660e-07 1.94703404e-07
      -5.70259573e-08 -1.95951998e-07 -3.45631435e-08 -2.55205768e-09
      -1.58493968e-10 -9.28289168e-10 -1.72736847e-08 -1.38849288e-07
      -1.20107075e-07 6.19704394e-08 -9.07813842e-07 -3.26419058e-06
      -7.29253770e-06 -1.20423138e-05 -1.60831842e-05 -1.93502729e-05
      -2.29353755e-05 -2.66521984e-05 -2.91055730e-05 -2.90244607e-05
      -2.67950236e-05 -2.30330770e-05 -1.73261396e-05 -1.12284924e-05
      -6.22627658e-06 -2.77532672e-06 -1.02520210e-06 -3.69663724e-07
      -3.42321272e-07 -2.59078320e-07 -4.48172131e-08 -2.80429591e-09 0.
      -1.69216752e-09 -2.60725912e-08 -2.10347210e-07 -2.06839431e-07
      3.41066198e-09 -7.95238236e-07 -2.75410275e-06 -6.17261367e-06
      -1.04570217e-05 -1.43772731e-05 -1.74792749e-05 -2.02208048e-05
      -2.32571583e-05 -2.55239356e-05 -2.55023006e-05 -2.34913678e-05
      -1.98710968e-05 -1.52116518e-05 -1.04060755e-05 -6.24208269e-06
      -3.31205320e-06 -1.62697324e-06 -8.94491109e-07 -5.86190595e-07
      -3.02992817e-07 -4.89454841e-08 -1.24055288e-09 -4.47002380e-10
      -1.23287791e-09 -4.17800514e-08 -3.36324263e-07 -4.86492127e-07
      -4.53021471e-07 -1.15695957e-06 -2.73659043e-06 -5.55030510e-06
      -9.47001354e-06 -1.32546393e-05 -1.59890678e-05 -1.81440992e-05
      -2.08872461e-05 -2.29539219e-05 -2.30856913e-05 -2.12788054e-05
      -1.80860479e-05 -1.41779992e-05 -9.96755443e-06 -6.35925471e-06
      -3.81257837e-06 -2.22752624e-06 -1.33356139e-06 -7.33931529e-07
      -2.88605065e-07 -3.58537200e-08 -2.88434476e-09 -5.89533491e-11
      -2.41337084e-09 -6.57336727e-08 -4.50633308e-07 -8.23419214e-07
      -1.14855538e-06 -1.96882388e-06 -3.46841034e-06 -6.04810975e-06
      -9.55861287e-06 -1.31493534e-05 -1.57598824e-05 -1.79912531e-05
      -2.03948330e-05 -2.20601833e-05 -2.19853282e-05 -2.01067178e-05
      -1.70657277e-05 -1.33533704e-05 -9.54655025e-06 -6.34106254e-06
      -4.00977115e-06 -2.49165987e-06 -1.45035779e-06 -7.14577254e-07
      -2.42366355e-07 -3.41271686e-08 -1.61424718e-09 0. -2.46591592e-09
      -7.57651790e-08 -5.02071771e-07 -1.06321954e-06 -1.71745069e-06
      -2.87018906e-06 -4.56892531e-06 -7.03811929e-06 -1.01667219e-05
      -1.34712427e-05 -1.63042041e-05 -1.88273061e-05 -2.10713042e-05
      -2.21105656e-05 -2.13182357e-05 -1.90359551e-05 -1.57854956e-05
      -1.22026895e-05 -8.60840100e-06 -5.70708744e-06 -3.62984520e-06
      -2.23339748e-06 -1.24634676e-06 -5.83556357e-07 -1.71319769e-07
      -2.46441729e-08 -3.99500266e-10 -1.25063293e-10 -2.95491898e-09
      -6.51304930e-08 -4.07545116e-07 -9.93447316e-07 -1.87406840e-06
      -3.32210197e-06 -5.23595918e-06 -7.69968210e-06 -1.05419776e-05
      -1.36410472e-05 -1.66888713e-05 -1.93703600e-05 -2.12605009e-05
      -2.15070158e-05 -1.99440037e-05 -1.71488464e-05 -1.36732715e-05
      -1.00600864e-05 -6.95332074e-06 -4.53304801e-06 -2.81051712e-06
      -1.64033111e-06 -8.63854837e-07 -3.77273750e-07 -1.01089967e-07
      -9.96773331e-09 1.76885701e-10 -1.21155058e-10 -2.31132058e-10
      -4.31516156e-08 -2.42457560e-07 -7.05448599e-07 -1.50052199e-06
      -2.88755064e-06 -4.86688259e-06 -7.41436952e-06 -1.02607846e-05
      -1.33417798e-05 -1.61824810e-05 -1.84097553e-05 -1.93811920e-05
      -1.90108040e-05 -1.70660551e-05 -1.40825614e-05 -1.07262103e-05
      -7.54151552e-06 -4.97188375e-06 -3.13991518e-06 -1.83117561e-06
      -1.00365946e-06 -4.91200694e-07 -1.86119621e-07 -4.21889581e-08
      -2.80332824e-09 3.26558225e-10 0. 0. -1.48212465e-08
      -9.59572688e-08 -3.56524083e-07 -8.79049423e-07 -1.90011883e-06
      -3.54441954e-06 -5.84853569e-06 -8.59189822e-06 -1.15417079e-05
      -1.41478395e-05 -1.58007497e-05 -1.62727338e-05 -1.53482761e-05
      -1.32037057e-05 -1.03456096e-05 -7.46097976e-06 -4.92350910e-06
      -3.09662641e-06 -1.81449604e-06 -9.74536420e-07 -4.93734433e-07
      -2.19085592e-07 -6.80549235e-08 -1.25469368e-08 -2.22147722e-09 0.
      0. 0. -3.68793951e-09 -2.82449513e-08 -1.17716723e-07
      -3.40801734e-07 -8.58611770e-07 -1.82025656e-06 -3.28791793e-06
      -5.23644485e-06 -7.35396861e-06 -9.12864743e-06 -1.00950765e-05
      -1.00904917e-05 -9.14920747e-06 -7.54327448e-06 -5.76589082e-06
      -4.10837583e-06 -2.67066821e-06 -1.62095967e-06 -9.01440899e-07
      -4.57610696e-07 -2.17841375e-07 -9.06724154e-08 -2.26784529e-08
      -4.53949722e-09 -4.51264803e-10 0. 0. 0. -3.64999281e-10
      -4.17027390e-09 -2.98568921e-08 -1.10489395e-07 -3.26101372e-07
      -7.35394963e-07 -1.41495957e-06 -2.26028760e-06 -3.18941443e-06
      -3.84447821e-06 -4.17132560e-06 -4.10341272e-06 -3.65748383e-06
      -3.04437390e-06 -2.43941940e-06 -1.81456494e-06 -1.21749486e-06
      -7.37054620e-07 -3.94101335e-07 -1.92716527e-07 -8.65683916e-08
      -3.25821183e-08 -7.28201410e-09 -8.21496982e-10 -4.03596656e-10 0.
      0. 0. 0. -1.49538229e-10 -8.29921198e-09 -3.81096328e-08
      -1.25467750e-07 -2.79238293e-07 -5.39060636e-07 -8.16959187e-07
      -1.12824091e-06 -1.39107647e-06 -1.50030951e-06 -1.45918079e-06
      -1.30077501e-06 -1.04171420e-06 -8.28785005e-07 -6.08612993e-07
      -3.99714395e-07 -2.36578757e-07 -1.26530182e-07 -5.61677354e-08
      -1.77974613e-08 -3.82302456e-09 -1.20748037e-10 -2.30195751e-10 0.
      0. 0. 0. 0. 0. -5.89855387e-10 -3.64834452e-09 -9.79012516e-09
      -2.09749054e-08 -3.00396898e-08 -4.60385543e-08 -7.88297214e-08
      -1.00951937e-07 -1.23818396e-07 -1.39278598e-07 -1.62523492e-07
      -1.40152892e-07 -1.14456000e-07 -8.16990848e-08 -4.76672462e-08
      -2.10312194e-08 -1.08190221e-08 -4.61258320e-09 -3.66684860e-09
      -4.88770802e-10 0. 0. 0. 0. -1.74508529e-07 0. 0. 0. 0. 0. 0. 0.
      0. 0. 0. 0. 0. -4.94627339e-10 -1.84354987e-09 -8.46275938e-10
      -3.52614986e-11 0. 0. 0. 0. 0. 0. 0. 0. 0. 0. 0. 0. 0. 0. 0. 0.
      -6.12967940e-11 -2.10938239e-10 -2.15742091e-09 -5.62823699e-09
      -1.01473407e-08 -1.48499506e-08 -2.78211889e-08 -3.72011222e-08
      -4.03069897e-08 -4.10712104e-08 -4.13110754e-08 -3.62026000e-08
      -4.28512692e-08 -3.55799123e-08 -2.31058124e-08 -1.65103593e-08
      -1.24604078e-08 -4.91911401e-09 -2.32716046e-09 -8.21726021e-10 0.
      0. 0. 0. 0. 0. -2.39535586e-10 -1.60845531e-10 -1.59390412e-09
      -1.25325572e-09 -1.08588498e-08 -3.20303357e-08 -6.09929955e-08
      -1.16874261e-07 -1.99503972e-07 -2.96145856e-07 -4.28074941e-07
      -5.71540340e-07 -7.18904630e-07 -8.10314361e-07 -8.41275323e-07
      -7.74545981e-07 -6.41906865e-07 -4.67083083e-07 -2.75128230e-07
      -1.45187585e-07 -6.80206966e-08 -2.16427392e-08 -8.05382872e-09
      -1.95299443e-09 0. 0. 0. 0. -3.83667348e-10 -1.24450739e-09
      -2.76159562e-09 -1.59799729e-08 -4.87924297e-08 -1.25524934e-07
      -2.65354601e-07 -5.06783181e-07 -8.31702209e-07 -1.23967015e-06
      -1.67714086e-06 -2.15354203e-06 -2.62375011e-06 -2.92366622e-06
      -2.91678839e-06 -2.63379775e-06 -2.13103885e-06 -1.53160454e-06
      -9.36874017e-07 -5.06866741e-07 -2.36122958e-07 -9.37089766e-08
      -3.73150861e-08 -6.38138609e-09 -6.51436127e-10 0. 0.
      -1.44643228e-10 -9.70381414e-12 -2.98850722e-09 -1.80674231e-08
      -9.16229936e-08 -2.36259126e-07 -5.51209212e-07 -1.08438041e-06
      -1.89478806e-06 -2.94837855e-06 -4.16831472e-06 -5.41764712e-06
      -6.55340682e-06 -7.39081361e-06 -7.86205237e-06 -7.69838425e-06
      -6.64446543e-06 -5.20491312e-06 -3.66107429e-06 -2.34385175e-06
      -1.43516104e-06 -8.16747843e-07 -4.20633882e-07 -1.83784010e-07
      -4.78932272e-08 -6.86737600e-09 -4.83643736e-10 0. 0.
      -1.56822577e-09 -1.25946649e-08 -8.80905304e-08 -3.28167886e-07
      -8.11535187e-07 -1.64226969e-06 -2.95801692e-06 -4.79864593e-06
      -7.00695546e-06 -9.51913898e-06 -1.19725282e-05 -1.39541407e-05
      -1.52151779e-05 -1.57550967e-05 -1.53667952e-05 -1.37781954e-05
      -1.12408243e-05 -8.48127547e-06 -5.94311086e-06 -3.91914818e-06
      -2.42363194e-06 -1.37800464e-06 -6.51330367e-07 -1.94218785e-07
      -3.22984022e-08 -1.11411258e-09 0. -4.24481041e-11 -6.23669560e-09
      -4.84481149e-08 -2.53858957e-07 -7.48285856e-07 -1.69292025e-06
      -3.24415487e-06 -5.48808976e-06 -8.45191607e-06 -1.19052820e-05
      -1.54957925e-05 -1.86270754e-05 -2.07535832e-05 -2.18194946e-05
      -2.21077207e-05 -2.15545733e-05 -2.00152281e-05 -1.73744720e-05
      -1.39287968e-05 -1.03652592e-05 -7.10195036e-06 -4.41866541e-06
      -2.49311552e-06 -1.20590664e-06 -4.27702020e-07 -8.62107825e-08
      -7.06212422e-09 -1.81427637e-10 -4.58379468e-09 -2.46126071e-08
      -1.36884225e-07 -5.28433361e-07 -1.35625442e-06 -2.84161388e-06
      -5.11747839e-06 -8.26165433e-06 -1.22333831e-05 -1.66213886e-05
      -2.08171132e-05 -2.36769047e-05 -2.47538719e-05 -2.44362582e-05
      -2.37565964e-05 -2.33658684e-05 -2.28636709e-05 -2.13834664e-05
      -1.84490036e-05 -1.43447351e-05 -9.98955693e-06 -6.16878697e-06
      -3.39959274e-06 -1.59781280e-06 -5.95929919e-07 -1.18398205e-07
      -7.39547179e-09 -9.43090828e-10 -1.18547474e-08 -7.67512489e-08
      -3.04009234e-07 -8.61170008e-07 -1.94560494e-06 -3.84535088e-06
      -6.75373030e-06 -1.06939960e-05 -1.54768932e-05 -2.04226671e-05
      -2.41800481e-05 -2.55518244e-05 -2.41898633e-05 -2.14958345e-05
      -1.97220324e-05 -2.02222618e-05 -2.17573270e-05 -2.24576906e-05
      -2.06989935e-05 -1.66357986e-05 -1.16737610e-05 -7.13080044e-06
      -3.70318094e-06 -1.64332744e-06 -6.02571561e-07 -1.11496433e-07
      -6.32843156e-09 -1.15617382e-09 -1.79028987e-08 -1.19154890e-07
      -3.97871531e-07 -1.02351987e-06 -2.24975724e-06 -4.46576905e-06
      -7.87345925e-06 -1.24596581e-05 -1.77580223e-05 -2.24234027e-05
      -2.47396620e-05 -2.36511441e-05 -1.96154924e-05 -1.50724190e-05
      -1.32487194e-05 -1.54644786e-05 -1.95636057e-05 -2.20653674e-05
      -2.11265906e-05 -1.70270378e-05 -1.18383032e-05 -7.10910808e-06
      -3.49642801e-06 -1.36395806e-06 -4.38158168e-07 -8.10029590e-08
      -6.61059696e-09 -1.58548319e-09 -2.19959091e-08 -1.21663533e-07
      -3.87692239e-07 -9.86886903e-07 -2.26749057e-06 -4.69977840e-06
      -8.48268883e-06 -1.35909404e-05 -1.89415805e-05 -2.26804113e-05
      -2.31000413e-05 -1.98465859e-05 -1.42411536e-05 -9.23796961e-06
      -8.52719677e-06 -1.29756972e-05 -1.88932790e-05 -2.19999456e-05
      -2.06880250e-05 -1.61455446e-05 -1.09271277e-05 -6.44961938e-06
      -3.06440597e-06 -1.05206550e-06 -2.63535867e-07 -5.00398727e-08
      -4.03740463e-09 -1.40741185e-09 -1.74689063e-08 -9.76180843e-08
      -2.95549228e-07 -8.36083018e-07 -2.18906644e-06 -4.83132135e-06
      -9.08425500e-06 -1.45786562e-05 -1.98014495e-05 -2.23560710e-05
      -2.12583091e-05 -1.70576841e-05 -1.12339085e-05 -6.75258025e-06
      -7.77377954e-06 -1.41989331e-05 -2.07987250e-05 -2.27892669e-05
      -1.99564856e-05 -1.46941456e-05 -9.61934802e-06 -5.73901798e-06
      -2.85256715e-06 -9.09091909e-07 -1.36919937e-07 -2.74325362e-08
      -1.15866694e-09 -8.91796803e-10 -1.02784457e-08 -5.63524694e-08
      -2.01423148e-07 -7.02695786e-07 -2.20059678e-06 -5.19833793e-06
      -9.92173682e-06 -1.56774877e-05 -2.04886055e-05 -2.21773425e-05
      -2.04438365e-05 -1.64626035e-05 -1.12197922e-05 -8.08844834e-06
      -1.11965719e-05 -1.88156209e-05 -2.44613439e-05 -2.39609963e-05
      -1.91464314e-05 -1.32789828e-05 -8.65662241e-06 -5.37652113e-06
      -2.88483079e-06 -9.78684056e-07 -1.00901062e-07 -1.82790210e-08
      -1.46568768e-09 1.37516179e-10 -4.29275726e-09 -2.85611783e-08
      -1.39010751e-07 -6.66443839e-07 -2.43108070e-06 -5.82510893e-06
      -1.08288532e-05 -1.65061738e-05 -2.08279962e-05 -2.19908688e-05
      -2.04364842e-05 -1.75231908e-05 -1.32568712e-05 -1.21539060e-05
      -1.65932161e-05 -2.42379756e-05 -2.77263898e-05 -2.46756845e-05
      -1.84478413e-05 -1.25252554e-05 -8.42175359e-06 -5.43132410e-06
      -3.09870506e-06 -1.16440629e-06 -1.33792526e-07 -1.92767224e-08
      -2.59031085e-09 -4.41276404e-10 -1.93464067e-09 -1.25454651e-08
      -1.05804105e-07 -6.99253405e-07 -2.81745224e-06 -6.49751701e-06
      -1.14907343e-05 -1.67601902e-05 -2.05395554e-05 -2.15784603e-05
      -2.07294652e-05 -1.87588994e-05 -1.57159357e-05 -1.62309370e-05
      -2.11224906e-05 -2.77001418e-05 -2.87778275e-05 -2.43715476e-05
      -1.81026589e-05 -1.27319709e-05 -8.81963297e-06 -5.78836853e-06
      -3.32164564e-06 -1.30423837e-06 -1.88150480e-07 -2.13833005e-08
      -5.22616672e-10 -1.71949385e-10 -9.02737052e-10 -9.68668878e-09
      -1.15144999e-07 -8.11162295e-07 -3.28161241e-06 -7.05118237e-06
      -1.16375913e-05 -1.62308115e-05 -1.94800359e-05 -2.06316909e-05
      -2.02503470e-05 -1.86252601e-05 -1.65644378e-05 -1.77446746e-05
      -2.27295241e-05 -2.78033876e-05 -2.75231396e-05 -2.31063932e-05
      -1.78396476e-05 -1.32357982e-05 -9.34942727e-06 -6.11928681e-06
      -3.38705649e-06 -1.33042681e-06 -2.48097081e-07 -3.43192212e-08
      -2.54810528e-09 -1.56917992e-10 -5.98219418e-10 -1.58643498e-08
      -1.43208155e-07 -1.01657361e-06 -3.75676541e-06 -7.39605503e-06
      -1.13372544e-05 -1.50464102e-05 -1.76072190e-05 -1.84651053e-05
      -1.79056460e-05 -1.61758908e-05 -1.46734619e-05 -1.66247683e-05
      -2.20182137e-05 -2.59481567e-05 -2.52048303e-05 -2.17247343e-05
      -1.75920268e-05 -1.35331757e-05 -9.53067138e-06 -6.06596814e-06
      -3.24138318e-06 -1.28038573e-06 -2.95570885e-07 -4.34330580e-08
      -2.89408142e-09 0. -6.26680818e-10 -2.54515342e-08 -2.18215945e-07
      -1.35223934e-06 -4.20458309e-06 -7.58929309e-06 -1.09161101e-05
      -1.36399722e-05 -1.53590918e-05 -1.55652851e-05 -1.44577534e-05
      -1.25203442e-05 -1.18598709e-05 -1.51378963e-05 -2.07349058e-05
      -2.40860190e-05 -2.35874013e-05 -2.10446360e-05 -1.75412279e-05
      -1.34562888e-05 -9.24846972e-06 -5.65637720e-06 -2.91621382e-06
      -1.17222328e-06 -3.22893101e-07 -4.68166945e-08 -2.03430206e-09
      -4.22426261e-10 -1.02413877e-09 -4.13273824e-08 -3.46811561e-07
      -1.73181127e-06 -4.63234937e-06 -7.91232469e-06 -1.08660470e-05
      -1.29595255e-05 -1.40703378e-05 -1.38493651e-05 -1.23125501e-05
      -1.06763218e-05 -1.12656562e-05 -1.54427944e-05 -2.07351259e-05
      -2.37589775e-05 -2.35492353e-05 -2.11947736e-05 -1.73565240e-05
      -1.28322617e-05 -8.54718201e-06 -5.10805194e-06 -2.58284376e-06
      -1.03833850e-06 -2.92945828e-07 -3.28749401e-08 -8.71065442e-10
      6.54653554e-11 -2.15183560e-09 -6.52040910e-08 -4.64462886e-07
      -1.98048201e-06 -4.92539584e-06 -8.30214140e-06 -1.13602891e-05
      -1.34952870e-05 -1.44861206e-05 -1.41750888e-05 -1.29029850e-05
      -1.23929867e-05 -1.39666254e-05 -1.80807747e-05 -2.23547195e-05
      -2.45631345e-05 -2.39208075e-05 -2.07989160e-05 -1.62276865e-05
      -1.14746481e-05 -7.38829385e-06 -4.24628297e-06 -2.07029302e-06
      -8.20197499e-07 -2.39441476e-07 -3.21776241e-08 -2.70354406e-10 0.
      -3.53341445e-09 -7.57260068e-08 -5.12791814e-07 -1.92817288e-06
      -4.65765288e-06 -8.24954350e-06 -1.17346308e-05 -1.44246551e-05
      -1.58720359e-05 -1.61551143e-05 -1.60337131e-05 -1.67458311e-05
      -1.87735495e-05 -2.17716533e-05 -2.42513852e-05 -2.48303368e-05
      -2.28763492e-05 -1.87816695e-05 -1.37730685e-05 -9.22826985e-06
      -5.62807645e-06 -3.07764867e-06 -1.47654987e-06 -6.08973778e-07
      -1.66547323e-07 -2.41581333e-08 2.53120268e-11 1.40310832e-10
      -2.84605362e-09 -6.42068088e-08 -4.15226509e-07 -1.48650361e-06
      -3.72602472e-06 -7.11653956e-06 -1.09206430e-05 -1.42275576e-05
      -1.66113859e-05 -1.81340583e-05 -1.94559470e-05 -2.10862199e-05
      -2.27520213e-05 -2.39385336e-05 -2.41483212e-05 -2.27416258e-05
      -1.94421318e-05 -1.48062318e-05 -1.02144268e-05 -6.41886118e-06
      -3.66890436e-06 -1.92624839e-06 -9.29265639e-07 -3.79736463e-07
      -9.77556738e-08 -1.16986083e-08 -1.44002379e-10 1.35926118e-10
      -1.47059961e-10 -4.21591011e-08 -2.45401793e-07 -8.67135554e-07
      -2.29649140e-06 -4.88167416e-06 -8.23078335e-06 -1.17801601e-05
      -1.49883872e-05 -1.78144310e-05 -2.02053052e-05 -2.20051188e-05
      -2.26275315e-05 -2.20135662e-05 -2.03686268e-05 -1.76645572e-05
      -1.40470684e-05 -9.98394898e-06 -6.41782617e-06 -3.79475068e-06
      -2.06430195e-06 -1.06861489e-06 -5.04996081e-07 -1.89191312e-07
      -4.03438669e-08 -1.95957206e-09 -2.65850564e-10 0. 0.
      -1.46975410e-08 -9.54688488e-08 -3.65716375e-07 -9.95168875e-07
      -2.35342804e-06 -4.56443240e-06 -7.38322979e-06 -1.05430445e-05
      -1.38481410e-05 -1.67697290e-05 -1.84022319e-05 -1.82602271e-05
      -1.65414313e-05 -1.41124492e-05 -1.13817496e-05 -8.48383934e-06
      -5.62906826e-06 -3.41655027e-06 -1.91922027e-06 -9.98952373e-07
      -4.99733630e-07 -2.24028099e-07 -6.84054697e-08 -1.11250396e-08
      1.98723288e-10 0. 0. 0. -3.65425401e-09 -2.80279302e-08
      -1.17706463e-07 -3.21410141e-07 -8.48607158e-07 -1.84962846e-06
      -3.39153576e-06 -5.43398164e-06 -7.71119085e-06 -9.65249819e-06
      -1.06724965e-05 -1.04494202e-05 -9.21587070e-06 -7.57057614e-06
      -5.87297200e-06 -4.24074824e-06 -2.74331592e-06 -1.64292715e-06
      -9.05596039e-07 -4.53556822e-07 -2.17316028e-07 -9.06398725e-08
      -2.35320403e-08 -4.22137525e-09 -3.00548281e-10 0. 0. 0.
      -3.61117830e-10 -4.14477652e-09 -2.96836919e-08 -1.09087253e-07
      -3.22294454e-07 -7.28434088e-07 -1.40072439e-06 -2.24413952e-06
      -3.17457580e-06 -3.82646294e-06 -4.13192947e-06 -4.04077855e-06
      -3.59221349e-06 -3.01246723e-06 -2.41913608e-06 -1.79960853e-06
      -1.20738855e-06 -7.30336069e-07 -3.90235471e-07 -1.90731697e-07
      -8.56816769e-08 -3.22209068e-08 -7.20223525e-09 -8.15896739e-10
      -4.02399808e-10 0. 0. 0. 0. -1.49521992e-10 -8.26825364e-09
      -3.78758109e-08 -1.24603204e-07 -2.77330884e-07 -5.35444826e-07
      -8.11539167e-07 -1.12020234e-06 -1.38153325e-06 -1.49025243e-06
      -1.44919136e-06 -1.29081752e-06 -1.03205321e-06 -8.21462038e-07
      -6.03455817e-07 -3.96226767e-07 -2.34415694e-07 -1.25292758e-07
      -5.56065274e-08 -1.76203798e-08 -3.78582588e-09 -1.19099675e-10
      -2.28814315e-10 0. 0. 0. 0. 0. 0. -5.86972915e-10 -3.62211638e-09
      -9.71318848e-09 -2.08118482e-08 -2.97766256e-08 -4.56384370e-08
      -7.82450940e-08 -1.00164463e-07 -1.22756873e-07 -1.38035887e-07
      -1.61007620e-07 -1.38821278e-07 -1.13342402e-07 -8.09026801e-08
      -4.71982737e-08 -2.08071960e-08 -1.07090425e-08 -4.56794957e-09
      -3.62851904e-09 -4.83145635e-10 0. 0. 0. 0. -1.82417921e-07 0. 0.
      0. 0. 0. 0. 0. 0. 0. 0. 0. 0. -4.15010193e-10 -5.98946864e-11
      9.44590517e-10 3.93579370e-11 0. 0. 0. 0. 0. 0. 0. 0. 0. 0. 0. 0.
      0. 0. 0. 0. -6.19123780e-11 -2.13163348e-10 -2.18497997e-09
      -5.56550672e-09 -7.93434651e-09 -1.20517321e-08 -2.30677859e-08
      -3.16596456e-08 -3.74684355e-08 -3.68359423e-08 -3.52825005e-08
      -3.15681739e-08 -2.71524065e-08 -2.88279765e-08 -2.27095214e-08
      -1.66318426e-08 -1.25480888e-08 -4.95650410e-09 -2.34658537e-09
      -8.29508018e-10 0. 0. 0. 0. 0. 0. -2.42197540e-10 -1.62648006e-10
      -1.60971558e-09 -8.92539098e-10 -7.17839654e-09 -1.96001029e-08
      -3.14591411e-08 -5.70636409e-08 -1.11816199e-07 -1.73861778e-07
      -2.75970763e-07 -4.09451076e-07 -5.43593615e-07 -6.42301870e-07
      -7.07538732e-07 -6.83351516e-07 -5.96871473e-07 -4.50432424e-07
      -2.70331412e-07 -1.44476033e-07 -6.84498644e-08 -1.98684500e-08
      -5.21933963e-09 -5.95627714e-10 0. 0. 0. 0. -6.47785769e-10
      -1.21717714e-09 -2.08321715e-09 -2.74054779e-09 2.63310396e-09
      9.16842779e-09 3.81919136e-08 6.63869244e-08 5.14195833e-08
      9.64911884e-09 -1.01279362e-07 -3.33076656e-07 -7.04580941e-07
      -1.04146159e-06 -1.25869531e-06 -1.36322137e-06 -1.29495243e-06
      -1.03738535e-06 -6.97194992e-07 -4.14805129e-07 -2.11487333e-07
      -8.99104080e-08 -3.51672043e-08 -5.05688025e-09 -6.53045340e-10 0.
      0. -1.45905399e-10 -6.80322521e-10 -2.17641460e-09 -8.42018721e-09
      -1.44201353e-08 -1.66524003e-08 -2.80294934e-08 -5.09228890e-08
      -1.45589510e-07 -4.04362538e-07 -8.13007034e-07 -1.57405702e-06
      -2.68939402e-06 -3.83770930e-06 -4.69106999e-06 -4.95551103e-06
      -4.77716776e-06 -4.14959959e-06 -3.26763143e-06 -2.29865395e-06
      -1.48819311e-06 -8.88979343e-07 -4.69435520e-07 -1.96891762e-07
      -4.63058498e-08 -6.89438862e-09 -4.84242868e-10 0. 0.
      -1.41234890e-09 -1.12534089e-08 -5.28359934e-08 -1.31262439e-07
      -2.53906308e-07 -4.47601138e-07 -8.36099332e-07 -1.57277873e-06
      -2.68228450e-06 -4.34377989e-06 -6.66767892e-06 -9.30531951e-06
      -1.14739150e-05 -1.26987343e-05 -1.27999656e-05 -1.17652999e-05
      -1.00295674e-05 -7.90993636e-06 -5.71693408e-06 -3.83741963e-06
      -2.42947226e-06 -1.44907199e-06 -6.85906912e-07 -1.93357408e-07
      -3.28781944e-08 -1.11580567e-09 0. -4.26268465e-11 -5.75499071e-09
      -4.29395257e-08 -1.75392785e-07 -3.94550682e-07 -7.53232541e-07
      -1.37274526e-06 -2.50542826e-06 -4.27982286e-06 -6.72126816e-06
      -9.78293338e-06 -1.33295889e-05 -1.68170136e-05 -1.94100030e-05
      -2.05518518e-05 -2.00869472e-05 -1.83915072e-05 -1.58494186e-05
      -1.26021650e-05 -9.32103922e-06 -6.38437632e-06 -4.11245401e-06
      -2.48317110e-06 -1.23636016e-06 -4.28863984e-07 -8.59470290e-08
      -7.07941439e-09 -1.82643470e-10 -4.60975746e-09 -2.21389520e-08
      -1.26496175e-07 -4.04460479e-07 -8.62232014e-07 -1.61722073e-06
      -2.95428458e-06 -5.08816811e-06 -8.12336202e-06 -1.18218686e-05
      -1.58844305e-05 -1.96744586e-05 -2.27389137e-05 -2.44558087e-05
      -2.48528049e-05 -2.39962537e-05 -2.22669514e-05 -1.96711662e-05
      -1.62895085e-05 -1.23280697e-05 -8.54355312e-06 -5.45928378e-06
      -3.26861823e-06 -1.61437038e-06 -5.96413543e-07 -1.18679644e-07
      -7.42002193e-09 -9.49518464e-10 -1.13649596e-08 -7.37273353e-08
      -2.90793849e-07 -7.20668254e-07 -1.40099087e-06 -2.58672799e-06
      -4.73347336e-06 -7.93832351e-06 -1.21566100e-05 -1.67262406e-05
      -2.07150097e-05 -2.33033661e-05 -2.43783834e-05 -2.42571114e-05
      -2.36636515e-05 -2.28950921e-05 -2.18780933e-05 -2.03546570e-05
      -1.75999630e-05 -1.37493698e-05 -9.72915586e-06 -6.17726619e-06
      -3.49311995e-06 -1.65323831e-06 -6.04087859e-07 -1.11898636e-07
      -6.34748609e-09 -1.15994558e-09 -1.86938536e-08 -1.16519871e-07
      -3.81299316e-07 -8.92055425e-07 -1.76603680e-06 -3.42812496e-06
      -6.32717320e-06 -1.05220915e-05 -1.55435409e-05 -2.00705545e-05
      -2.27402361e-05 -2.30108944e-05 -2.17427296e-05 -2.03593372e-05
      -1.96645360e-05 -1.94716195e-05 -1.96184938e-05 -1.91627823e-05
      -1.71076208e-05 -1.36027866e-05 -9.67187407e-06 -6.10903226e-06
      -3.27138468e-06 -1.36858455e-06 -4.39899623e-07 -8.12400245e-08
      -6.62844224e-09 -1.59161395e-09 -2.32468089e-08 -1.20783156e-07
      -3.72725367e-07 -9.02183842e-07 -1.92088487e-06 -3.98614338e-06
      -7.54853863e-06 -1.24621074e-05 -1.77041238e-05 -2.14735028e-05
      -2.22360832e-05 -2.02806350e-05 -1.78274131e-05 -1.66131067e-05
      -1.66694481e-05 -1.71312586e-05 -1.80524839e-05 -1.79741510e-05
      -1.59770916e-05 -1.25323768e-05 -8.84045403e-06 -5.57126668e-06
      -2.86599015e-06 -1.04120704e-06 -2.61157481e-07 -4.86989293e-08
      -4.36970637e-09 -1.41421286e-09 -1.80861051e-08 -9.85319843e-08
      -2.88735976e-07 -7.80025516e-07 -1.98138241e-06 -4.46177592e-06
      -8.63378773e-06 -1.40651628e-05 -1.92474945e-05 -2.18814130e-05
      -2.10311719e-05 -1.80249135e-05 -1.59208575e-05 -1.58609637e-05
      -1.65362562e-05 -1.74904617e-05 -1.84895725e-05 -1.77987931e-05
      -1.49562547e-05 -1.12491398e-05 -7.83803989e-06 -5.06256492e-06
      -2.70073338e-06 -8.84949600e-07 -1.26365180e-07 -2.71716267e-08
      -1.92283522e-09 -8.96993035e-10 -1.03385167e-08 -5.67919756e-08
      -2.01211847e-07 -6.71755572e-07 -2.09626455e-06 -5.04350146e-06
      -9.72878479e-06 -1.54243153e-05 -2.02120136e-05 -2.19064550e-05
      -2.02368428e-05 -1.74140932e-05 -1.68393635e-05 -1.81340474e-05
      -1.94224067e-05 -2.04818716e-05 -2.05695251e-05 -1.83669836e-05
      -1.43431344e-05 -1.02884542e-05 -7.26655253e-06 -4.87900797e-06
      -2.76555215e-06 -9.26380835e-07 -7.00093992e-08 -9.71995373e-09
      -1.68280390e-09 -1.28454608e-10 -4.32008607e-09 -2.83957657e-08
      -1.36926900e-07 -6.50172638e-07 -2.36739879e-06 -5.68385030e-06
      -1.05816234e-05 -1.61150638e-05 -2.02587416e-05 -2.11698934e-05
      -1.94368004e-05 -1.79458129e-05 -1.95177090e-05 -2.17633769e-05
      -2.34106374e-05 -2.36234009e-05 -2.24914911e-05 -1.90770716e-05
      -1.42279478e-05 -1.01075075e-05 -7.36636139e-06 -5.04150239e-06
      -2.93515632e-06 -1.04729952e-06 -6.95259672e-08 4.03601330e-09
      2.06704298e-09 -4.43068804e-10 -1.94941951e-09 -1.27236017e-08
      -1.00890247e-07 -6.64509912e-07 -2.67698442e-06 -6.11488304e-06
      -1.07355809e-05 -1.55707221e-05 -1.88371705e-05 -1.92810621e-05
      -1.81583582e-05 -1.84456840e-05 -2.16694461e-05 -2.42389324e-05
      -2.55401901e-05 -2.45704032e-05 -2.28509434e-05 -1.91012095e-05
      -1.44874502e-05 -1.07343394e-05 -7.91013190e-06 -5.36886819e-06
      -3.04938453e-06 -1.09980942e-06 -7.63849926e-08 1.78632469e-08
      5.83220916e-10 -1.72639403e-10 -9.11242304e-10 -9.68569314e-09
      -8.80820323e-08 -6.77818662e-07 -2.81734970e-06 -5.98669794e-06
      -9.79753895e-06 -1.35753862e-05 -1.59834508e-05 -1.63926634e-05
      -1.61612916e-05 -1.77754027e-05 -2.12200594e-05 -2.36256983e-05
      -2.42475326e-05 -2.29215111e-05 -2.14266038e-05 -1.82363219e-05
      -1.45826916e-05 -1.13161495e-05 -8.27586700e-06 -5.42006546e-06
      -2.85801343e-06 -9.45513193e-07 -4.59759057e-08 2.74980465e-08
      2.80697332e-09 -1.57507327e-10 -9.28836674e-10 -1.28256730e-08
      -6.82755754e-08 -6.39259270e-07 -2.66792222e-06 -5.23254948e-06
      -8.05966283e-06 -1.07014075e-05 -1.23811269e-05 -1.29198561e-05
      -1.34329221e-05 -1.53581004e-05 -1.82742297e-05 -2.06187251e-05
      -2.10749768e-05 -2.02873871e-05 -1.91848758e-05 -1.69399627e-05
      -1.42064255e-05 -1.11887794e-05 -7.86399323e-06 -4.78949096e-06
      -2.24524160e-06 -5.96061682e-07 6.32880415e-08 3.84011614e-08
      3.04886472e-09 0. -1.69393144e-09 -1.78396302e-08 -3.55354075e-08
      -5.80469759e-07 -2.32635512e-06 -4.28171643e-06 -6.33997934e-06
      -8.14438317e-06 -9.45258489e-06 -1.01688456e-05 -1.09217035e-05
      -1.24482331e-05 -1.49966982e-05 -1.74899160e-05 -1.84793607e-05
      -1.84368673e-05 -1.76282556e-05 -1.59817773e-05 -1.35111950e-05
      -1.02522899e-05 -6.69044312e-06 -3.60610647e-06 -1.34857396e-06
      -1.03125821e-07 1.94222054e-07 4.51783855e-08 1.30508737e-09
      -4.47531012e-10 -1.23285326e-09 -3.31762386e-08 -3.36187362e-08
      -5.34774756e-07 -2.00575960e-06 -3.72472641e-06 -5.45682724e-06
      -6.98460963e-06 -8.19929392e-06 -9.01633666e-06 -9.76838874e-06
      -1.09702778e-05 -1.36133767e-05 -1.64161738e-05 -1.80638981e-05
      -1.83476150e-05 -1.75351361e-05 -1.56014194e-05 -1.24732778e-05
      -8.62086290e-06 -4.95323184e-06 -2.18683726e-06 -3.77037338e-07
      3.32660022e-07 2.48625128e-07 3.27429959e-08 1.16188059e-09
      -5.93084748e-11 -2.84726820e-09 -5.20141228e-08 -5.47886465e-08
      -5.14076248e-07 -1.91681738e-06 -3.65652272e-06 -5.47724130e-06
      -7.13571808e-06 -8.54888549e-06 -9.71153167e-06 -1.06463367e-05
      -1.23767113e-05 -1.52806078e-05 -1.82616805e-05 -1.99066817e-05
      -1.98407324e-05 -1.82054318e-05 -1.50234173e-05 -1.07854439e-05
      -6.53587722e-06 -3.12418661e-06 -8.55786936e-07 3.27037810e-07
      5.20245806e-07 2.38945233e-07 3.40384716e-08 4.58367871e-10 0.
      -3.44582096e-09 -5.36084848e-08 -8.52568505e-08 -4.44800861e-07
      -1.77352103e-06 -3.73079820e-06 -5.96101199e-06 -8.12211056e-06
      -1.01437327e-05 -1.20869518e-05 -1.39663753e-05 -1.65256115e-05
      -1.97060544e-05 -2.21720256e-05 -2.28344725e-05 -2.13594849e-05
      -1.81126288e-05 -1.34976472e-05 -8.54154587e-06 -4.42965529e-06
      -1.56249598e-06 1.30071953e-10 5.73516161e-07 4.87852105e-07
      1.63866503e-07 2.29019435e-08 -3.99239863e-10 -1.25691554e-10
      -1.41188861e-09 -4.05398666e-08 -9.29665731e-08 -3.67338828e-07
      -1.49194773e-06 -3.55438351e-06 -6.25176790e-06 -9.20592993e-06
      -1.22364927e-05 -1.53397486e-05 -1.84423934e-05 -2.15739674e-05
      -2.42891765e-05 -2.53909147e-05 -2.42514288e-05 -2.09706923e-05
      -1.61679909e-05 -1.08395816e-05 -6.15482986e-06 -2.72657871e-06
      -6.50010861e-07 2.72032537e-07 4.81241500e-07 3.19795618e-07
      9.15420912e-08 6.67965061e-09 -1.46157197e-10 -1.21763696e-10
      -2.30968106e-10 -2.96160572e-08 -8.79442794e-08 -3.08043980e-07
      -1.11585359e-06 -2.90753474e-06 -5.65742494e-06 -9.28317968e-06
      -1.33151589e-05 -1.74413726e-05 -2.11034167e-05 -2.39706569e-05
      -2.53552498e-05 -2.48231790e-05 -2.20437068e-05 -1.76181347e-05
      -1.25693541e-05 -7.76176239e-06 -4.06955314e-06 -1.66012228e-06
      -3.38618207e-07 1.63177589e-07 2.37685612e-07 1.35119933e-07
      2.69225460e-08 -9.05712561e-10 -2.69828659e-10 0. 0.
      -1.38226399e-08 -6.18620604e-08 -2.39172380e-07 -7.35804292e-07
      -1.96057385e-06 -4.21033201e-06 -7.53806671e-06 -1.15820885e-05
      -1.57729846e-05 -1.93317555e-05 -2.13558142e-05 -2.15042455e-05
      -1.97301415e-05 -1.64063549e-05 -1.22848160e-05 -8.30328372e-06
      -4.93111565e-06 -2.61987248e-06 -1.17405432e-06 -3.67818416e-07
      -6.31747596e-08 1.40308778e-08 8.57339089e-09 1.06718745e-09
      -1.52608814e-09 0. 0. 0. -3.67647957e-09 -2.75606205e-08
      -1.16217592e-07 -3.38670873e-07 -9.04923013e-07 -1.99303622e-06
      -3.72249337e-06 -6.05057812e-06 -8.57270697e-06 -1.06160642e-05
      -1.16559650e-05 -1.15162984e-05 -1.02593976e-05 -8.28443444e-06
      -6.15485897e-06 -4.25163944e-06 -2.65400740e-06 -1.54738814e-06
      -8.07947686e-07 -3.65834921e-07 -1.44459094e-07 -5.68921514e-08
      -6.76774370e-09 9.28164434e-10 3.63925834e-10 0. 0. 0.
      -3.64012931e-10 -4.16873291e-09 -2.98338847e-08 -1.10344516e-07
      -3.23575108e-07 -7.32899082e-07 -1.41717942e-06 -2.26813131e-06
      -3.19871924e-06 -3.85427529e-06 -4.17329420e-06 -4.09696349e-06
      -3.63962135e-06 -3.02165222e-06 -2.41792532e-06 -1.79354379e-06
      -1.20017069e-06 -7.24717665e-07 -3.83494182e-07 -1.85513642e-07
      -8.35947631e-08 -3.21160876e-08 -7.11138304e-09 -9.76068809e-11
      4.61611194e-10 0. 0. 0. 0. -1.49776275e-10 -8.30123170e-09
      -3.80508318e-08 -1.25188961e-07 -2.78589027e-07 -5.37707535e-07
      -8.14770317e-07 -1.12517648e-06 -1.38727285e-06 -1.49619143e-06
      -1.45517458e-06 -1.29713885e-06 -1.03879347e-06 -8.26502514e-07
      -6.06995229e-07 -3.98708721e-07 -2.36022828e-07 -1.26210494e-07
      -5.59920394e-08 -1.77286008e-08 -3.80994347e-09 -1.20241456e-10
      -2.29930019e-10 0. 0. 0. 0. 0. 0. -5.89288063e-10 -3.63625396e-09
      -9.75145475e-09 -2.08924824e-08 -2.98948528e-08 -4.58203147e-08
      -7.85328567e-08 -1.00548903e-07 -1.23252875e-07 -1.38612364e-07
      -1.61744339e-07 -1.39517269e-07 -1.13934973e-07 -8.13239964e-08
      -4.74463597e-08 -2.09257003e-08 -1.07726077e-08 -4.59111194e-09
      -3.64584518e-09 -4.85296470e-10 0. 0. 0. 0. -1.81097903e-07 0. 0.
      0. 0. 0. 0. 0. 0. 0. 0. 0. 0. -4.97043906e-10 -1.85075022e-09
      -8.48400128e-10 -3.53500076e-11 0. 0. 0. 0. 0. 0. 0. 0. 0. 0. 0.
      0. 0. 0. 0. 0. -6.15290180e-11 -2.11845236e-10 -2.17430829e-09
      -5.66950664e-09 -1.02019877e-08 -1.49211168e-08 -2.79563679e-08
      -3.73870819e-08 -4.05070431e-08 -4.12744967e-08 -4.41127312e-08
      -4.05986711e-08 -4.36000214e-08 -3.57058916e-08 -2.31734862e-08
      -1.65506027e-08 -1.24922606e-08 -4.93143748e-09 -2.33315833e-09
      -8.25193469e-10 0. 0. 0. 0. 0. 0. -2.41628884e-10 -1.61836766e-10
      -1.60128089e-09 -1.26190258e-09 -1.09284670e-08 -3.22190310e-08
      -6.13429663e-08 -1.17523442e-07 -2.00365548e-07 -2.96697948e-07
      -4.30236526e-07 -5.82380096e-07 -7.36519155e-07 -8.34633227e-07
      -8.55728388e-07 -7.78704589e-07 -6.44144507e-07 -4.70389750e-07
      -2.76563412e-07 -1.45696745e-07 -6.82527244e-08 -2.17132161e-08
      -8.07921019e-09 -1.95856620e-09 0. 0. 0. 0. -7.37518047e-10
      -1.33670341e-09 -2.57451971e-09 -9.76564429e-09 -3.90421491e-08
      -1.07701851e-07 -2.28488261e-07 -4.39708202e-07 -7.19449304e-07
      -1.05494041e-06 -1.43860200e-06 -1.92474204e-06 -2.40622967e-06
      -2.73876094e-06 -2.75471530e-06 -2.50118842e-06 -2.04822209e-06
      -1.48985612e-06 -9.13518306e-07 -5.04505124e-07 -2.40276904e-07
      -9.53611590e-08 -3.74596780e-08 -6.40026077e-09 -6.51453391e-10 0.
      0. 1.69929737e-10 -7.85986221e-10 -1.27270294e-09 -5.55468671e-10
      -1.96417194e-08 -6.38816573e-08 -1.68519293e-07 -3.84836483e-07
      -7.68678206e-07 -1.29568616e-06 -2.11937095e-06 -3.37733763e-06
      -4.93732023e-06 -6.42400391e-06 -7.38992276e-06 -7.64625929e-06
      -7.06623086e-06 -5.85273119e-06 -4.44561692e-06 -2.99562907e-06
      -1.82624876e-06 -9.91103207e-07 -4.89125512e-07 -1.99842674e-07
      -4.81399240e-08 -6.89678537e-09 -4.83431684e-10 0. 0.
      -1.63106084e-09 5.04679987e-09 2.41069351e-08 2.35897542e-08
      -3.62074601e-08 -2.06767368e-07 -5.80783194e-07 -1.26150451e-06
      -2.29838065e-06 -3.96363248e-06 -6.33151467e-06 -9.05996058e-06
      -1.15323792e-05 -1.31256220e-05 -1.36303988e-05 -1.30001135e-05
      -1.12101461e-05 -8.81837059e-06 -6.38287747e-06 -4.25519102e-06
      -2.63458901e-06 -1.48694767e-06 -6.88846171e-07 -1.95798322e-07
      -3.29219745e-08 -1.11587828e-09 0. 4.88260612e-11 -2.53053711e-09
      2.39999185e-08 5.93048739e-08 1.75643144e-08 -1.55458338e-07
      -5.98435918e-07 -1.42600607e-06 -2.94824508e-06 -5.17030549e-06
      -8.17574073e-06 -1.16532829e-05 -1.50592523e-05 -1.76254307e-05
      -1.89240563e-05 -1.88820304e-05 -1.78875416e-05 -1.58872717e-05
      -1.28678603e-05 -9.64550782e-06 -6.70141526e-06 -4.34195499e-06
      -2.53346775e-06 -1.23426059e-06 -4.30127301e-07 -8.66110383e-08
      -7.08226278e-09 -1.83008844e-10 -3.98023337e-10 -1.95118623e-08
      -1.23953798e-08 -4.38638743e-08 -2.95255120e-07 -8.77752200e-07
      -2.05033598e-06 -3.99237661e-06 -6.88263935e-06 -1.05975723e-05
      -1.47803821e-05 -1.85861809e-05 -2.15133550e-05 -2.29750440e-05
      -2.30754868e-05 -2.22946055e-05 -2.11306415e-05 -1.92736006e-05
      -1.62540491e-05 -1.25072038e-05 -8.87438091e-06 -5.76783759e-06
      -3.35016148e-06 -1.61131584e-06 -5.98949612e-07 -1.19165165e-07
      -7.41967954e-09 -9.49729517e-10 -1.03235891e-08 -7.05578387e-08
      -1.52370689e-07 -3.39824851e-07 -9.42610711e-07 -2.14498323e-06
      -4.31339276e-06 -7.57531689e-06 -1.18642683e-05 -1.66615137e-05
      -2.08215115e-05 -2.34299787e-05 -2.42440728e-05 -2.36408323e-05
      -2.24078412e-05 -2.13898638e-05 -2.07941703e-05 -1.99635288e-05
      -1.77143029e-05 -1.41398978e-05 -1.02110853e-05 -6.55969143e-06
      -3.61678576e-06 -1.65282586e-06 -6.05017306e-07 -1.11900739e-07
      -6.34428421e-09 -1.16177967e-09 -1.69892012e-08 -1.11823013e-07
      -2.82810447e-07 -6.52449216e-07 -1.55983616e-06 -3.35683762e-06
      -6.42075247e-06 -1.07779215e-05 -1.59704869e-05 -2.06821042e-05
      -2.33382707e-05 -2.32954044e-05 -2.14438078e-05 -1.91282670e-05
      -1.76106842e-05 -1.72940890e-05 -1.81847117e-05 -1.89045804e-05
      -1.77576021e-05 -1.45182257e-05 -1.05266972e-05 -6.63500805e-06
      -3.42346857e-06 -1.37459858e-06 -4.39818223e-07 -8.17897075e-08
      -6.62177779e-09 -1.59420388e-09 -2.24394192e-08 -1.17171680e-07
      -3.02970420e-07 -7.80045013e-07 -1.90920446e-06 -4.16675721e-06
      -7.83393261e-06 -1.28746415e-05 -1.81731230e-05 -2.18080277e-05
      -2.20976854e-05 -1.92780171e-05 -1.56027490e-05 -1.32050627e-05
      -1.27253470e-05 -1.38117202e-05 -1.64071134e-05 -1.82725926e-05
      -1.75021269e-05 -1.41571527e-05 -1.00617326e-05 -6.20094806e-06
      -3.03609568e-06 -1.05901449e-06 -2.65088659e-07 -5.16317442e-08
      -4.36105951e-09 -1.41669687e-09 -1.74992945e-08 -9.40151139e-08
      -2.48980655e-07 -7.33139075e-07 -2.02514661e-06 -4.61428226e-06
      -8.80947027e-06 -1.41731034e-05 -1.90406863e-05 -2.08954189e-05
      -1.87916685e-05 -1.42034205e-05 -1.06192001e-05 -9.78455319e-06
      -1.09473367e-05 -1.36817525e-05 -1.72452874e-05 -1.89545244e-05
      -1.72871187e-05 -1.33561516e-05 -9.19007834e-06 -5.66619883e-06
      -2.86219961e-06 -9.17438967e-07 -1.38512874e-07 -2.88307511e-08
      -1.92020289e-09 -8.98530972e-10 -1.02630633e-08 -5.63283820e-08
      -1.85635727e-07 -6.59656848e-07 -2.11766974e-06 -5.08459698e-06
      -9.67042251e-06 -1.49929565e-05 -1.88185404e-05 -1.89062921e-05
      -1.53117180e-05 -1.07873748e-05 -9.24414508e-06 -1.07450796e-05
      -1.35270957e-05 -1.69031191e-05 -1.97460304e-05 -1.97971112e-05
      -1.66239752e-05 -1.21929497e-05 -8.35079209e-06 -5.33698585e-06
      -2.90318030e-06 -9.86819032e-07 -1.00688474e-07 -1.85016322e-08
      -2.38881803e-09 -1.28551947e-10 -4.33097025e-09 -2.88853137e-08
      -1.33638594e-07 -6.43785825e-07 -2.38671373e-06 -5.70375232e-06
      -1.04351893e-05 -1.53288565e-05 -1.81363084e-05 -1.71682295e-05
      -1.36214039e-05 -1.09498014e-05 -1.24849585e-05 -1.57240593e-05
      -1.89754337e-05 -2.09870595e-05 -2.16163717e-05 -1.94368840e-05
      -1.51885542e-05 -1.09665243e-05 -7.85602333e-06 -5.31250589e-06
      -3.09774941e-06 -1.17090053e-06 -1.34527468e-07 -1.94426839e-08
      -2.59583155e-09 -4.46024440e-10 -6.20278162e-10 -1.20020900e-08
      -9.98205678e-08 -6.75622232e-07 -2.76249239e-06 -6.36076675e-06
      -1.10108267e-05 -1.54128884e-05 -1.76434387e-05 -1.68112256e-05
      -1.47034716e-05 -1.47293076e-05 -1.85550452e-05 -2.20471957e-05
      -2.42830865e-05 -2.36824453e-05 -2.18341993e-05 -1.79395211e-05
      -1.34647453e-05 -1.01248597e-05 -7.67550955e-06 -5.43810165e-06
      -3.26355303e-06 -1.30775925e-06 -1.89360833e-07 -2.16683205e-08
      -5.24959687e-10 -1.73728421e-10 9.71609682e-10 -1.23226918e-09
      -8.74032082e-08 -7.42297573e-07 -3.16353908e-06 -6.86634758e-06
      -1.12202688e-05 -1.52105677e-05 -1.74130728e-05 -1.74735887e-05
      -1.72135569e-05 -1.93307715e-05 -2.35454245e-05 -2.64037135e-05
      -2.68111780e-05 -2.42825918e-05 -2.09007158e-05 -1.60999007e-05
      -1.20376035e-05 -9.51494621e-06 -7.51640437e-06 -5.39598568e-06
      -3.21745642e-06 -1.31899071e-06 -2.49673917e-07 -3.28022161e-08
      -2.55569099e-09 -1.58200147e-10 7.29298011e-10 1.12248228e-08
      -5.26044204e-08 -8.33563206e-07 -3.50567848e-06 -7.10851964e-06
      -1.09426819e-05 -1.44006535e-05 -1.65966921e-05 -1.75165478e-05
      -1.85384215e-05 -2.11979204e-05 -2.46042946e-05 -2.68292206e-05
      -2.63162656e-05 -2.34665331e-05 -1.93738524e-05 -1.46636239e-05
      -1.12322678e-05 -9.10229937e-06 -7.11447774e-06 -5.02484181e-06
      -2.93158473e-06 -1.24833969e-06 -2.97666162e-07 -4.45192185e-08
      -2.90469027e-09 0. 3.51908724e-10 1.73581984e-08 -2.13833644e-08
      -9.52773462e-07 -3.68637757e-06 -7.02800844e-06 -1.03152879e-05
      -1.30847548e-05 -1.51161094e-05 -1.63735349e-05 -1.77923957e-05
      -1.98627367e-05 -2.26831271e-05 -2.48293745e-05 -2.45209576e-05
      -2.21015907e-05 -1.81909581e-05 -1.41538312e-05 -1.10624997e-05
      -8.82391032e-06 -6.52625613e-06 -4.38833558e-06 -2.51205142e-06
      -1.13901785e-06 -3.27563754e-07 -4.89806666e-08 -2.10764384e-09
      -4.48663440e-10 8.69030403e-10 3.32150449e-08 1.14610401e-08
      -9.87760018e-07 -3.60228614e-06 -6.72800206e-06 -9.70957262e-06
      -1.21287158e-05 -1.41519176e-05 -1.56946098e-05 -1.69862851e-05
      -1.86059679e-05 -2.13111907e-05 -2.34809559e-05 -2.35534390e-05
      -2.14079537e-05 -1.79518211e-05 -1.42961035e-05 -1.09830326e-05
      -8.28301381e-06 -5.80408368e-06 -3.78593131e-06 -2.18830974e-06
      -1.01360581e-06 -2.99960845e-07 -3.58920040e-08 -2.88637203e-09
      -5.92388638e-11 4.65829930e-10 5.31871578e-08 5.45751675e-08
      -8.52476774e-07 -3.19532683e-06 -6.24280983e-06 -9.30808710e-06
      -1.20091117e-05 -1.43977595e-05 -1.63274217e-05 -1.77813308e-05
      -1.95904249e-05 -2.19941867e-05 -2.37372806e-05 -2.34763520e-05
      -2.10885282e-05 -1.75858222e-05 -1.37975330e-05 -1.01943933e-05
      -7.28187388e-06 -4.91517812e-06 -3.12707311e-06 -1.79525978e-06
      -8.09069320e-07 -2.46756684e-07 -3.41609798e-08 -1.61626446e-09 0.
      2.49311394e-09 5.90056288e-08 1.08750903e-07 -5.37044798e-07
      -2.39122596e-06 -5.35460003e-06 -8.60427099e-06 -1.17932823e-05
      -1.48252493e-05 -1.74086726e-05 -1.95030334e-05 -2.15861237e-05
      -2.35289790e-05 -2.42025690e-05 -2.28757344e-05 -1.97794816e-05
      -1.59407973e-05 -1.20125860e-05 -8.52657467e-06 -5.78620075e-06
      -3.77368451e-06 -2.35173798e-06 -1.32445064e-06 -6.08956384e-07
      -1.72622407e-07 -2.52268073e-08 -4.00068395e-10 -1.25681215e-10
      1.76100401e-09 4.82215725e-08 1.16758301e-07 -2.16226738e-07
      -1.46866500e-06 -3.82137750e-06 -6.93799620e-06 -1.03328739e-05
      -1.38279393e-05 -1.69772466e-05 -1.97360787e-05 -2.19196718e-05
      -2.31685153e-05 -2.27007058e-05 -2.03424024e-05 -1.67439102e-05
      -1.28046031e-05 -9.17561738e-06 -6.29401984e-06 -4.13475800e-06
      -2.60642719e-06 -1.58602188e-06 -8.74805551e-07 -3.87482316e-07
      -1.02212340e-07 -1.33505971e-08 -1.46545484e-10 -1.21753677e-10
      1.75862838e-10 3.59355319e-08 1.04908182e-07 4.89306693e-08
      -6.14347016e-07 -2.09113955e-06 -4.45293927e-06 -7.56181362e-06
      -1.09070443e-05 -1.42784902e-05 -1.70381918e-05 -1.89393359e-05
      -1.94425520e-05 -1.84513410e-05 -1.58792227e-05 -1.25719562e-05
      -9.25800214e-06 -6.37729272e-06 -4.20242031e-06 -2.67037967e-06
      -1.63018717e-06 -9.48511456e-07 -4.90754019e-07 -1.91641973e-07
      -4.35700898e-08 -4.03841272e-09 -2.70545503e-10 0. 0.
      1.57607953e-08 6.73970604e-08 1.16075213e-07 -6.92432423e-08
      -7.27961890e-07 -2.15336809e-06 -4.39862924e-06 -7.22581171e-06
      -1.02319082e-05 -1.28388128e-05 -1.43827783e-05 -1.45496115e-05
      -1.34835973e-05 -1.13286178e-05 -8.72938290e-06 -6.20016181e-06
      -4.02735623e-06 -2.54838437e-06 -1.57468617e-06 -8.95451763e-07
      -4.78087600e-07 -2.22015956e-07 -6.97449778e-08 -1.32874689e-08
      -1.54884894e-09 0. 0. 0. 3.35521833e-09 2.31991208e-08
      4.93183308e-08 2.03803090e-08 -2.10798220e-07 -8.35434889e-07
      -1.95050779e-06 -3.58670786e-06 -5.49315973e-06 -7.10483846e-06
      -8.09301127e-06 -8.17936871e-06 -7.51380139e-06 -6.25222947e-06
      -4.82960877e-06 -3.50300934e-06 -2.33655624e-06 -1.46370189e-06
      -8.45188879e-07 -4.36195876e-07 -2.12906343e-07 -9.12454965e-08
      -2.36991102e-08 -5.12564435e-09 -4.51446297e-10 0. 0. 0.
      1.19090737e-10 -2.54245247e-09 -1.36078473e-08 -7.06160890e-08
      -2.38442766e-07 -5.87761804e-07 -1.17893455e-06 -1.94300810e-06
      -2.79025699e-06 -3.40757697e-06 -3.71482133e-06 -3.67397661e-06
      -3.29749491e-06 -2.76769151e-06 -2.24477662e-06 -1.69746045e-06
      -1.15201919e-06 -6.99325767e-07 -3.78708762e-07 -1.86419001e-07
      -8.35341396e-08 -3.24674509e-08 -7.25531724e-09 -8.22757640e-10
      -4.03544864e-10 0. 0. 0. 0. -1.49646046e-10 -8.14931411e-09
      -3.69174202e-08 -1.22780136e-07 -2.73408688e-07 -5.32010404e-07
      -8.07964739e-07 -1.11610655e-06 -1.37637062e-06 -1.48476522e-06
      -1.44047635e-06 -1.28649640e-06 -1.03033108e-06 -8.15017813e-07
      -5.95853408e-07 -3.89722686e-07 -2.29332159e-07 -1.21523058e-07
      -5.34514797e-08 -1.73548980e-08 -3.80650444e-09 -1.20340002e-10
      -2.29104347e-10 0. 0. 0. 0. 0. 0. -5.87622617e-10 -3.63096753e-09
      -9.73979475e-09 -2.08750102e-08 -2.98949061e-08 -4.58540370e-08
      -7.86170276e-08 -1.00688979e-07 -1.23490139e-07 -1.38959336e-07
      -1.62183198e-07 -1.39903221e-07 -1.14255499e-07 -8.15486629e-08
      -4.75736144e-08 -2.09843023e-08 -1.07869944e-08 -4.59476812e-09
      -3.64375508e-09 -4.84948304e-10 0. 0. 0. 0. -1.82702664e-07 0. 0.
      0. 0. 0. 0. 0. 0. 0. 0. 0. 0. -4.97858754e-10 -1.85519666e-09
      -8.51362814e-10 -3.54734540e-11 0. 0. 0. 0. 0. 0. 0. 0. 0. 0. 0.
      0. 0. 0. 0. 0. -6.17747103e-11 -2.12778559e-10 -2.18656915e-09
      -5.69904834e-09 -1.02372750e-08 -1.49736881e-08 -2.80625549e-08
      -3.75301212e-08 -4.06695300e-08 -4.11620107e-08 -4.26395843e-08
      -4.07131040e-08 -4.37175061e-08 -3.58039216e-08 -2.32391315e-08
      -1.65803140e-08 -1.25072530e-08 -4.94145613e-09 -2.34257547e-09
      -8.29746993e-10 0. 0. 0. 0. 0. 0. -2.41463100e-10 -1.62476893e-10
      -1.60374425e-09 -1.26251076e-09 -1.09499450e-08 -3.22838005e-08
      -6.14393940e-08 -1.17666914e-07 -2.01609765e-07 -2.99737991e-07
      -4.32666923e-07 -5.81298991e-07 -7.34432206e-07 -8.34255218e-07
      -8.55499707e-07 -7.79387278e-07 -6.45899604e-07 -4.67747554e-07
      -2.73887736e-07 -1.44143613e-07 -6.66811815e-08 -2.17116938e-08
      -8.08056644e-09 -1.96062833e-09 0. 0. 0. 0. -7.36113170e-10
      -1.33794775e-09 -2.77715695e-09 -1.60527662e-08 -4.86967515e-08
      -1.24024652e-07 -2.63443809e-07 -5.05907678e-07 -8.26269741e-07
      -1.23701670e-06 -1.69297812e-06 -2.21636401e-06 -2.70876831e-06
      -3.00973056e-06 -2.97852944e-06 -2.68078270e-06 -2.15230853e-06
      -1.51754148e-06 -8.90066019e-07 -4.57871067e-07 -2.02512723e-07
      -7.16116944e-08 -3.01842533e-08 -5.52298474e-09 -6.49393539e-10 0.
      0. -1.44911166e-10 -1.20436439e-09 -3.29201533e-09 -1.43393226e-08
      -8.03135549e-08 -2.19652236e-07 -5.16892669e-07 -1.02562944e-06
      -1.83048257e-06 -2.93079734e-06 -4.30334330e-06 -6.01205375e-06
      -7.91261664e-06 -9.43288796e-06 -1.01856504e-05 -9.88128158e-06
      -8.59566444e-06 -6.71168709e-06 -4.69432871e-06 -2.79370283e-06
      -1.47352182e-06 -6.57038981e-07 -2.56668955e-07 -1.09895637e-07
      -3.36441843e-08 -5.51003732e-09 -4.82937579e-10 0. 0.
      -2.37321185e-09 -1.28890028e-08 -6.90305484e-08 -2.64763884e-07
      -6.69490817e-07 -1.40639418e-06 -2.58780938e-06 -4.23167739e-06
      -6.42853502e-06 -9.22989329e-06 -1.25668521e-05 -1.60845848e-05
      -1.87605474e-05 -1.99911974e-05 -1.92990719e-05 -1.68894912e-05
      -1.32720306e-05 -9.46444288e-06 -6.00754538e-06 -3.35619188e-06
      -1.62090851e-06 -7.16795057e-07 -3.48682249e-07 -1.30204242e-07
      -2.99250758e-08 -1.11337717e-09 0. -4.23759153e-11 -6.41763043e-09
      -4.31494769e-08 -1.96395050e-07 -5.94969038e-07 -1.37884888e-06
      -2.67557289e-06 -4.58707291e-06 -7.07846721e-06 -1.02642098e-05
      -1.41524906e-05 -1.83987468e-05 -2.26096308e-05 -2.58068794e-05
      -2.71280514e-05 -2.61060959e-05 -2.31020931e-05 -1.87876394e-05
      -1.38250671e-05 -9.32942930e-06 -5.59570572e-06 -2.94856432e-06
      -1.43202124e-06 -7.20782396e-07 -3.19798659e-07 -7.31821359e-08
      -7.07390502e-09 -1.83064508e-10 -4.60342520e-09 -2.53514578e-08
      -1.21246430e-07 -4.39236032e-07 -1.10377209e-06 -2.34995787e-06
      -4.18657964e-06 -6.70538338e-06 -9.92004516e-06 -1.38321075e-05
      -1.82778276e-05 -2.25030053e-05 -2.61601053e-05 -2.86282575e-05
      -2.94119309e-05 -2.83118588e-05 -2.56262138e-05 -2.16812987e-05
      -1.70081366e-05 -1.21321154e-05 -7.73704778e-06 -4.37096514e-06
      -2.27928240e-06 -1.14038960e-06 -4.83083852e-07 -1.03794690e-07
      -7.41304351e-09 -9.50830081e-10 -1.19505854e-08 -7.63249730e-08
      -2.80650880e-07 -7.32973547e-07 -1.62056722e-06 -3.18146249e-06
      -5.44869181e-06 -8.48430864e-06 -1.22066995e-05 -1.65342462e-05
      -2.05231245e-05 -2.35183397e-05 -2.53564540e-05 -2.62828980e-05
      -2.64090231e-05 -2.56263666e-05 -2.39199799e-05 -2.13747262e-05
      -1.77748389e-05 -1.33536505e-05 -9.01973453e-06 -5.37890901e-06
      -2.82277347e-06 -1.33078379e-06 -5.30492059e-07 -1.02310295e-07
      -6.34566799e-09 -1.16205234e-09 -1.87266487e-08 -1.18852668e-07
      -3.75594283e-07 -8.84335805e-07 -1.86222974e-06 -3.62722062e-06
      -6.16404077e-06 -9.53718609e-06 -1.35078262e-05 -1.74893266e-05
      -2.01792918e-05 -2.10902745e-05 -2.10799299e-05 -2.10991275e-05
      -2.13130188e-05 -2.11310544e-05 -2.05387350e-05 -1.92737753e-05
      -1.68445222e-05 -1.32022124e-05 -9.26340635e-06 -5.70936618e-06
      -2.94955407e-06 -1.21526784e-06 -4.03083163e-07 -7.79733398e-08
      -6.62461508e-09 -1.59442082e-09 -2.32907027e-08 -1.20132142e-07
      -3.56835699e-07 -8.22981974e-07 -1.79170456e-06 -3.61001139e-06
      -6.25487246e-06 -9.78428761e-06 -1.36301651e-05 -1.68123588e-05
      -1.80642928e-05 -1.74175548e-05 -1.67627477e-05 -1.71582833e-05
      -1.80048664e-05 -1.82208205e-05 -1.80588941e-05 -1.73461049e-05
      -1.54277768e-05 -1.22961364e-05 -8.78423998e-06 -5.52739493e-06
      -2.78864104e-06 -9.77776040e-07 -2.46336441e-07 -5.13352170e-08
      -4.36295000e-09 -1.41705125e-09 -1.80147168e-08 -9.37642000e-08
      -2.55005006e-07 -6.48328864e-07 -1.59773936e-06 -3.39906592e-06
      -6.14815326e-06 -9.70765086e-06 -1.33834728e-05 -1.58087696e-05
      -1.62761989e-05 -1.54290756e-05 -1.54130139e-05 -1.67661801e-05
      -1.79674080e-05 -1.80310308e-05 -1.76032627e-05 -1.65505426e-05
      -1.43620446e-05 -1.12840116e-05 -8.01698843e-06 -5.15111333e-06
      -2.70120972e-06 -8.76944569e-07 -1.32081936e-07 -2.75458785e-08
      -1.92144900e-09 -8.98938701e-10 -9.29915345e-09 -5.19679375e-08
      -1.55838848e-07 -4.81861150e-07 -1.44908176e-06 -3.26341228e-06
      -6.03672470e-06 -9.56292024e-06 -1.30355584e-05 -1.53643759e-05
      -1.59603696e-05 -1.57180039e-05 -1.70144049e-05 -1.94321365e-05
      -2.07543508e-05 -2.01623061e-05 -1.87702717e-05 -1.67213930e-05
      -1.37317056e-05 -1.03327802e-05 -7.34727655e-06 -4.87603938e-06
      -2.71816361e-06 -9.05505487e-07 -8.63079208e-08 -1.53536099e-08
      -2.38517694e-09 -1.28048072e-10 -2.22286833e-09 -2.63740070e-08
      -9.37906321e-08 -3.83898936e-07 -1.42061913e-06 -3.19284095e-06
      -5.81867789e-06 -9.19881404e-06 -1.25683555e-05 -1.49056759e-05
      -1.59018309e-05 -1.68262231e-05 -1.98911075e-05 -2.28465851e-05
      -2.38364155e-05 -2.21631853e-05 -1.98497219e-05 -1.69547238e-05
      -1.31399456e-05 -9.55422365e-06 -6.95107428e-06 -4.74046738e-06
      -2.77880235e-06 -1.02511785e-06 -1.06086929e-07 -1.44283163e-08
      -2.59697130e-09 -4.42888171e-10 -9.40939215e-10 -1.03960822e-08
      -4.73105786e-08 -3.14923966e-07 -1.46093225e-06 -3.11483063e-06
      -5.54035523e-06 -8.58558542e-06 -1.16553219e-05 -1.37468360e-05
      -1.49770331e-05 -1.70068197e-05 -2.13451203e-05 -2.42384485e-05
      -2.46576656e-05 -2.20600523e-05 -1.95024768e-05 -1.62908655e-05
      -1.24789221e-05 -9.31513114e-06 -6.92697722e-06 -4.75838715e-06
      -2.77097115e-06 -1.09613143e-06 -1.47737893e-07 -1.97101464e-08
      -5.22254184e-10 -1.72704864e-10 -8.57013516e-10 -7.05781655e-09
      -3.26067351e-08 -3.82346826e-07 -1.67823146e-06 -3.35903064e-06
      -5.57139265e-06 -8.12914186e-06 -1.06117532e-05 -1.22006913e-05
      -1.34310449e-05 -1.62953129e-05 -2.05479591e-05 -2.29340476e-05
      -2.25984295e-05 -1.99310416e-05 -1.78559076e-05 -1.51029117e-05
      -1.22733081e-05 -9.76962110e-06 -7.34019977e-06 -4.96898792e-06
      -2.78144216e-06 -1.10243661e-06 -1.98112900e-07 -2.94005496e-08
      -2.49629228e-09 -1.58219243e-10 -9.23988164e-10 -1.60348073e-08
      -7.98137521e-08 -6.45116927e-07 -2.27265559e-06 -4.18007812e-06
      -6.33108084e-06 -8.49070329e-06 -1.03473030e-05 -1.15065268e-05
      -1.28796401e-05 -1.56199203e-05 -1.88516769e-05 -2.05592369e-05
      -1.96962101e-05 -1.77570437e-05 -1.63994246e-05 -1.48190575e-05
      -1.30527314e-05 -1.07733231e-05 -7.95187589e-06 -5.19146352e-06
      -2.80466361e-06 -1.10502219e-06 -2.60448161e-07 -3.88685848e-08
      -2.80420753e-09 0. -1.68413927e-09 -2.30648727e-08 -1.84474814e-07
      -1.09560278e-06 -3.19059222e-06 -5.50685718e-06 -7.76503566e-06
      -9.76206229e-06 -1.12886974e-05 -1.23445334e-05 -1.36341932e-05
      -1.55012222e-05 -1.76781796e-05 -1.88014092e-05 -1.81540236e-05
      -1.71901302e-05 -1.66881746e-05 -1.60051841e-05 -1.44928599e-05
      -1.17393565e-05 -8.34393904e-06 -5.21344782e-06 -2.70502505e-06
      -1.09885445e-06 -3.10773544e-07 -4.57163907e-08 -2.01445394e-09
      -4.47655246e-10 -1.22498833e-09 -3.88224635e-08 -3.25804479e-07
      -1.59728893e-06 -4.13341695e-06 -6.94676964e-06 -9.47764056e-06
      -1.14959494e-05 -1.31145271e-05 -1.43563484e-05 -1.52407392e-05
      -1.61418357e-05 -1.76754511e-05 -1.87123933e-05 -1.88756803e-05
      -1.86717025e-05 -1.84962009e-05 -1.77155380e-05 -1.53849214e-05
      -1.18268426e-05 -8.07119977e-06 -4.90091088e-06 -2.49860386e-06
      -1.01816556e-06 -2.92766998e-07 -3.46713733e-08 -2.83746715e-09
      -5.88809140e-11 -2.83670354e-09 -6.37954045e-08 -4.51268221e-07
      -1.92160633e-06 -4.74347598e-06 -8.03002058e-06 -1.11200388e-05
      -1.36340241e-05 -1.55972775e-05 -1.69551167e-05 -1.76018893e-05
      -1.83182292e-05 -1.95129178e-05 -2.06921395e-05 -2.11811566e-05
      -2.09275204e-05 -2.00497834e-05 -1.81051691e-05 -1.47116079e-05
      -1.07152055e-05 -7.04301419e-06 -4.11759129e-06 -2.03048921e-06
      -8.20078526e-07 -2.43488159e-07 -3.38479573e-08 -1.60500713e-09 0.
      -3.53778429e-09 -7.48545972e-08 -5.08697099e-07 -1.91637037e-06
      -4.65045423e-06 -8.33184731e-06 -1.21023459e-05 -1.54865011e-05
      -1.81639807e-05 -1.99567148e-05 -2.09855461e-05 -2.19024441e-05
      -2.31121940e-05 -2.39669043e-05 -2.36936612e-05 -2.22321851e-05
      -1.98145626e-05 -1.64925077e-05 -1.23978061e-05 -8.51374625e-06
      -5.29200406e-06 -2.93464632e-06 -1.42349359e-06 -6.00982730e-07
      -1.69771482e-07 -2.57292463e-08 -3.98411026e-10 -1.24933744e-10
      -2.93338154e-09 -6.49062883e-08 -4.18750801e-07 -1.50627989e-06
      -3.82599683e-06 -7.43966802e-06 -1.16671054e-05 -1.58546591e-05
      -1.94464828e-05 -2.21086048e-05 -2.39085748e-05 -2.51989022e-05
      -2.61121568e-05 -2.59458975e-05 -2.41078269e-05 -2.09598475e-05
      -1.69509585e-05 -1.27234307e-05 -8.82862059e-06 -5.64512175e-06
      -3.28946749e-06 -1.73737737e-06 -8.54282803e-07 -3.63460259e-07
      -9.86738726e-08 -1.35678970e-08 -1.45137763e-10 -1.21029575e-10
      -2.29792990e-10 -4.28363336e-08 -2.48135848e-07 -8.98997655e-07
      -2.46554646e-06 -5.30093621e-06 -9.16131285e-06 -1.36287836e-05
      -1.78657574e-05 -2.13930580e-05 -2.37836666e-05 -2.51036527e-05
      -2.52003192e-05 -2.38159082e-05 -2.05667257e-05 -1.63398527e-05
      -1.19086180e-05 -8.02264185e-06 -4.98861800e-06 -2.93809853e-06
      -1.61696425e-06 -8.55074063e-07 -4.18635409e-07 -1.64394820e-07
      -3.90801169e-08 -3.53464924e-09 -2.67946609e-10 0. 0.
      -1.47180383e-08 -9.57542596e-08 -3.96074199e-07 -1.14215243e-06
      -2.70936266e-06 -5.32856939e-06 -8.85959162e-06 -1.27480789e-05
      -1.63717923e-05 -1.90481005e-05 -2.02135398e-05 -1.97540267e-05
      -1.75484620e-05 -1.39849517e-05 -1.00725902e-05 -6.49629101e-06
      -3.77575316e-06 -2.06862796e-06 -1.07119888e-06 -5.71673581e-07
      -3.11897338e-07 -1.46416028e-07 -5.04485484e-08 -1.05446372e-08
      -1.68045644e-09 0. 0. 0. -3.66217900e-09 -2.80872321e-08
      -1.25094886e-07 -3.61426999e-07 -9.24636652e-07 -1.98506768e-06
      -3.58223451e-06 -5.65978371e-06 -7.80601113e-06 -9.41162489e-06
      -1.01511187e-05 -9.81707308e-06 -8.36534400e-06 -6.32507863e-06
      -4.37007657e-06 -2.74240142e-06 -1.52004986e-06 -7.93009804e-07
      -3.97432927e-07 -2.02783241e-07 -1.06698437e-07 -5.01055375e-08
      -1.73439538e-08 -3.93007404e-09 -4.51662707e-10 0. 0. 0.
      -3.63314323e-10 -4.15454426e-09 -2.91907050e-08 -1.07561924e-07
      -3.11999315e-07 -7.02508828e-07 -1.33344258e-06 -2.08874258e-06
      -2.90929324e-06 -3.51335234e-06 -3.77554670e-06 -3.60240392e-06
      -3.07340497e-06 -2.47791104e-06 -1.94131690e-06 -1.43821921e-06
      -9.47736794e-07 -5.73485977e-07 -3.16394051e-07 -1.59739642e-07
      -6.54516654e-08 -2.24247145e-08 -6.55289867e-09 -8.23481505e-10
      -4.04165423e-10 0. 0. 0. 0. -1.49414411e-10 -7.71845343e-09
      -3.58792178e-08 -1.22999069e-07 -2.77775541e-07 -5.33582465e-07
      -8.06986804e-07 -1.11048416e-06 -1.37356699e-06 -1.48083961e-06
      -1.44222929e-06 -1.28263264e-06 -1.02593685e-06 -8.19437901e-07
      -5.97714518e-07 -3.91078572e-07 -2.32918069e-07 -1.25646949e-07
      -5.60856286e-08 -1.73349761e-08 -2.88396107e-09 -9.55176702e-11
      -2.29412489e-10 0. 0. 0. 0. 0. 0. -5.88418592e-10 -3.63588826e-09
      -9.75382619e-09 -2.09127595e-08 -2.99428677e-08 -4.59106104e-08
      -7.87041188e-08 -1.00800676e-07 -1.23614413e-07 -1.39058685e-07
      -1.62279051e-07 -1.39954878e-07 -1.14275494e-07 -8.15481371e-08
      -4.75752557e-08 -2.09871800e-08 -1.07959632e-08 -4.59977745e-09
      -3.64992081e-09 -4.85755658e-10 0. 0. 0. 0. -1.86025147e-07 0. 0.
      0. 0. 0. 0. 0. 0. 0. 0. 0. 0. -4.95287089e-10 -1.84423155e-09
      -8.45426840e-10 -3.52261206e-11 0. 0. 0. 0. 0. 0. 0. 0. 0. 0. 0.
      0. 0. 0. 0. 0. -6.14233248e-11 -2.11455894e-10 -2.16875273e-09
      -5.65401104e-09 -1.01671374e-08 -1.48704880e-08 -2.78718080e-08
      -3.72769655e-08 -4.04014884e-08 -4.11790957e-08 -4.40169927e-08
      -4.05178966e-08 -4.35206857e-08 -3.56462841e-08 -2.31425279e-08
      -1.65273182e-08 -1.24673019e-08 -4.91961494e-09 -2.32875985e-09
      -8.23983548e-10 0. 0. 0. 0. 0. 0. -2.40808762e-10 -1.61909236e-10
      -1.59722435e-09 -1.25739252e-09 -1.08867324e-08 -3.20948388e-08
      -6.10835613e-08 -1.17027476e-07 -2.00517661e-07 -2.98140264e-07
      -4.31762373e-07 -5.82981215e-07 -7.37395681e-07 -8.32733235e-07
      -8.50703543e-07 -7.72112571e-07 -6.34934281e-07 -4.60646106e-07
      -2.71174343e-07 -1.42187560e-07 -6.60021726e-08 -2.11676827e-08
      -8.06422484e-09 -1.95482519e-09 0. 0. 0. 0. -7.34726779e-10
      -1.30083766e-09 -2.29043517e-09 -1.60269913e-08 -4.88391336e-08
      -1.25839279e-07 -2.64410744e-07 -5.05143134e-07 -8.24647032e-07
      -1.23354368e-06 -1.66819802e-06 -2.17821230e-06 -2.64604955e-06
      -2.92888694e-06 -2.89599598e-06 -2.58509954e-06 -2.05525885e-06
      -1.44333933e-06 -8.45703028e-07 -4.27023139e-07 -1.79367561e-07
      -6.20643803e-08 -2.28260557e-08 -3.57986263e-09 -2.58270738e-10 0.
      0. -1.45079615e-10 -1.20473942e-09 -3.23271765e-09 -1.86649682e-08
      -9.22279071e-08 -2.24866625e-07 -5.23611789e-07 -1.03427919e-06
      -1.78534629e-06 -2.77157051e-06 -4.03711647e-06 -5.62076002e-06
      -7.34495870e-06 -8.66968003e-06 -9.27690235e-06 -8.94325694e-06
      -7.73473403e-06 -5.99650502e-06 -4.19347680e-06 -2.47223306e-06
      -1.16146293e-06 -3.92104482e-07 -4.44969643e-08 2.18392149e-08
      1.16173613e-08 1.45277212e-09 -4.82542450e-10 0. 0.
      -2.37250131e-09 -1.41986405e-08 -8.93829863e-08 -3.20139179e-07
      -7.56465965e-07 -1.48533263e-06 -2.62315552e-06 -4.18584659e-06
      -6.07742459e-06 -8.43704493e-06 -1.12556490e-05 -1.41491428e-05
      -1.63309887e-05 -1.73144035e-05 -1.67705093e-05 -1.47019964e-05
      -1.15527928e-05 -8.08387540e-06 -4.87318857e-06 -2.35097036e-06
      -7.65059269e-07 -3.63765125e-08 1.48518012e-07 7.31419902e-08
      1.80592821e-08 6.88481841e-11 0. -4.24949867e-11 -5.41547074e-09
      -5.13953466e-08 -2.48818452e-07 -7.03137403e-07 -1.53623887e-06
      -2.86793716e-06 -4.73518276e-06 -7.10448012e-06 -9.84200051e-06
      -1.29316868e-05 -1.62256456e-05 -1.93632077e-05 -2.16751378e-05
      -2.27624878e-05 -2.21616665e-05 -1.99639835e-05 -1.64881694e-05
      -1.20585391e-05 -7.73169631e-06 -4.07718017e-06 -1.48496838e-06
      -9.15728720e-08 3.43475108e-07 2.13187377e-07 5.02571211e-08
      3.43887319e-09 -1.82206333e-10 -4.59773020e-09 -2.46548986e-08
      -1.38399201e-07 -5.25183566e-07 -1.28054558e-06 -2.57682950e-06
      -4.49419849e-06 -7.02545367e-06 -1.01061896e-05 -1.34499978e-05
      -1.69008836e-05 -1.99998976e-05 -2.25310196e-05 -2.41157068e-05
      -2.47643584e-05 -2.43723207e-05 -2.29892303e-05 -2.02221472e-05
      -1.60631316e-05 -1.10863130e-05 -6.40345797e-06 -2.78830157e-06
      -5.02056878e-07 4.06305702e-07 3.27604454e-07 6.90251483e-08
      2.40230147e-09 -9.46317247e-10 -1.19129044e-08 -7.72594859e-08
      -3.06292350e-07 -8.56068425e-07 -1.84522605e-06 -3.49812399e-06
      -5.90435548e-06 -8.99364750e-06 -1.26854175e-05 -1.64747889e-05
      -1.94602053e-05 -2.13610438e-05 -2.22292110e-05 -2.23884836e-05
      -2.25795739e-05 -2.29563702e-05 -2.30540099e-05 -2.19610629e-05
      -1.86789748e-05 -1.36899162e-05 -8.49909429e-06 -4.18643913e-06
      -1.15049625e-06 2.21786507e-07 3.12043511e-07 5.83965942e-08
      1.20095167e-09 -1.15882992e-09 -1.86711855e-08 -1.19742566e-07
      -4.00083650e-07 -1.00824002e-06 -2.12318673e-06 -4.01662101e-06
      -6.78129345e-06 -1.02790482e-05 -1.43331981e-05 -1.77948132e-05
      -1.94269414e-05 -1.93736614e-05 -1.84674354e-05 -1.79644230e-05
      -1.87116639e-05 -2.02787214e-05 -2.20702568e-05 -2.23556672e-05
      -1.98567031e-05 -1.50755577e-05 -9.76069896e-06 -5.18307206e-06
      -1.84024100e-06 -1.24885318e-07 1.69146332e-07 2.87829867e-08
      6.84384632e-11 -1.59023927e-09 -2.32278268e-08 -1.22304627e-07
      -3.89568413e-07 -9.55645305e-07 -2.09904238e-06 -4.13105954e-06
      -7.10750010e-06 -1.09403663e-05 -1.47720493e-05 -1.72346226e-05
      -1.71794272e-05 -1.54701447e-05 -1.40521970e-05 -1.43718044e-05
      -1.63710210e-05 -1.90539904e-05 -2.18846944e-05 -2.26005104e-05
      -2.00914910e-05 -1.51864333e-05 -9.99245458e-06 -5.61965589e-06
      -2.33820765e-06 -4.87320563e-07 2.49281307e-08 9.33240063e-09
      -1.56441604e-09 -1.41335588e-09 -1.80798274e-08 -9.84748425e-08
      -2.96030805e-07 -7.93523554e-07 -1.97272175e-06 -4.13767020e-06
      -7.42408793e-06 -1.13975202e-05 -1.47851242e-05 -1.59380506e-05
      -1.45966223e-05 -1.23809705e-05 -1.18507305e-05 -1.37757406e-05
      -1.67369399e-05 -2.00067625e-05 -2.28787940e-05 -2.29116376e-05
      -1.95321554e-05 -1.42919234e-05 -9.32224884e-06 -5.50495497e-06
      -2.63607330e-06 -7.31797741e-07 -4.55306051e-08 -5.61117242e-09
      -9.84792803e-10 -8.96272445e-10 -1.03367421e-08 -5.67813672e-08
      -1.94935325e-07 -6.45976968e-07 -1.94518452e-06 -4.38615916e-06
      -7.99412464e-06 -1.19739188e-05 -1.47307883e-05 -1.48585477e-05
      -1.30262251e-05 -1.13581609e-05 -1.26086843e-05 -1.60241489e-05
      -1.95551547e-05 -2.27472683e-05 -2.44107941e-05 -2.27883938e-05
      -1.82155600e-05 -1.27750500e-05 -8.44842725e-06 -5.28904002e-06
      -2.83749660e-06 -9.54087341e-07 -8.76820963e-08 -1.22932029e-08
      -2.38236253e-09 -1.28156985e-10 -4.31519132e-09 -2.87855784e-08
      -1.33077918e-07 -6.09747303e-07 -2.15785417e-06 -4.98720419e-06
      -8.84427845e-06 -1.27157946e-05 -1.48582039e-05 -1.45293207e-05
      -1.30212102e-05 -1.27423782e-05 -1.60472446e-05 -2.01652874e-05
      -2.36803589e-05 -2.55295872e-05 -2.53588023e-05 -2.20461188e-05
      -1.66207428e-05 -1.15243329e-05 -7.97991197e-06 -5.26414397e-06
      -3.04739433e-06 -1.15147259e-06 -1.31120856e-07 -1.85949567e-08
      -2.59321808e-09 4.97304975e-10 -1.94403604e-09 -1.27120838e-08
      -1.03455491e-07 -6.56498230e-07 -2.58444538e-06 -5.79309517e-06
      -9.83390055e-06 -1.35518494e-05 -1.54663740e-05 -1.53289566e-05
      -1.47166320e-05 -1.60981326e-05 -2.06920849e-05 -2.45484807e-05
      -2.69994925e-05 -2.67428877e-05 -2.50375524e-05 -2.07782141e-05
      -1.54510726e-05 -1.11067402e-05 -8.00987254e-06 -5.44839713e-06
      -3.20724757e-06 -1.27155135e-06 -1.86405813e-07 -2.15904805e-08
      -5.22462018e-10 1.35194064e-10 -9.07387054e-10 -1.05192663e-08
      -1.08334675e-07 -7.77842502e-07 -3.09436973e-06 -6.51186019e-06
      -1.04961437e-05 -1.40625962e-05 -1.61553053e-05 -1.66633054e-05
      -1.71473112e-05 -1.97328372e-05 -2.40572317e-05 -2.69338743e-05
      -2.75703678e-05 -2.57064075e-05 -2.32920756e-05 -1.89848906e-05
      -1.45604408e-05 -1.10902592e-05 -8.17877299e-06 -5.54944563e-06
      -3.17393915e-06 -1.27049429e-06 -2.43523516e-07 -3.44000632e-08
      -2.54557975e-09 -1.57944602e-10 -9.24280319e-10 -1.71502066e-08
      -1.27999698e-07 -9.46213504e-07 -3.48980120e-06 -6.83059898e-06
      -1.04890951e-05 -1.38068717e-05 -1.59506508e-05 -1.69639716e-05
      -1.81891337e-05 -2.08052770e-05 -2.40174704e-05 -2.60231955e-05
      -2.56549702e-05 -2.36389933e-05 -2.09659102e-05 -1.73604421e-05
      -1.39486510e-05 -1.10174042e-05 -8.07611195e-06 -5.31227170e-06
      -2.92332629e-06 -1.18914249e-06 -2.90977425e-07 -4.44843735e-08
      -2.89514679e-09 0. -1.68581182e-09 -2.58857078e-08 -2.00540342e-07
      -1.19703668e-06 -3.64456946e-06 -6.59241095e-06 -9.83562677e-06
      -1.26688083e-05 -1.46794337e-05 -1.59758056e-05 -1.73605713e-05
      -1.93099240e-05 -2.18105088e-05 -2.35612388e-05 -2.33409592e-05
      -2.17221423e-05 -1.93636370e-05 -1.66031441e-05 -1.37672650e-05
      -1.07716460e-05 -7.61238107e-06 -4.79822120e-06 -2.53176199e-06
      -1.05880827e-06 -3.20500590e-07 -4.82645532e-08 -2.10171147e-09
      -4.46978787e-10 -1.22753008e-09 -4.11283807e-08 -3.21969878e-07
      -1.45790295e-06 -3.68948622e-06 -6.19499406e-06 -9.05642810e-06
      -1.16321416e-05 -1.37240950e-05 -1.53364635e-05 -1.65724305e-05
      -1.79702420e-05 -2.02946467e-05 -2.21053469e-05 -2.24054693e-05
      -2.12736450e-05 -1.92418574e-05 -1.67485159e-05 -1.36613435e-05
      -1.01694104e-05 -6.90116485e-06 -4.20414699e-06 -2.18132527e-06
      -9.19343677e-07 -2.92525556e-07 -3.45778055e-08 -2.87573054e-09
      -5.89284455e-11 -2.83834622e-09 -6.12172997e-08 -4.37305886e-07
      -1.64534652e-06 -3.66641029e-06 -5.90926174e-06 -8.58447856e-06
      -1.13344522e-05 -1.38581781e-05 -1.58262301e-05 -1.71578740e-05
      -1.87802452e-05 -2.10064172e-05 -2.27594592e-05 -2.30117184e-05
      -2.17950619e-05 -1.95253851e-05 -1.64261946e-05 -1.27085596e-05
      -8.96773781e-06 -5.85224188e-06 -3.42091516e-06 -1.71879469e-06
      -7.31868965e-07 -2.38710328e-07 -3.26720624e-08 -1.60931890e-09 0.
      -3.54345331e-09 -7.12484294e-08 -4.81630934e-07 -1.64734456e-06
      -3.46544607e-06 -5.67919869e-06 -8.34936054e-06 -1.13527740e-05
      -1.43138041e-05 -1.68344977e-05 -1.88853301e-05 -2.10083508e-05
      -2.31408812e-05 -2.42952392e-05 -2.37240038e-05 -2.16149856e-05
      -1.83947668e-05 -1.45636350e-05 -1.05351764e-05 -7.04415197e-06
      -4.36192477e-06 -2.41428711e-06 -1.21829544e-06 -5.58848797e-07
      -1.65160884e-07 -2.42848603e-08 1.74564998e-11 -1.25009808e-10
      -2.93833136e-09 -6.30513028e-08 -3.93351968e-07 -1.30270269e-06
      -2.93912785e-06 -5.14647036e-06 -7.83051837e-06 -1.09956345e-05
      -1.42904437e-05 -1.73448116e-05 -2.00950162e-05 -2.25316198e-05
      -2.42030001e-05 -2.42923852e-05 -2.24614487e-05 -1.91968993e-05
      -1.51621061e-05 -1.11263716e-05 -7.58348506e-06 -4.76841569e-06
      -2.75205252e-06 -1.49655534e-06 -7.79423885e-07 -3.60965259e-07
      -9.50974837e-08 -1.22589121e-08 -1.45543952e-10 -1.21103266e-10
      -2.30433256e-10 -4.27113918e-08 -2.37196048e-07 -7.80006530e-07
      -1.96167275e-06 -3.87868113e-06 -6.41590123e-06 -9.55298492e-06
      -1.29041255e-05 -1.62824163e-05 -1.91028848e-05 -2.11328734e-05
      -2.17827928e-05 -2.08710571e-05 -1.81862724e-05 -1.45289441e-05
      -1.07544993e-05 -7.31691671e-06 -4.67633527e-06 -2.79890833e-06
      -1.57937325e-06 -8.60878913e-07 -4.36359130e-07 -1.76579277e-07
      -3.75127591e-08 -3.19350302e-09 -2.68696537e-10 0. 0.
      -1.42722154e-08 -8.94559520e-08 -3.42627231e-07 -9.22092340e-07
      -2.05231663e-06 -3.92069887e-06 -6.50244010e-06 -9.57901466e-06
      -1.27279100e-05 -1.53615292e-05 -1.67802409e-05 -1.67308826e-05
      -1.52234261e-05 -1.26037885e-05 -9.53146446e-06 -6.68430675e-06
      -4.30225418e-06 -2.61673813e-06 -1.51138283e-06 -8.24772826e-07
      -4.32123159e-07 -1.98396066e-07 -6.23602006e-08 -9.78510695e-09
      -1.72958670e-09 0. 0. 0. -3.66677266e-09 -2.51946553e-08
      -1.15152105e-07 -3.17613399e-07 -7.58801093e-07 -1.56019723e-06
      -2.82305518e-06 -4.53246685e-06 -6.47640718e-06 -8.04223055e-06
      -8.84421843e-06 -8.78551327e-06 -7.92042374e-06 -6.52730705e-06
      -5.00765600e-06 -3.57126009e-06 -2.31055083e-06 -1.41210023e-06
      -7.95398364e-07 -4.07327718e-07 -1.94132809e-07 -8.04476912e-08
      -1.82298443e-08 -5.10143172e-09 -4.50338905e-10 0. 0. 0.
      -3.62494562e-10 -2.03522088e-09 -2.60616098e-08 -1.04840538e-07
      -2.95600131e-07 -6.45322586e-07 -1.23009431e-06 -1.95537859e-06
      -2.77365257e-06 -3.35838195e-06 -3.66125414e-06 -3.62730088e-06
      -3.28084661e-06 -2.76241121e-06 -2.23942857e-06 -1.67363942e-06
      -1.13351632e-06 -6.95834387e-07 -3.78013823e-07 -1.78892407e-07
      -7.30609031e-08 -2.42228815e-08 -2.93806313e-09 -8.19010304e-10
      -4.02567868e-10 0. 0. 0. 0. -1.49337737e-10 -8.26638136e-09
      -3.78980616e-08 -1.23465909e-07 -2.75807508e-07 -5.29477575e-07
      -7.98849669e-07 -1.09947860e-06 -1.35429207e-06 -1.45935905e-06
      -1.42264071e-06 -1.27246881e-06 -1.01304806e-06 -8.05991931e-07
      -5.89534523e-07 -3.86809120e-07 -2.28961312e-07 -1.20481687e-07
      -5.14845553e-08 -1.60754272e-08 -3.75642140e-09 -1.19724342e-10
      -2.28876348e-10 0. 0. 0. 0. 0. 0. -5.86236282e-10 -3.62408059e-09
      -9.72526948e-09 -2.08444355e-08 -2.98416687e-08 -4.57542413e-08
      -7.74833495e-08 -9.83287975e-08 -1.21083389e-07 -1.37902390e-07
      -1.61763111e-07 -1.39518846e-07 -1.13928422e-07 -8.13165215e-08
      -4.74367425e-08 -2.09180975e-08 -1.07572840e-08 -4.58545912e-09
      -3.63978780e-09 -4.84512708e-10 0. 0. 0. 0. -1.82554174e-07 0. 0.
      0. 0. 0. 0. 0. 0. 0. 0. 0. 0. 4.67390293e-10 2.57357358e-10
      -8.52485083e-10 -3.55202118e-11 0. 0. 0. 0. 0. 0. 0. 0. 0. 0. 0.
      0. 0. 0. 0. 0. 7.11074255e-11 2.44119724e-10 2.44820120e-09
      6.28932417e-09 9.25565757e-09 1.40409586e-08 2.67967124e-08
      3.56174077e-08 4.08140437e-08 4.12430943e-08 3.68230175e-08
      3.18304032e-08 3.01086942e-08 3.26904299e-08 2.60362754e-08
      1.89125622e-08 1.43118744e-08 5.71277514e-09 2.68666822e-09
      9.33303768e-10 0. 0. 0. 0. 0. 0. 2.88983559e-10 -5.49126786e-11
      1.77614656e-09 1.09412912e-09 8.02301248e-09 2.23078729e-08
      3.97455509e-08 7.38830579e-08 1.38433478e-07 2.11780204e-07
      3.29689556e-07 4.76289017e-07 6.25161022e-07 7.32114017e-07
      8.06470950e-07 7.83260475e-07 6.80742630e-07 5.07766003e-07
      3.06413483e-07 1.63307675e-07 7.55383667e-08 2.26817036e-08
      6.57251942e-09 9.66030589e-10 0. 0. 0. 0. 4.31099656e-10
      6.35705100e-10 7.79609988e-10 -4.26654090e-09 -8.27700308e-09
      -1.45204275e-08 -4.74515076e-08 -8.93141845e-08 -1.12872364e-07
      -1.41223268e-07 -1.05901520e-07 4.43711912e-08 3.58917305e-07
      6.78547451e-07 9.39475399e-07 1.09848861e-06 1.07916981e-06
      8.24100312e-07 4.90632715e-07 2.47810220e-07 1.07633042e-07
      3.50284459e-08 1.51204631e-08 1.45626933e-09 3.56310204e-10 0. 0.
      -1.45279413e-10 -1.02797670e-09 -1.83421478e-09 -1.47506043e-08
      -6.85878518e-08 -1.73415145e-07 -3.90576133e-07 -7.52574124e-07
      -1.26729969e-06 -1.96120027e-06 -2.84462294e-06 -3.80869733e-06
      -4.67488553e-06 -5.21570746e-06 -5.32074910e-06 -4.92149093e-06
      -4.16693683e-06 -3.27987073e-06 -2.53828875e-06 -1.78646030e-06
      -1.11330439e-06 -6.36325581e-07 -3.25607004e-07 -1.35333892e-07
      -3.46311815e-08 -6.23277030e-09 4.16416554e-11 0. 0.
      2.43623788e-10 -1.39640246e-08 -8.17263910e-08 -2.98625395e-07
      -7.36229765e-07 -1.43947705e-06 -2.49223763e-06 -3.95513689e-06
      -5.74914520e-06 -7.93260006e-06 -1.02045633e-05 -1.24980188e-05
      -1.41864020e-05 -1.50753895e-05 -1.49786028e-05 -1.38929045e-05
      -1.18405260e-05 -9.32307012e-06 -6.69721339e-06 -4.32487468e-06
      -2.54740621e-06 -1.38348889e-06 -6.23624260e-07 -1.77644068e-07
      -3.06968282e-08 -3.40484474e-10 0. -4.24568193e-11 -5.25067545e-09
      -5.13447205e-08 -2.49343202e-07 -7.14617329e-07 -1.59378601e-06
      -2.96166286e-06 -4.87518764e-06 -7.32074113e-06 -1.02180193e-05
      -1.32309342e-05 -1.61786920e-05 -1.90335486e-05 -2.13032126e-05
      -2.28013487e-05 -2.32339316e-05 -2.23418356e-05 -1.99298120e-05
      -1.60444361e-05 -1.17501468e-05 -7.75682020e-06 -4.63990364e-06
      -2.54338784e-06 -1.20404388e-06 -4.13627333e-07 -8.38433323e-08
      -5.76011949e-09 -1.82340476e-10 -4.59980898e-09 -2.53377976e-08
      -1.38390803e-07 -5.26471126e-07 -1.32376306e-06 -2.70787700e-06
      -4.72985903e-06 -7.42314342e-06 -1.07338074e-05 -1.43045918e-05
      -1.76373651e-05 -2.04164062e-05 -2.26997672e-05 -2.44944040e-05
      -2.60778725e-05 -2.71352219e-05 -2.70252349e-05 -2.49960503e-05
      -2.09544087e-05 -1.56734786e-05 -1.05383560e-05 -6.34245589e-06
      -3.43680881e-06 -1.59548404e-06 -5.86916258e-07 -1.13717206e-07
      -6.56631194e-09 -9.47984802e-10 -1.19236621e-08 -7.73614630e-08
      -3.06659501e-07 -8.61039666e-07 -1.90922219e-06 -3.66483209e-06
      -6.20926221e-06 -9.55010910e-06 -1.34810562e-05 -1.73176340e-05
      -2.00454197e-05 -2.14587544e-05 -2.20421571e-05 -2.27580749e-05
      -2.42980132e-05 -2.60479173e-05 -2.70508572e-05 -2.62282829e-05
      -2.27924829e-05 -1.74944962e-05 -1.19500064e-05 -7.19118816e-06
      -3.71291571e-06 -1.64339758e-06 -5.98492022e-07 -1.07464885e-07
      -6.35255493e-09 -1.16033849e-09 -1.86895761e-08 -1.19902296e-07
      -4.00328020e-07 -1.02194792e-06 -2.19888489e-06 -4.19574189e-06
      -7.12524798e-06 -1.09317343e-05 -1.51636941e-05 -1.84318342e-05
      -1.96439323e-05 -1.88600243e-05 -1.78492410e-05 -1.82770091e-05
      -2.03370091e-05 -2.28484168e-05 -2.49651639e-05 -2.51147831e-05
      -2.23135867e-05 -1.72376549e-05 -1.17427317e-05 -7.01251065e-06
      -3.44428827e-06 -1.34774803e-06 -4.31914259e-07 -7.76711886e-08
      -6.63312338e-09 -1.59227576e-09 -2.32541204e-08 -1.22466119e-07
      -3.89768672e-07 -9.86774012e-07 -2.18605646e-06 -4.30311775e-06
      -7.47690865e-06 -1.16071242e-05 -1.55920461e-05 -1.77366710e-05
      -1.70840649e-05 -1.47493556e-05 -1.35744958e-05 -1.50180331e-05
      -1.78861737e-05 -2.07433186e-05 -2.31845897e-05 -2.34311774e-05
      -2.05531633e-05 -1.54669688e-05 -1.02893982e-05 -6.02726413e-06
      -2.86618888e-06 -9.82372626e-07 -2.52346553e-07 -4.75264805e-08
      -4.37330483e-09 -1.41380319e-09 -1.80984081e-08 -9.85928494e-08
      -2.98086263e-07 -8.36668050e-07 -2.06229720e-06 -4.29240981e-06
      -7.78940193e-06 -1.20298791e-05 -1.55121288e-05 -1.64121429e-05
      -1.45841586e-05 -1.22173842e-05 -1.23606260e-05 -1.51295080e-05
      -1.81854684e-05 -2.07137819e-05 -2.25956428e-05 -2.18092919e-05
      -1.80085335e-05 -1.27951298e-05 -8.13862698e-06 -4.78397806e-06
      -2.34654840e-06 -7.36145807e-07 -1.10899521e-07 -2.60762469e-08
      -8.36133940e-10 -8.96182684e-10 -1.03496172e-08 -5.68535583e-08
      -2.04570810e-07 -7.01150952e-07 -2.02969659e-06 -4.50633479e-06
      -8.28328029e-06 -1.24572489e-05 -1.52668908e-05 -1.53489873e-05
      -1.34695420e-05 -1.23767495e-05 -1.45183767e-05 -1.80619936e-05
      -2.06142176e-05 -2.22925446e-05 -2.26328648e-05 -2.00883533e-05
      -1.50767773e-05 -9.75645889e-06 -6.01323745e-06 -3.69246823e-06
      -1.98656380e-06 -6.18521540e-07 -4.62314489e-08 -1.56621773e-08
      -1.12844933e-09 -1.28365138e-10 -4.32387237e-09 -2.88279871e-08
      -1.41803525e-07 -6.66277799e-07 -2.21878372e-06 -4.98090958e-06
      -8.77344337e-06 -1.24996513e-05 -1.46816983e-05 -1.45116965e-05
      -1.36573144e-05 -1.46285038e-05 -1.84968812e-05 -2.16585140e-05
      -2.33171104e-05 -2.35723710e-05 -2.24106352e-05 -1.85156168e-05
      -1.26946616e-05 -7.66660833e-06 -4.70601071e-06 -3.00760667e-06
      -1.75596711e-06 -5.82189216e-07 -3.68346562e-08 -1.58335087e-08
      -2.26443531e-09 -4.44296600e-10 -1.94782634e-09 -1.27325972e-08
      -1.08884763e-07 -7.03680143e-07 -2.56583508e-06 -5.46884803e-06
      -8.95375160e-06 -1.20058066e-05 -1.35427745e-05 -1.38135638e-05
      -1.44856422e-05 -1.72814944e-05 -2.17458564e-05 -2.40252011e-05
      -2.48461747e-05 -2.37659006e-05 -2.19663307e-05 -1.75858622e-05
      -1.16686888e-05 -7.01672661e-06 -4.37553217e-06 -2.80707468e-06
      -1.66598443e-06 -5.77564492e-07 -3.46698492e-08 -1.88363458e-08
      -5.25296029e-10 -1.73131717e-10 -9.07678599e-10 -1.05396811e-08
      -1.17879594e-07 -8.12855887e-07 -2.99536964e-06 -5.84670852e-06
      -8.69818905e-06 -1.08670738e-05 -1.19510078e-05 -1.28694555e-05
      -1.48325189e-05 -1.85187164e-05 -2.23368443e-05 -2.40711452e-05
      -2.44562307e-05 -2.32759066e-05 -2.15041528e-05 -1.70043677e-05
      -1.14888262e-05 -7.14261114e-06 -4.44807483e-06 -2.87161083e-06
      -1.62296033e-06 -5.77255321e-07 -5.36572102e-08 -3.04104830e-08
      -2.56131694e-09 -1.58023220e-10 -9.26011601e-10 -1.71946333e-08
      -1.44274622e-07 -1.00916304e-06 -3.44588557e-06 -6.10532652e-06
      -8.14360828e-06 -9.30617716e-06 -9.86822670e-06 -1.09898856e-05
      -1.35008340e-05 -1.70364474e-05 -2.01287348e-05 -2.23022143e-05
      -2.31582690e-05 -2.26542979e-05 -2.05825345e-05 -1.61244934e-05
      -1.11064082e-05 -7.20631897e-06 -4.64009690e-06 -2.92685468e-06
      -1.63931975e-06 -6.10596942e-07 -1.14467440e-07 -4.03278939e-08
      -2.91395441e-09 0. -1.68850367e-09 -2.59488466e-08 -2.19086729e-07
      -1.34215429e-06 -3.90755304e-06 -6.34859134e-06 -7.75055832e-06
      -7.91503044e-06 -7.75615445e-06 -8.49843946e-06 -1.08208169e-05
      -1.38633859e-05 -1.70944513e-05 -2.00733994e-05 -2.16357075e-05
      -2.13286730e-05 -1.87873211e-05 -1.46210359e-05 -1.03802013e-05
      -7.12559631e-06 -4.76840478e-06 -3.03686534e-06 -1.67182282e-06
      -7.10298480e-07 -2.06588268e-07 -4.60956855e-08 -2.11526374e-09
      -4.47352932e-10 -1.22863919e-09 -4.15665546e-08 -3.47716593e-07
      -1.71560657e-06 -4.39530550e-06 -6.87460215e-06 -8.09593530e-06
      -7.84309577e-06 -7.12318706e-06 -7.23717585e-06 -8.81379583e-06
      -1.15517187e-05 -1.52772409e-05 -1.85864756e-05 -2.01680523e-05
      -1.94189361e-05 -1.67774342e-05 -1.33255562e-05 -1.00096240e-05
      -7.26618646e-06 -5.02150169e-06 -3.27226894e-06 -1.79432732e-06
      -7.97967289e-07 -2.40875551e-07 -3.40856765e-08 -2.89000979e-09
      -5.90698879e-11 -2.84058022e-09 -6.58173605e-08 -4.68363965e-07
      -1.96827341e-06 -4.77595631e-06 -7.63911885e-06 -9.44429485e-06
      -9.70795372e-06 -9.05639445e-06 -8.46065268e-06 -9.10295603e-06
      -1.15006878e-05 -1.50269461e-05 -1.79745166e-05 -1.89309067e-05
      -1.78447062e-05 -1.56208298e-05 -1.29555810e-05 -1.01463802e-05
      -7.46716978e-06 -5.17954641e-06 -3.23734025e-06 -1.71552438e-06
      -7.35968285e-07 -2.28956793e-07 -3.24114353e-08 -1.61744063e-09 0.
      -3.54364760e-09 -7.60561676e-08 -5.16844864e-07 -1.92887387e-06
      -4.63191463e-06 -8.05442687e-06 -1.09723305e-05 -1.27179565e-05
      -1.30549824e-05 -1.25726456e-05 -1.25993965e-05 -1.41352630e-05
      -1.67055932e-05 -1.86032012e-05 -1.88840713e-05 -1.77084294e-05
      -1.56750921e-05 -1.30420285e-05 -1.00324287e-05 -7.16365776e-06
      -4.67270047e-06 -2.73016076e-06 -1.37506515e-06 -5.95708912e-07
      -1.65609379e-07 -2.37903688e-08 -3.98569983e-10 -1.25197561e-10
      -2.94319547e-09 -6.48974776e-08 -4.20920173e-07 -1.51240033e-06
      -3.83167526e-06 -7.34379182e-06 -1.12415219e-05 -1.46901020e-05
      -1.70200965e-05 -1.80663228e-05 -1.86214602e-05 -1.95214452e-05
      -2.07311568e-05 -2.13137555e-05 -2.06437180e-05 -1.87049372e-05
      -1.57872855e-05 -1.23046311e-05 -8.83514167e-06 -5.79967491e-06
      -3.43098282e-06 -1.84771739e-06 -9.12800317e-07 -3.83489549e-07
      -9.95191698e-08 -1.15377432e-08 -1.46276963e-10 -1.21285121e-10
      -2.30139408e-10 -4.29295497e-08 -2.48802138e-07 -9.01652811e-07
      -2.47729508e-06 -5.33060120e-06 -9.18441492e-06 -1.36349190e-05
      -1.78376013e-05 -2.12599480e-05 -2.36307860e-05 -2.50015710e-05
      -2.52522968e-05 -2.42765273e-05 -2.17453926e-05 -1.80741226e-05
      -1.38516898e-05 -9.70648944e-06 -6.26536348e-06 -3.74148976e-06
      -2.04952107e-06 -1.06377547e-06 -5.07869743e-07 -1.91748683e-07
      -4.29015685e-08 -3.18989057e-09 -2.70049760e-10 0. 0.
      -1.47400980e-08 -9.59487068e-08 -3.96860230e-07 -1.14853628e-06
      -2.75478396e-06 -5.47849595e-06 -9.20175989e-06 -1.34506026e-05
      -1.76337035e-05 -2.09705941e-05 -2.26651809e-05 -2.24770720e-05
      -2.05113793e-05 -1.71091215e-05 -1.30557219e-05 -9.13864369e-06
      -5.80725646e-06 -3.47583614e-06 -1.94839618e-06 -1.01309035e-06
      -5.05850721e-07 -2.26692649e-07 -7.16694757e-08 -1.33800633e-08
      -2.22187024e-09 0. 0. 0. -3.66604658e-09 -2.81109056e-08
      -1.25174097e-07 -3.68545727e-07 -9.66384960e-07 -2.10051167e-06
      -3.86338525e-06 -6.21704385e-06 -8.75284059e-06 -1.08074764e-05
      -1.18597163e-05 -1.17197542e-05 -1.04605115e-05 -8.46795137e-06
      -6.32975843e-06 -4.41545217e-06 -2.80407676e-06 -1.67279813e-06
      -9.18594083e-07 -4.63053993e-07 -2.20862944e-07 -9.28820612e-08
      -2.37024285e-08 -5.11628251e-09 -4.52369309e-10 0. 0. 0.
      -3.63044234e-10 -4.15357970e-09 -2.97355172e-08 -1.10032701e-07
      -3.25043459e-07 -7.34711023e-07 -1.41803048e-06 -2.26840780e-06
      -3.20091794e-06 -3.85887779e-06 -4.17934280e-06 -4.11158635e-06
      -3.66196900e-06 -3.04619448e-06 -2.44104012e-06 -1.81409814e-06
      -1.21625999e-06 -7.36041557e-07 -3.93440189e-07 -1.92332777e-07
      -8.63781935e-08 -3.25065130e-08 -7.26399207e-09 -8.21752777e-10
      -4.04553779e-10 0. 0. 0. 0. -1.49604093e-10 -8.28069524e-09
      -3.79562302e-08 -1.24906819e-07 -2.78005302e-07 -5.36832886e-07
      -8.13770498e-07 -1.12416296e-06 -1.38644054e-06 -1.49575931e-06
      -1.45515787e-06 -1.29740852e-06 -1.03915431e-06 -8.26886435e-07
      -6.07331458e-07 -3.98926261e-07 -2.36121551e-07 -1.26265050e-07
      -5.60182549e-08 -1.77387509e-08 -3.81187570e-09 -1.20360388e-10
      -2.29232869e-10 0. 0. 0. 0. 0. 0. -5.87753624e-10 -3.63133656e-09
      -9.74176739e-09 -2.08785949e-08 -2.98916163e-08 -4.58175862e-08
      -7.85252041e-08 -1.00552015e-07 -1.23306720e-07 -1.38712522e-07
      -1.61884358e-07 -1.39622088e-07 -1.14032282e-07 -8.13987526e-08
      -4.74941224e-08 -2.09544950e-08 -1.07805995e-08 -4.59548755e-09
      -3.64722519e-09 -4.85268048e-10 0. 0. 0. 0. -1.79270472e-07 0. 0.
      0. 0. 0. 0. 0. 0. 0. 0. 0. 0. -4.95740948e-10 -1.84771043e-09
      -8.48192461e-10 -3.53413548e-11 0. 0. 0. 0. 0. 0. 0. 0. 0. 0. 0.
      0. 0. 0. 0. 0. -6.14929149e-11 -2.11829720e-10 -2.17792784e-09
      -5.67640468e-09 -1.02015303e-08 -1.49242680e-08 -2.79617183e-08
      -3.73986992e-08 -4.05258866e-08 -4.12536423e-08 -4.40814567e-08
      -4.05764276e-08 -4.35757812e-08 -3.56818575e-08 -2.31533939e-08
      -1.65215397e-08 -1.24604647e-08 -4.91943020e-09 -2.33133224e-09
      -8.26285818e-10 0. 0. 0. 0. 0. 0. -2.39841702e-10 -1.62214450e-10
      -1.59817604e-09 -1.25837329e-09 -1.09143556e-08 -3.21867653e-08
      -6.12640179e-08 -1.17338594e-07 -2.01020754e-07 -2.98763439e-07
      -4.32448417e-07 -5.83596886e-07 -7.38260667e-07 -8.35756850e-07
      -8.57162718e-07 -7.80175355e-07 -6.44255863e-07 -4.69490260e-07
      -2.75690610e-07 -1.45186121e-07 -6.80251375e-08 -2.16384635e-08
      -8.05034617e-09 -1.95187777e-09 0. 0. 0. 0. -7.32588767e-10
      -1.33464906e-09 -2.77362266e-09 -1.60289062e-08 -4.88812901e-08
      -1.25978588e-07 -2.66020635e-07 -5.10818438e-07 -8.39476456e-07
      -1.25336237e-06 -1.70538874e-06 -2.23029701e-06 -2.73141791e-06
      -3.04034370e-06 -3.01230421e-06 -2.71133854e-06 -2.18980858e-06
      -1.57438558e-06 -9.61151045e-07 -5.21662628e-07 -2.43517462e-07
      -9.49823900e-08 -3.73118176e-08 -6.37279385e-09 -6.47948917e-10 0.
      0. -1.44688247e-10 -1.20308352e-09 -2.44823561e-09 -1.70672205e-08
      -9.31901454e-08 -2.39699972e-07 -5.55747079e-07 -1.09698829e-06
      -1.92929224e-06 -3.05898402e-06 -4.47244020e-06 -6.20826495e-06
      -8.08538607e-06 -9.60526449e-06 -1.03818684e-05 -1.01651858e-05
      -8.97291102e-06 -7.18112824e-06 -5.25770656e-06 -3.40405632e-06
      -1.98746397e-06 -1.04542517e-06 -4.91985531e-07 -1.98987379e-07
      -4.79322431e-08 -6.87480917e-09 -4.82034745e-10 0. 0.
      -2.37021336e-09 -1.34120048e-08 -8.63866845e-08 -3.20327842e-07
      -7.92029937e-07 -1.60630952e-06 -2.90577373e-06 -4.75913384e-06
      -7.10809763e-06 -1.00095558e-05 -1.33682443e-05 -1.67942890e-05
      -1.93938304e-05 -2.06565237e-05 -2.02795254e-05 -1.82943386e-05
      -1.50481010e-05 -1.13783499e-05 -7.85853808e-06 -4.92361505e-06
      -2.83968734e-06 -1.52639541e-06 -6.89844569e-07 -1.95162471e-07
      -3.28282610e-08 -1.11317511e-09 0. -4.25067655e-11 3.88551635e-10
      -3.61737307e-08 -1.97789234e-07 -5.91198500e-07 -1.39495819e-06
      -2.78334687e-06 -4.81989582e-06 -7.60607600e-06 -1.09919374e-05
      -1.49185544e-05 -1.90182582e-05 -2.28850240e-05 -2.57023148e-05
      -2.70129349e-05 -2.65003218e-05 -2.43902614e-05 -2.09533791e-05
      -1.64237208e-05 -1.18657927e-05 -7.77671357e-06 -4.66306756e-06
      -2.58388695e-06 -1.23558675e-06 -4.28981650e-07 -8.64797300e-08
      -7.07788184e-09 2.07234535e-10 1.01658981e-09 1.79581914e-08
      -4.65061989e-10 -1.57849783e-07 -5.73308398e-07 -1.47281708e-06
      -3.07986170e-06 -5.48663047e-06 -8.74680154e-06 -1.26079758e-05
      -1.67226935e-05 -2.03531526e-05 -2.31853537e-05 -2.48513225e-05
      -2.53618273e-05 -2.48359429e-05 -2.34858162e-05 -2.10638300e-05
      -1.74428314e-05 -1.31710649e-05 -9.10072595e-06 -5.67193683e-06
      -3.18117895e-06 -1.55858413e-06 -5.88420562e-07 -1.19063756e-07
      -7.41639106e-09 6.34786057e-10 1.11933902e-08 7.40775477e-08
      1.37683571e-07 6.86331987e-08 -2.00291311e-07 -1.06676407e-06
      -2.68861845e-06 -5.33512411e-06 -8.88838531e-06 -1.28715592e-05
      -1.62529814e-05 -1.82850526e-05 -1.90074697e-05 -1.88205213e-05
      -1.85778717e-05 -1.85968674e-05 -1.86430407e-05 -1.80990992e-05
      -1.60675590e-05 -1.28334605e-05 -9.21879473e-06 -5.87897148e-06
      -3.21813468e-06 -1.53475435e-06 -5.89355238e-07 -1.11855584e-07
      -6.34987440e-09 1.26599220e-09 1.84867162e-08 1.21566444e-07
      2.67867307e-07 3.17581396e-07 1.15788559e-07 -8.18098215e-07
      -2.70182477e-06 -5.80612323e-06 -9.82581241e-06 -1.36844301e-05
      -1.58507592e-05 -1.58859475e-05 -1.47145638e-05 -1.36165827e-05
      -1.36025701e-05 -1.42939316e-05 -1.53800102e-05 -1.57295235e-05
      -1.44706164e-05 -1.18448024e-05 -8.64262256e-06 -5.56709892e-06
      -2.96169742e-06 -1.26007558e-06 -4.23043957e-07 -8.04731997e-08
      -4.92571450e-09 1.73215431e-09 2.39035298e-08 1.27157591e-07
      2.75946917e-07 3.50624987e-07 8.47101589e-09 -1.22981794e-06
      -3.68854353e-06 -7.56333338e-06 -1.20387394e-05 -1.54779409e-05
      -1.63929872e-05 -1.49040807e-05 -1.29948603e-05 -1.25422475e-05
      -1.33680269e-05 -1.42432327e-05 -1.50756241e-05 -1.48733961e-05
      -1.32765363e-05 -1.06950829e-05 -7.80310893e-06 -5.06554716e-06
      -2.65656217e-06 -9.81987341e-07 -2.53516021e-07 -5.04569648e-08
      -3.90421917e-09 1.54265001e-09 1.84659328e-08 9.93482274e-08
      1.95194502e-07 1.73414008e-07 -4.85686883e-07 -2.18769583e-06
      -5.40167775e-06 -9.96576273e-06 -1.47452083e-05 -1.76101348e-05
      -1.75067707e-05 -1.54111895e-05 -1.41278933e-05 -1.49715752e-05
      -1.63405894e-05 -1.68741753e-05 -1.65796046e-05 -1.49655389e-05
      -1.25603774e-05 -9.70440124e-06 -7.09303413e-06 -4.73741966e-06
      -2.61091418e-06 -8.80936796e-07 -1.37076427e-07 -2.87397519e-08
      -1.77130199e-09 9.95483584e-10 1.01418074e-08 5.40307710e-08
      8.81786306e-08 -6.41290328e-08 -1.04629612e-06 -3.37658525e-06
      -7.24297615e-06 -1.23458176e-05 -1.71233096e-05 -1.94475815e-05
      -1.88134491e-05 -1.70136518e-05 -1.73353437e-05 -1.94607037e-05
      -2.09171030e-05 -2.04583066e-05 -1.85182362e-05 -1.55727103e-05
      -1.22679021e-05 -9.25263339e-06 -6.90219213e-06 -4.77154208e-06
      -2.75064690e-06 -9.65288450e-07 -9.74312471e-08 -1.71506418e-08
      -1.82468018e-09 -1.28324976e-10 2.16101226e-09 2.54091503e-08
      2.39131879e-08 -2.52433580e-07 -1.64504377e-06 -4.54910287e-06
      -8.95077756e-06 -1.42470581e-05 -1.87267433e-05 -2.05399301e-05
      -1.99729402e-05 -1.94467848e-05 -2.19063077e-05 -2.46611507e-05
      -2.53762519e-05 -2.30682290e-05 -1.98632606e-05 -1.62986180e-05
      -1.25520237e-05 -9.52334449e-06 -7.26059807e-06 -5.05843582e-06
      -2.99514522e-06 -1.13340718e-06 -1.27000177e-07 -1.86430462e-08
      -2.59344168e-09 -4.43310555e-10 -1.63237493e-10 9.44792689e-09
      -1.93761647e-08 -4.37361393e-07 -2.27186160e-06 -5.60204035e-06
      -1.02143531e-05 -1.53247256e-05 -1.93478681e-05 -2.08624842e-05
      -2.08187193e-05 -2.20228303e-05 -2.59845001e-05 -2.83029694e-05
      -2.73255318e-05 -2.31463910e-05 -1.97746194e-05 -1.65724377e-05
      -1.33235089e-05 -1.05206827e-05 -7.95250980e-06 -5.43942451e-06
      -3.18086427e-06 -1.25923088e-06 -1.74830276e-07 -2.15852456e-08
      -5.21529375e-10 -1.14600586e-10 -9.07113717e-10 -2.97906833e-09
      -6.80821302e-08 -6.56216685e-07 -2.91976585e-06 -6.42393206e-06
      -1.08136737e-05 -1.53657384e-05 -1.87117366e-05 -2.01631447e-05
      -2.08882466e-05 -2.33349801e-05 -2.70829441e-05 -2.80478780e-05
      -2.52038371e-05 -2.08149577e-05 -1.84865985e-05 -1.64228277e-05
      -1.41231740e-05 -1.15326711e-05 -8.59797183e-06 -5.76710227e-06
      -3.23214704e-06 -1.27363364e-06 -2.36313525e-07 -3.43978890e-08
      -2.54334886e-09 1.74595352e-10 -9.26080157e-10 -1.54053765e-08
      -1.14885893e-07 -9.20460707e-07 -3.53490486e-06 -7.00925511e-06
      -1.08268578e-05 -1.44741516e-05 -1.70467501e-05 -1.83300581e-05
      -1.95525499e-05 -2.19338544e-05 -2.42984279e-05 -2.39879137e-05
      -2.08897145e-05 -1.80836723e-05 -1.72556356e-05 -1.65483671e-05
      -1.49082462e-05 -1.23314585e-05 -8.94575896e-06 -5.76725370e-06
      -3.10499627e-06 -1.23909490e-06 -2.91773290e-07 -4.46317792e-08
      -2.89050761e-09 0. -1.15269139e-09 -2.51788510e-08 -2.03709789e-07
      -1.29826162e-06 -4.08760570e-06 -7.40668793e-06 -1.06491852e-05
      -1.33173016e-05 -1.51906970e-05 -1.63275854e-05 -1.74605320e-05
      -1.88176273e-05 -1.97617865e-05 -1.90761493e-05 -1.73854351e-05
      -1.67639919e-05 -1.73568715e-05 -1.73806875e-05 -1.58193488e-05
      -1.27055200e-05 -8.89547846e-06 -5.48778007e-06 -2.84356679e-06
      -1.14316640e-06 -3.18665116e-07 -4.74284789e-08 -2.10209095e-09
      5.09664533e-11 -8.75551409e-10 -3.90931554e-08 -3.38587085e-07
      -1.70429985e-06 -4.59197372e-06 -7.85842349e-06 -1.08074637e-05
      -1.30033786e-05 -1.46502553e-05 -1.57878421e-05 -1.63936238e-05
      -1.65803613e-05 -1.67624785e-05 -1.66621994e-05 -1.68204260e-05
      -1.79720209e-05 -1.90925512e-05 -1.87884179e-05 -1.63391451e-05
      -1.24286089e-05 -8.38719734e-06 -5.04450327e-06 -2.56341173e-06
      -1.03086256e-06 -2.95512535e-07 -3.45929507e-08 -2.87143864e-09
      -5.89515520e-11 -1.19110011e-09 -6.31082955e-08 -4.62387050e-07
      -1.96980636e-06 -4.92452818e-06 -8.34929688e-06 -1.15303619e-05
      -1.40493521e-05 -1.59529191e-05 -1.71087358e-05 -1.72624968e-05
      -1.69762498e-05 -1.70518888e-05 -1.76777176e-05 -1.90433420e-05
      -2.06022614e-05 -2.09984973e-05 -1.93142423e-05 -1.56560964e-05
      -1.12890793e-05 -7.35236790e-06 -4.24546351e-06 -2.08100710e-06
      -8.23631012e-07 -2.43140050e-07 -3.39374111e-08 -1.60560509e-09 0.
      -3.17640603e-09 -7.59144498e-08 -5.14059252e-07 -1.93527421e-06
      -4.69964516e-06 -8.42439931e-06 -1.21919275e-05 -1.55220150e-05
      -1.80508068e-05 -1.94517979e-05 -1.97379650e-05 -1.96080218e-05
      -1.99763963e-05 -2.09258797e-05 -2.20810762e-05 -2.24189589e-05
      -2.10608778e-05 -1.78869959e-05 -1.34689235e-05 -9.16207500e-06
      -5.63476578e-06 -3.09002667e-06 -1.48746108e-06 -6.13739473e-07
      -1.68539358e-07 -2.57106514e-08 -3.98665545e-10 -1.25232130e-10
      -2.93834446e-09 -6.49959873e-08 -4.19691958e-07 -1.50507231e-06
      -3.82676217e-06 -7.41993517e-06 -1.16152714e-05 -1.56863825e-05
      -1.89513630e-05 -2.10150756e-05 -2.19058784e-05 -2.23455318e-05
      -2.29386242e-05 -2.33600222e-05 -2.30949317e-05 -2.14617539e-05
      -1.83473676e-05 -1.42248909e-05 -1.00214165e-05 -6.37602352e-06
      -3.67149573e-06 -1.92524794e-06 -9.34967602e-07 -3.84375682e-07
      -9.84056925e-08 -1.35557130e-08 -1.45074466e-10 -1.21318636e-10
      -2.30222633e-10 -4.28930029e-08 -2.47407542e-07 -8.84643214e-07
      -2.41611247e-06 -5.20532740e-06 -8.94709956e-06 -1.31170355e-05
      -1.68239203e-05 -1.96196816e-05 -2.12029154e-05 -2.20370312e-05
      -2.22302406e-05 -2.16960962e-05 -1.99472142e-05 -1.70031853e-05
      -1.33420162e-05 -9.53819654e-06 -6.22512107e-06 -3.73125567e-06
      -2.04712569e-06 -1.05975823e-06 -5.07019990e-07 -1.87732013e-07
      -4.13319086e-08 -4.06564560e-09 -2.67829786e-10 0. 0.
      -1.47444625e-08 -9.45959755e-08 -3.60014212e-07 -1.03995944e-06
      -2.48843844e-06 -4.83843542e-06 -7.89152091e-06 -1.10901674e-05
      -1.39223312e-05 -1.59917727e-05 -1.69935811e-05 -1.68872266e-05
      -1.56662700e-05 -1.34233342e-05 -1.05847839e-05 -7.66334961e-06
      -5.09398251e-06 -3.17051217e-06 -1.82409553e-06 -9.69284088e-07
      -4.88497903e-07 -2.21994242e-07 -6.77139980e-08 -1.21452892e-08
      -2.21498109e-09 0. 0. 0. -2.79872703e-09 -2.21447163e-08
      -7.43366115e-08 -2.17025502e-07 -5.68631378e-07 -1.18066487e-06
      -2.12929967e-06 -3.38688619e-06 -4.67585323e-06 -5.82483790e-06
      -6.50196353e-06 -6.59225680e-06 -6.08331766e-06 -5.08713902e-06
      -4.02116530e-06 -3.01822206e-06 -2.10405210e-06 -1.33938306e-06
      -7.80863331e-07 -4.09443913e-07 -2.05072837e-07 -9.18111027e-08
      -2.15266223e-08 -4.75827333e-09 -4.51181037e-10 0. 0. 0.
      -3.64465125e-10 9.82834703e-10 4.97187003e-09 2.73733765e-08
      8.84642972e-08 2.07255141e-07 3.24237959e-07 3.79931350e-07
      3.50620780e-07 2.96171436e-07 1.39355564e-07 -4.98785937e-08
      -2.05163005e-07 -3.60412713e-07 -5.91026264e-07 -6.69575684e-07
      -6.02653188e-07 -4.32638387e-07 -2.68893615e-07 -1.37714480e-07
      -6.53325287e-08 -3.09083887e-08 -5.16929255e-09 -8.22902635e-10
      -4.03466566e-10 0. 0. 0. 0. -1.49592908e-10 7.81563425e-10
      2.14851283e-08 9.57531654e-08 2.39592566e-07 4.32000149e-07
      5.94990524e-07 7.61880528e-07 8.56395332e-07 8.40235543e-07
      7.82879511e-07 6.55567192e-07 4.76556238e-07 2.55987629e-07
      9.37997839e-08 -9.33650490e-10 -4.40847998e-08 -5.93202287e-08
      -2.16129834e-08 -2.68342681e-09 -1.28660627e-09 -1.20115876e-10
      2.60700017e-10 0. 0. 0. 0. 0. 0. 6.74436840e-10 4.13120604e-09
      1.06545315e-08 2.16071570e-08 3.20170024e-08 4.88946057e-08
      8.03757914e-08 1.03378092e-07 1.24828446e-07 1.46515674e-07
      1.61397566e-07 1.44832953e-07 1.16492522e-07 8.27219111e-08
      4.44412649e-08 1.40795384e-08 2.65137379e-09 8.85881590e-10
      2.20487251e-09 5.13829090e-10 0. 0. 0. 0. -1.83745570e-07 0. 0. 0.
      0. 0. 0. 0. 0. 0. 0. 0. 0. -4.97525188e-10 -1.85398885e-09
      -8.50831405e-10 -3.54513086e-11 0. 0. 0. 0. 0. 0. 0. 0. 0. 0. 0.
      0. 0. 0. 0. 0. -6.17489671e-11 -2.12524304e-10 -2.17485052e-09
      -5.67371750e-09 -1.02169864e-08 -1.49540860e-08 -2.80234467e-08
      -3.74784364e-08 -4.06221474e-08 -4.13936121e-08 -4.42356693e-08
      -4.07215310e-08 -4.37412666e-08 -3.58355479e-08 -2.32679902e-08
      -1.66063980e-08 -1.25283375e-08 -4.94878627e-09 -2.34348407e-09
      -8.28493829e-10 0. 0. 0. 0. 0. 0. -2.42168674e-10 -1.62446057e-10
      -1.60530955e-09 -1.26411415e-09 -1.09437064e-08 -3.22565086e-08
      -6.14180209e-08 -1.17691201e-07 -2.01636638e-07 -2.99807681e-07
      -4.34152980e-07 -5.86211740e-07 -7.41905922e-07 -8.40223493e-07
      -8.61971557e-07 -7.84228632e-07 -6.46304500e-07 -4.72303725e-07
      -2.77407423e-07 -1.46085483e-07 -6.84332662e-08 -2.17747047e-08
      -8.10735745e-09 -1.96901828e-09 0. 0. 0. 0. -7.39388661e-10
      -1.34021994e-09 -2.78479595e-09 -1.61127218e-08 -4.91265055e-08
      -1.26591615e-07 -2.66705626e-07 -5.11806206e-07 -8.39973893e-07
      -1.25356883e-06 -1.70363887e-06 -2.22314338e-06 -2.72115835e-06
      -3.02170270e-06 -2.99053136e-06 -2.68715667e-06 -2.17060415e-06
      -1.56446038e-06 -9.52457185e-07 -5.08734331e-07 -2.35845519e-07
      -8.93418388e-08 -3.55067513e-08 -6.07105388e-09 -6.53637089e-10 0.
      0. -1.45869844e-10 -9.46951406e-10 -3.30644223e-09 -1.87608755e-08
      -9.45251557e-08 -2.39818405e-07 -5.47856530e-07 -1.06730772e-06
      -1.85361637e-06 -2.89094646e-06 -4.14156557e-06 -5.61709976e-06
      -7.13417512e-06 -8.29198052e-06 -8.82108543e-06 -8.57018131e-06
      -7.57644284e-06 -6.09502422e-06 -4.48730998e-06 -2.89300215e-06
      -1.69286739e-06 -9.07101935e-07 -4.31073204e-07 -1.71142091e-07
      -3.52349723e-08 -2.48108822e-09 6.23464648e-12 0. 0.
      -2.38369924e-09 -1.47271138e-08 -9.10526268e-08 -3.33063070e-07
      -8.01965825e-07 -1.57325587e-06 -2.74873332e-06 -4.32585239e-06
      -6.16654052e-06 -8.17269574e-06 -1.03166567e-05 -1.24192729e-05
      -1.38667365e-05 -1.43800298e-05 -1.38203341e-05 -1.22818483e-05
      -1.00954703e-05 -7.68970403e-06 -5.39471739e-06 -3.42541421e-06
      -2.01814009e-06 -1.11796203e-06 -5.18313470e-07 -1.30338833e-07
      -1.86979570e-08 -7.27396143e-10 0. -4.27011412e-11 -6.44202114e-09
      -5.16223970e-08 -2.53069260e-07 -7.29976136e-07 -1.59158412e-06
      -2.92197092e-06 -4.70496161e-06 -6.91900186e-06 -9.31062368e-06
      -1.17325144e-05 -1.42498538e-05 -1.67461330e-05 -1.86837351e-05
      -1.95663670e-05 -1.90809606e-05 -1.73140616e-05 -1.46701914e-05
      -1.12636217e-05 -8.01988062e-06 -5.19236937e-06 -3.07722894e-06
      -1.69003556e-06 -8.26093242e-07 -2.77823432e-07 -5.46853443e-08
      -4.40965975e-09 -1.83059443e-10 -4.61832883e-09 -2.53982009e-08
      -1.38185584e-07 -5.08913217e-07 -1.26531904e-06 -2.53235839e-06
      -4.31885610e-06 -6.62914454e-06 -9.38819903e-06 -1.22844731e-05
      -1.52355715e-05 -1.80225761e-05 -2.06225395e-05 -2.25976255e-05
      -2.34845993e-05 -2.32555976e-05 -2.18003515e-05 -1.88578233e-05
      -1.49871848e-05 -1.07160149e-05 -6.92968524e-06 -3.99874853e-06
      -2.05799256e-06 -9.54898269e-07 -3.85720028e-07 -7.27390130e-08
      -3.46967566e-09 -9.50871493e-10 -1.19533388e-08 -7.75146844e-08
      -2.96457756e-07 -8.06088963e-07 -1.74609795e-06 -3.27540647e-06
      -5.47440277e-06 -8.32687692e-06 -1.15879293e-05 -1.49694497e-05
      -1.79661874e-05 -2.01527746e-05 -2.17587112e-05 -2.28460885e-05
      -2.34230865e-05 -2.35355474e-05 -2.28562603e-05 -2.06211116e-05
      -1.67129092e-05 -1.21644553e-05 -7.86438977e-06 -4.37425342e-06
      -2.03931950e-06 -8.34001867e-07 -3.29044155e-07 -5.58087123e-08
      -3.26461275e-10 -1.16214260e-09 -1.87286719e-08 -1.20164486e-07
      -3.86588113e-07 -9.33967044e-07 -1.96900282e-06 -3.71348187e-06
      -6.29997066e-06 -9.57828161e-06 -1.32730902e-05 -1.65847487e-05
      -1.86693360e-05 -1.92671705e-05 -1.93269716e-05 -1.95102475e-05
      -2.02015617e-05 -2.08049423e-05 -2.10628787e-05 -1.97175796e-05
      -1.63583572e-05 -1.19449905e-05 -7.73725333e-06 -4.32214301e-06
      -1.85012436e-06 -5.85358976e-07 -1.78768758e-07 -2.71611107e-08
      -9.30435118e-10 -1.59405178e-09 -2.32860131e-08 -1.22711981e-07
      -3.79238912e-07 -8.85592783e-07 -1.95581379e-06 -3.88072658e-06
      -6.78674360e-06 -1.05729268e-05 -1.43630659e-05 -1.68396618e-05
      -1.72052223e-05 -1.60096406e-05 -1.51986351e-05 -1.57145096e-05
      -1.69929317e-05 -1.80595416e-05 -1.88276372e-05 -1.78820283e-05
      -1.50263459e-05 -1.10450201e-05 -7.23497851e-06 -4.14831811e-06
      -1.82218560e-06 -4.72562078e-07 -6.26507628e-08 -1.21906005e-08
      1.41253031e-09 -1.41647538e-09 -1.81170794e-08 -9.87819249e-08
      -2.92677157e-07 -7.58885790e-07 -1.89710715e-06 -4.07705920e-06
      -7.52509550e-06 -1.17487525e-05 -1.53910405e-05 -1.66726932e-05
      -1.52389475e-05 -1.28246365e-05 -1.23796208e-05 -1.40472857e-05
      -1.58325583e-05 -1.70826115e-05 -1.79216368e-05 -1.70540952e-05
      -1.42453819e-05 -1.04278306e-05 -6.95321069e-06 -4.25139433e-06
      -2.11089719e-06 -5.57702947e-07 -2.22292851e-08 5.51390655e-10
      -7.77313158e-10 -8.99055441e-10 -1.03557287e-08 -5.69309506e-08
      -1.98738547e-07 -6.54010705e-07 -1.98971316e-06 -4.64632058e-06
      -8.73267254e-06 -1.33829526e-05 -1.67117178e-05 -1.69129798e-05
      -1.42357367e-05 -1.13667793e-05 -1.20149753e-05 -1.48762801e-05
      -1.69895065e-05 -1.83909378e-05 -1.92059142e-05 -1.79844137e-05
      -1.45722006e-05 -1.04292958e-05 -7.10066070e-06 -4.60156389e-06
      -2.51157780e-06 -8.10475626e-07 -4.71686192e-08 -2.64425637e-09
      -7.63042685e-10 -1.28661276e-10 -4.32425828e-09 -2.88569701e-08
      -1.38156963e-07 -6.49570552e-07 -2.32665684e-06 -5.50951518e-06
      -1.00698981e-05 -1.49078851e-05 -1.79309100e-05 -1.74620654e-05
      -1.42640602e-05 -1.18739226e-05 -1.38867117e-05 -1.72822074e-05
      -1.96288856e-05 -2.10587714e-05 -2.18309615e-05 -1.99364222e-05
      -1.55433590e-05 -1.09760749e-05 -7.64422657e-06 -5.05040816e-06
      -2.92226196e-06 -1.09240000e-06 -1.06109596e-07 -1.25477282e-08
      -2.17763363e-09 -4.45138648e-10 -1.95001881e-09 -1.27451187e-08
      -1.08286869e-07 -7.00268743e-07 -2.77975982e-06 -6.35914603e-06
      -1.10779274e-05 -1.57784325e-05 -1.84737873e-05 -1.77703841e-05
      -1.49493389e-05 -1.37740990e-05 -1.67060534e-05 -1.99035785e-05
      -2.22942035e-05 -2.32305265e-05 -2.37156091e-05 -2.12123887e-05
      -1.63942059e-05 -1.18593152e-05 -8.38091000e-06 -5.57552994e-06
      -3.22860842e-06 -1.26607711e-06 -1.73895486e-07 -2.06467838e-08
      -5.24922883e-10 -1.73436460e-10 -9.11706932e-10 -1.05649214e-08
      -1.17221219e-07 -8.17313662e-07 -3.27778389e-06 -6.98141503e-06
      -1.13624765e-05 -1.54501395e-05 -1.76282792e-05 -1.70032581e-05
      -1.50503965e-05 -1.50877313e-05 -1.82391814e-05 -2.12128853e-05
      -2.29549569e-05 -2.32955736e-05 -2.34089621e-05 -2.06762961e-05
      -1.64759294e-05 -1.24993148e-05 -8.98168128e-06 -5.92122251e-06
      -3.29320460e-06 -1.29501223e-06 -2.38758844e-07 -3.45927837e-08
      -2.55746513e-09 -1.58189184e-10 -9.29445632e-10 -1.72516916e-08
      -1.42690183e-07 -1.02430158e-06 -3.75324953e-06 -7.28958094e-06
      -1.09187740e-05 -1.39087606e-05 -1.51789245e-05 -1.43387761e-05
      -1.32187242e-05 -1.42842309e-05 -1.76458652e-05 -2.07493922e-05
      -2.18522873e-05 -2.18062942e-05 -2.13448220e-05 -1.92213502e-05
      -1.60817654e-05 -1.26594368e-05 -9.07555477e-06 -5.81456425e-06
      -3.09938400e-06 -1.22956544e-06 -2.88970682e-07 -4.48784974e-08
      -2.90743762e-09 0. -1.69587988e-09 -2.58965063e-08 -2.19373291e-07
      -1.35596281e-06 -4.16131024e-06 -7.32094031e-06 -1.00771704e-05
      -1.17192740e-05 -1.18303715e-05 -1.09422326e-05 -1.07439637e-05
      -1.25920469e-05 -1.64880439e-05 -1.96196852e-05 -2.05360120e-05
      -2.03187865e-05 -1.96710589e-05 -1.81897140e-05 -1.57254926e-05
      -1.23583359e-05 -8.64057074e-06 -5.31182832e-06 -2.73145315e-06
      -1.10740086e-06 -3.23223503e-07 -4.82830842e-08 -2.10997841e-09
      -4.49026427e-10 -1.23370647e-09 -4.15451211e-08 -3.49696847e-07
      -1.72247644e-06 -4.47803086e-06 -7.35879121e-06 -9.43830037e-06
      -1.01155620e-05 -9.83046084e-06 -9.51732181e-06 -1.02967169e-05
      -1.29318314e-05 -1.70316107e-05 -1.98726902e-05 -2.06692948e-05
      -2.03912186e-05 -1.96326328e-05 -1.80504321e-05 -1.52656867e-05
      -1.15468738e-05 -7.81745348e-06 -4.67541122e-06 -2.37158247e-06
      -9.83194127e-07 -2.96173823e-07 -3.55845522e-08 -2.88656987e-09
      -5.93750535e-11 -2.85283663e-09 -6.61066508e-08 -4.68047915e-07
      -1.95020425e-06 -4.64023833e-06 -7.44850604e-06 -9.36556808e-06
      -1.01143687e-05 -1.03433340e-05 -1.10776846e-05 -1.29253040e-05
      -1.60930031e-05 -1.97472164e-05 -2.19834728e-05 -2.23092811e-05
      -2.14652209e-05 -2.00158429e-05 -1.74772358e-05 -1.39448239e-05
      -1.00686320e-05 -6.57043893e-06 -3.77965898e-06 -1.86472448e-06
      -7.89511773e-07 -2.45817432e-07 -3.41808928e-08 -1.61534874e-09 0.
      -3.56074858e-09 -7.64991199e-08 -5.15168324e-07 -1.88299634e-06
      -4.29387637e-06 -7.16663772e-06 -9.47599074e-06 -1.11671179e-05
      -1.25517363e-05 -1.43400139e-05 -1.70838484e-05 -2.02870251e-05
      -2.32400489e-05 -2.44202220e-05 -2.36727028e-05 -2.17248089e-05
      -1.89778457e-05 -1.54020181e-05 -1.14178338e-05 -7.79037509e-06
      -4.82332098e-06 -2.65769199e-06 -1.31729098e-06 -5.93857749e-07
      -1.70840039e-07 -2.58962931e-08 -4.01070455e-10 -1.25913793e-10
      -2.95399172e-09 -6.54503154e-08 -4.20531592e-07 -1.45470108e-06
      -3.37427218e-06 -6.02621185e-06 -8.82557015e-06 -1.14788036e-05
      -1.39957119e-05 -1.65674737e-05 -1.95598841e-05 -2.24078485e-05
      -2.42822152e-05 -2.42665428e-05 -2.23789539e-05 -1.92758889e-05
      -1.55152266e-05 -1.14983941e-05 -8.01017995e-06 -5.12152428e-06
      -3.02199032e-06 -1.60800914e-06 -8.29048531e-07 -3.77310897e-07
      -1.00859431e-07 -1.36456677e-08 -1.46544679e-10 -1.21978982e-10
      -2.31512740e-10 -4.31743530e-08 -2.46836493e-07 -8.58860972e-07
      -2.07853304e-06 -4.04653292e-06 -6.64157324e-06 -9.67786582e-06
      -1.26837131e-05 -1.54812296e-05 -1.79051258e-05 -1.97578702e-05
      -2.04453572e-05 -1.96376168e-05 -1.72609325e-05 -1.39870517e-05
      -1.04760284e-05 -7.23633275e-06 -4.73243017e-06 -2.88456044e-06
      -1.63912796e-06 -8.81471465e-07 -4.56121114e-07 -1.84021957e-07
      -4.18373958e-08 -4.09164524e-09 -2.70544032e-10 0. 0.
      -1.48295616e-08 -9.50794217e-08 -3.75367051e-07 -9.37403456e-07
      -1.95143139e-06 -3.64715356e-06 -5.96894915e-06 -8.62079287e-06
      -1.12171965e-05 -1.31997331e-05 -1.41723704e-05 -1.40697066e-05
      -1.29990631e-05 -1.08996464e-05 -8.37890911e-06 -5.96546579e-06
      -3.91854519e-06 -2.46107493e-06 -1.45446029e-06 -7.89078854e-07
      -4.20669977e-07 -2.01284507e-07 -6.79980303e-08 -1.27858826e-08
      -2.23021090e-09 0. 0. 0. -3.68512465e-09 -2.82961725e-08
      -1.23377816e-07 -3.21975250e-07 -7.04646482e-07 -1.38789505e-06
      -2.40135500e-06 -3.76991011e-06 -5.28077726e-06 -6.48402784e-06
      -7.04567174e-06 -7.00017154e-06 -6.36642471e-06 -5.33908633e-06
      -4.18621084e-06 -3.14346835e-06 -2.10755161e-06 -1.31040338e-06
      -7.52399956e-07 -3.96892830e-07 -1.93314108e-07 -8.45798809e-08
      -2.33501858e-08 -5.13170884e-09 -4.53514781e-10 0. 0. 0.
      -3.64680786e-10 -4.17777279e-09 -2.99135934e-08 -1.07965377e-07
      -3.01067558e-07 -6.73325872e-07 -1.29331966e-06 -2.05880042e-06
      -2.88711999e-06 -3.47841888e-06 -3.76852654e-06 -3.68192400e-06
      -3.25376436e-06 -2.71971317e-06 -2.22666904e-06 -1.68337715e-06
      -1.13882732e-06 -6.94256755e-07 -3.76019614e-07 -1.90175626e-07
      -8.57355147e-08 -3.04884082e-08 -7.26710958e-09 -8.24857183e-10
      -4.05554867e-10 0. 0. 0. 0. -1.50249438e-10 -8.32291747e-09
      -3.81363563e-08 -1.25360344e-07 -2.77565704e-07 -5.35117692e-07
      -8.12208441e-07 -1.12302371e-06 -1.38381733e-06 -1.49377411e-06
      -1.45340425e-06 -1.29679620e-06 -1.04136325e-06 -8.28257498e-07
      -6.06856190e-07 -3.97701740e-07 -2.36040933e-07 -1.26324636e-07
      -5.58475932e-08 -1.74500823e-08 -3.57920182e-09 -1.20202820e-10
      -2.30262781e-10 0. 0. 0. 0. 0. 0. -5.90645866e-10 -3.64360431e-09
      -9.76945458e-09 -2.09379074e-08 -2.99773220e-08 -4.59648426e-08
      -7.87864352e-08 -1.00880364e-07 -1.23666993e-07 -1.39083170e-07
      -1.62249890e-07 -1.39896230e-07 -1.14204354e-07 -8.14828169e-08
      -4.75297490e-08 -2.09649258e-08 -1.07846079e-08 -4.59464111e-09
      -3.64515262e-09 -4.85038343e-10 0. 0. 0. 0. -1.82200623e-07 0. 0.
      0. 0. 0. 0. 0. 0. 0. 0. 0. 0. -4.97312358e-10 -1.85285454e-09
      -8.50087667e-10 -3.54203195e-11 0. 0. 0. 0. 0. 0. 0. 0. 0. 0. 0.
      0. 0. 0. 0. 0. -6.17159795e-11 -2.12516921e-10 -2.18100538e-09
      -5.68588998e-09 -1.02179563e-08 -1.49459787e-08 -2.80128951e-08
      -3.74709437e-08 -4.06109457e-08 -4.13676275e-08 -4.41971011e-08
      -4.06799074e-08 -4.36912870e-08 -3.57882506e-08 -2.32323405e-08
      -1.65761627e-08 -1.25018760e-08 -4.93673458e-09 -2.33938313e-09
      -8.28371371e-10 0. 0. 0. 0. 0. 0. -2.41607762e-10 -1.62368008e-10
      -1.60194502e-09 -1.26202404e-09 -1.09350289e-08 -3.22386953e-08
      -6.13516704e-08 -1.17505465e-07 -2.01344704e-07 -2.99360693e-07
      -4.33440107e-07 -5.85119949e-07 -7.40351879e-07 -8.38289907e-07
      -8.59877332e-07 -7.82694428e-07 -6.46284093e-07 -4.70954632e-07
      -2.76533910e-07 -1.45618429e-07 -6.82189452e-08 -2.17010072e-08
      -8.07475331e-09 -1.95937178e-09 0. 0. 0. 0. -7.36830486e-10
      -1.33753664e-09 -2.77785861e-09 -1.60538391e-08 -4.89513070e-08
      -1.26164565e-07 -2.66388497e-07 -5.11547910e-07 -8.40764756e-07
      -1.25545262e-06 -1.70857447e-06 -2.23491656e-06 -2.73770002e-06
      -3.04798482e-06 -3.02031026e-06 -2.71850377e-06 -2.19439903e-06
      -1.57838826e-06 -9.63684670e-07 -5.22991797e-07 -2.44102040e-07
      -9.51894066e-08 -3.73830673e-08 -6.38755626e-09 -6.49314047e-10 0.
      0. -1.44912082e-10 -1.20591936e-09 -3.29422889e-09 -1.86843216e-08
      -9.44312291e-08 -2.40246948e-07 -5.56912312e-07 -1.09898338e-06
      -1.93208211e-06 -3.06058541e-06 -4.47302136e-06 -6.20346782e-06
      -8.07531978e-06 -9.59245062e-06 -1.03720395e-05 -1.01615824e-05
      -8.97263089e-06 -7.18377123e-06 -5.26349686e-06 -3.40777069e-06
      -1.99348597e-06 -1.04801961e-06 -4.93045377e-07 -1.99390826e-07
      -4.80273279e-08 -6.89008361e-09 -4.82655083e-10 0. 0.
      -2.37405962e-09 -1.46610200e-08 -9.10658287e-08 -3.36607286e-07
      -8.25475922e-07 -1.66048108e-06 -2.98397845e-06 -4.84792417e-06
      -7.15215992e-06 -9.95608389e-06 -1.32011173e-05 -1.64936228e-05
      -1.90098817e-05 -2.02498577e-05 -1.99229999e-05 -1.80108054e-05
      -1.48565705e-05 -1.12584348e-05 -7.79527090e-06 -4.90299271e-06
      -2.83921781e-06 -1.52922269e-06 -6.91344212e-07 -1.95563103e-07
      -3.28926788e-08 -1.11356147e-09 0. -4.25302640e-11 -6.43151221e-09
      -5.14470244e-08 -2.57877360e-07 -7.56420945e-07 -1.69804173e-06
      -3.23923791e-06 -5.41192685e-06 -8.19367961e-06 -1.13903734e-05
      -1.47315086e-05 -1.78990849e-05 -2.05581127e-05 -2.23202023e-05
      -2.30696587e-05 -2.27401160e-05 -2.14189731e-05 -1.89659040e-05
      -1.54093250e-05 -1.14510731e-05 -7.71233135e-06 -4.70052964e-06
      -2.60731395e-06 -1.23925770e-06 -4.28491944e-07 -8.66156569e-08
      -7.08439885e-09 -1.83744561e-10 -4.61834126e-09 -2.54168313e-08
      -1.38458830e-07 -5.33710875e-07 -1.35375876e-06 -2.78823086e-06
      -4.93005791e-06 -7.70078623e-06 -1.09874845e-05 -1.42433692e-05
      -1.70223193e-05 -1.89669099e-05 -2.02918472e-05 -2.09944010e-05
      -2.13043568e-05 -2.13577077e-05 -2.11994902e-05 -2.01335206e-05
      -1.76514168e-05 -1.38393825e-05 -9.73136775e-06 -6.10648931e-06
      -3.39209942e-06 -1.60188245e-06 -5.95827998e-07 -1.19233761e-07
      -7.42572048e-09 -9.53901735e-10 -1.19798429e-08 -7.76377078e-08
      -3.06226070e-07 -8.54174232e-07 -1.89056766e-06 -3.61739467e-06
      -6.12843814e-06 -9.16459521e-06 -1.25052229e-05 -1.53591627e-05
      -1.73555236e-05 -1.84858145e-05 -1.91119234e-05 -1.94763161e-05
      -1.96932306e-05 -1.99082206e-05 -2.01780731e-05 -1.98991565e-05
      -1.81348005e-05 -1.46939419e-05 -1.05711424e-05 -6.69314613e-06
      -3.59239107e-06 -1.61885384e-06 -5.98839335e-07 -1.11985230e-07
      -6.35565200e-09 -1.16421361e-09 -1.87685423e-08 -1.20126188e-07
      -3.95665069e-07 -9.91029538e-07 -2.07613220e-06 -3.90284822e-06
      -6.50513266e-06 -9.59855242e-06 -1.27141848e-05 -1.52866414e-05
      -1.69380601e-05 -1.76271315e-05 -1.78391565e-05 -1.79486906e-05
      -1.82922522e-05 -1.85791305e-05 -1.89108669e-05 -1.87539408e-05
      -1.72487598e-05 -1.41099690e-05 -1.02479917e-05 -6.48283822e-06
      -3.33159642e-06 -1.33067056e-06 -4.35238292e-07 -8.18657355e-08
      -6.63399957e-09 -1.59719460e-09 -2.33400073e-08 -1.22913079e-07
      -3.76664588e-07 -8.90533329e-07 -1.87851060e-06 -3.67570328e-06
      -6.19827551e-06 -9.21017454e-06 -1.23338223e-05 -1.49681127e-05
      -1.64994126e-05 -1.66682221e-05 -1.62780743e-05 -1.63984405e-05
      -1.69811683e-05 -1.72469663e-05 -1.75514069e-05 -1.71789543e-05
      -1.54546979e-05 -1.25593724e-05 -9.13430995e-06 -5.78187701e-06
      -2.88965884e-06 -1.01573312e-06 -2.59271616e-07 -5.14027789e-08
      -4.37287095e-09 -1.42076173e-09 -1.81585893e-08 -9.73019212e-08
      -2.70687963e-07 -6.60981073e-07 -1.55947305e-06 -3.31896626e-06
      -5.84325699e-06 -8.99998940e-06 -1.24762701e-05 -1.53300934e-05
      -1.66896079e-05 -1.62109445e-05 -1.56255192e-05 -1.62368160e-05
      -1.69663217e-05 -1.71516112e-05 -1.70482890e-05 -1.60085765e-05
      -1.38053801e-05 -1.09223965e-05 -7.94776861e-06 -5.14555450e-06
      -2.70864120e-06 -8.85842496e-07 -1.36146241e-07 -2.82485040e-08
      -1.92443261e-09 -9.02577013e-10 -1.03809779e-08 -5.34680495e-08
      -1.53943205e-07 -4.36752430e-07 -1.39524525e-06 -3.30176454e-06
      -6.05571495e-06 -9.49538571e-06 -1.31925244e-05 -1.61586249e-05
      -1.71512620e-05 -1.63391069e-05 -1.65632919e-05 -1.80389943e-05
      -1.89096263e-05 -1.87896840e-05 -1.78356022e-05 -1.58260100e-05
      -1.30122335e-05 -1.00246707e-05 -7.34406831e-06 -4.93524703e-06
      -2.78075640e-06 -9.68915060e-07 -1.02265432e-07 -1.85222699e-08
      -2.38758147e-09 -1.28362682e-10 -4.33276170e-09 -2.63733604e-08
      -8.40214796e-08 -3.56048957e-07 -1.52828227e-06 -3.73523699e-06
      -6.73575050e-06 -1.02122440e-05 -1.37526877e-05 -1.62324341e-05
      -1.67607886e-05 -1.65837901e-05 -1.85502959e-05 -2.06515069e-05
      -2.15707078e-05 -2.06701679e-05 -1.88832346e-05 -1.63289315e-05
      -1.31417928e-05 -1.00932648e-05 -7.51721109e-06 -5.15471947e-06
      -3.03562342e-06 -1.15980060e-06 -1.33678952e-07 -1.90224334e-08
      -2.59697064e-09 -4.44415921e-10 -1.94942107e-09 -1.11188045e-08
      -5.47145333e-08 -4.07549635e-07 -1.97212012e-06 -4.50465450e-06
      -7.63778098e-06 -1.08192062e-05 -1.36533945e-05 -1.52403927e-05
      -1.56005426e-05 -1.67465259e-05 -2.03710151e-05 -2.29033612e-05
      -2.36504929e-05 -2.14016036e-05 -1.91426152e-05 -1.68190782e-05
      -1.40554366e-05 -1.10849469e-05 -8.25327334e-06 -5.61609158e-06
      -3.28479837e-06 -1.30824833e-06 -1.87756200e-07 -2.11189608e-08
      -5.22613730e-10 -1.73256826e-10 -9.07562692e-10 -1.00578532e-08
      -7.50954641e-08 -5.83525832e-07 -2.61036053e-06 -5.46378487e-06
      -8.48757281e-06 -1.11908148e-05 -1.31271254e-05 -1.40644734e-05
      -1.47829523e-05 -1.72872478e-05 -2.14686297e-05 -2.40585359e-05
      -2.34837571e-05 -2.02221763e-05 -1.83256197e-05 -1.68701335e-05
      -1.49082443e-05 -1.21132689e-05 -8.97769132e-06 -5.99772875e-06
      -3.36122002e-06 -1.33416017e-06 -2.47694686e-07 -3.36147821e-08
      -2.54900989e-09 -1.58514840e-10 -9.26296317e-10 -1.70586638e-08
      -1.18733141e-07 -8.78220249e-07 -3.31144111e-06 -6.34906201e-06
      -9.22226172e-06 -1.14865998e-05 -1.28514857e-05 -1.34518523e-05
      -1.46245256e-05 -1.75151126e-05 -2.11518291e-05 -2.29820362e-05
      -2.12398954e-05 -1.83132415e-05 -1.72055315e-05 -1.68210609e-05
      -1.54359404e-05 -1.26978830e-05 -9.24834148e-06 -5.96090285e-06
      -3.22447272e-06 -1.28556326e-06 -2.96765961e-07 -4.44351080e-08
      -2.89767876e-09 0. -1.68779168e-09 -2.54513939e-08 -2.07051357e-07
      -1.29112959e-06 -3.99114015e-06 -7.04888680e-06 -9.80744608e-06
      -1.17936643e-05 -1.29696473e-05 -1.36717008e-05 -1.49439038e-05
      -1.70675921e-05 -1.96338879e-05 -2.05491233e-05 -1.88505328e-05
      -1.72235850e-05 -1.70603489e-05 -1.72149066e-05 -1.58319108e-05
      -1.27600524e-05 -9.00913619e-06 -5.58600914e-06 -2.90732464e-06
      -1.18003095e-06 -3.24883359e-07 -4.88469958e-08 -2.10604201e-09
      -2.36264133e-11 -1.22708976e-09 -4.04600051e-08 -3.41377984e-07
      -1.70578005e-06 -4.55444797e-06 -7.69860617e-06 -1.04736282e-05
      -1.24349726e-05 -1.38344494e-05 -1.48849085e-05 -1.58387047e-05
      -1.70658459e-05 -1.87439709e-05 -1.91901636e-05 -1.85649642e-05
      -1.81671639e-05 -1.84518340e-05 -1.81302821e-05 -1.58938983e-05
      -1.22133333e-05 -8.32586375e-06 -5.03665979e-06 -2.56676003e-06
      -1.04541061e-06 -2.93959772e-07 -3.57174343e-08 -2.87592683e-09
      -5.90033022e-11 -2.84292989e-09 -6.57464625e-08 -4.62223340e-07
      -1.97562349e-06 -4.90875937e-06 -8.29788132e-06 -1.14321201e-05
      -1.39138656e-05 -1.58388011e-05 -1.71953579e-05 -1.80000025e-05
      -1.88889262e-05 -1.98815796e-05 -2.03638629e-05 -2.04351054e-05
      -2.03898799e-05 -1.99916230e-05 -1.82926324e-05 -1.49247189e-05
      -1.08918493e-05 -7.17922421e-06 -4.16858256e-06 -2.04659250e-06
      -8.22802235e-07 -2.39597739e-07 -3.40008306e-08 -1.60806901e-09 0.
      -3.54646357e-09 -7.54186757e-08 -5.12818133e-07 -1.93054348e-06
      -4.68231656e-06 -8.40138273e-06 -1.21825778e-05 -1.55734633e-05
      -1.83048542e-05 -2.01980147e-05 -2.13464118e-05 -2.21736918e-05
      -2.28684130e-05 -2.31864287e-05 -2.29451198e-05 -2.19137455e-05
      -1.98217967e-05 -1.66698410e-05 -1.25654615e-05 -8.65548463e-06
      -5.39419989e-06 -2.97991187e-06 -1.43814032e-06 -5.98579732e-07
      -1.62535258e-07 -2.57640949e-08 -3.99104472e-10 -1.25217559e-10
      -2.94037150e-09 -6.47952376e-08 -4.19092146e-07 -1.50457572e-06
      -3.82627968e-06 -7.43784403e-06 -1.16813226e-05 -1.59031624e-05
      -1.95486591e-05 -2.22475719e-05 -2.40157478e-05 -2.49961304e-05
      -2.53803810e-05 -2.49989953e-05 -2.35524003e-05 -2.07735957e-05
      -1.70052081e-05 -1.29214977e-05 -9.05575507e-06 -5.81019458e-06
      -3.39110488e-06 -1.79060203e-06 -8.72163014e-07 -3.60325345e-07
      -9.55016475e-08 -1.35884086e-08 -1.45398055e-10 -1.21304508e-10
      -2.30348768e-10 -4.29253291e-08 -2.46946911e-07 -8.93886806e-07
      -2.45743672e-06 -5.29049430e-06 -9.14984776e-06 -1.35943010e-05
      -1.77980364e-05 -2.12461346e-05 -2.33965657e-05 -2.43291324e-05
      -2.41063717e-05 -2.28670178e-05 -2.01687253e-05 -1.61966454e-05
      -1.19314445e-05 -8.19365687e-06 -5.23105382e-06 -3.11255621e-06
      -1.71035072e-06 -8.90020033e-07 -4.21553551e-07 -1.62253230e-07
      -3.82641545e-08 -4.07373202e-09 -2.68427169e-10 0. 0.
      -1.47548320e-08 -9.47869054e-08 -3.91486935e-07 -1.12324835e-06
      -2.67008477e-06 -5.24119650e-06 -8.65227594e-06 -1.23859827e-05
      -1.57328723e-05 -1.80628158e-05 -1.89168550e-05 -1.83684479e-05
      -1.65289766e-05 -1.34926413e-05 -9.70228484e-06 -6.27196869e-06
      -3.71755300e-06 -2.11563020e-06 -1.14662089e-06 -5.90217098e-07
      -2.90360504e-07 -1.27429374e-07 -4.26275406e-08 -1.01615942e-08
      -2.21888641e-09 0. 0. 0. -3.67191255e-09 -2.81530106e-08
      -1.17099717e-07 -3.24984939e-07 -8.34591333e-07 -1.76101548e-06
      -3.14280078e-06 -4.87901707e-06 -6.52256449e-06 -7.71897521e-06
      -8.16055399e-06 -7.86443252e-06 -6.83452618e-06 -5.16171394e-06
      -3.25277665e-06 -1.73241938e-06 -7.90736067e-07 -3.31329346e-07
      -1.04443259e-07 -3.85208416e-08 -1.86522193e-08 1.18213261e-09
      -5.11409404e-09 -3.08724979e-09 -4.53049820e-10 0. 0. 0.
      -6.43145398e-11 -4.16642543e-09 -2.11612523e-08 -6.14632398e-08
      -1.97982217e-07 -4.37633247e-07 -7.73839247e-07 -1.10780468e-06
      -1.36569702e-06 -1.46721231e-06 -1.40728343e-06 -1.31408399e-06
      -1.11060376e-06 -7.26867711e-07 -2.24446723e-07 1.26923354e-07
      2.60730189e-07 2.44236446e-07 1.91642471e-07 1.04611523e-07
      3.73502900e-08 1.50931037e-08 1.09007980e-09 2.32345379e-10
      -4.05434852e-10 0. 0. 0. 0. 1.66949454e-10 -3.66085245e-10
      -1.93493221e-08 -8.33120808e-08 -2.08101767e-07 -3.74651023e-07
      -5.12380552e-07 -6.58036470e-07 -7.29160604e-07 -7.08225116e-07
      -6.57775729e-07 -5.44013687e-07 -3.96755752e-07 -1.95483267e-07
      -6.05476771e-08 1.87187030e-08 5.69047671e-08 6.52827623e-08
      2.14425881e-08 2.06462003e-09 5.22352328e-10 1.12951488e-10
      -2.29911562e-10 0. 0. 0. 0. 0. 0. -5.89727434e-10 -3.64315511e-09
      -9.42942791e-09 -1.90065617e-08 -2.80708967e-08 -4.28164455e-08
      -7.15160695e-08 -9.31630950e-08 -1.12388626e-07 -1.31265892e-07
      -1.43271677e-07 -1.29797456e-07 -1.04465258e-07 -7.45547339e-08
      -3.96195432e-08 -1.17091954e-08 -1.46807977e-09 -4.53038773e-10
      -1.94849137e-09 -4.85249174e-10 0. 0. 0. 0.</data></learnt_thetas>
  <n_labels type_id="opencv-matrix">
    <rows>10</rows>
    <cols>1</cols>
    <dt>i</dt>
    <data>
      0 1 2 3 4 5 6 7 8 9</data></n_labels>
  <o_labels type_id="opencv-matrix">
    <rows>10</rows>
    <cols>1</cols>
    <dt>i</dt>
    <data>
      0 1 2 3 4 5 6 7 8 9</data></o_labels></opencv_ml_lr>
</opencv_storage>
