<?xml version="1.0"?>
<opencv_storage>
<opencv_ml_lr>
  <format>3</format>
  <classifier>"Logisitic Regression Classifier"</classifier>
  <alpha>5.0000000000000003e-02</alpha>
  <iterations>5</iterations>
  <norm>-1</norm>
  <train_method>0</train_method>
  <learnt_thetas type_id="opencv-matrix">
    <rows>10</rows>
    <cols>785</cols>
    <dt>f</dt>
    <data>
      -8.24114807e-07 0. 0. 0. 0. 0. 0. 0. 0. 0. 0. 0. 0.
      -2.88563773e-09 -1.07363185e-08 -4.91612839e-09 -2.04838715e-10 0.
      0. 0. 0. 0. 0. 0. 0. 0. 0. 0. 0. 0. 0. 0. 0. -3.24037130e-10
      -1.12756093e-09 -1.24302586e-08 -3.17837952e-08 -5.72742778e-08
      -8.29354292e-08 -1.54002720e-07 -1.95591042e-07 -2.03278489e-07
      -2.17378656e-07 -2.44129950e-07 -2.19828678e-07 -2.26121756e-07
      -1.86039216e-07 -1.22870290e-07 -8.90910670e-08 -6.67112303e-08
      -2.56527564e-08 -1.22933850e-08 -4.53747040e-09 0. 0. 0. 0. 0. 0.
      -1.13101006e-09 1.08854259e-09 -7.62220687e-09 -6.51154997e-09
      -5.38806866e-08 -1.63938495e-07 -3.30815737e-07 -6.36846551e-07
      -1.09363543e-06 -1.60270451e-06 -2.29353805e-06 -3.05297203e-06
      -3.89088336e-06 -4.40977283e-06 -4.50303605e-06 -4.08153119e-06
      -3.35815139e-06 -2.43276963e-06 -1.42460624e-06 -7.46051569e-07
      -3.54068618e-07 -1.14120937e-07 -4.07717380e-08 -9.25330301e-09 0.
      0. 0. 0. -3.51901375e-09 -1.13257159e-09 -6.82197410e-09
      -5.86917501e-08 -2.37981808e-07 -6.44353747e-07 -1.35635378e-06
      -2.61559217e-06 -4.25147164e-06 -6.12007716e-06 -8.11014070e-06
      -1.04053779e-05 -1.27255562e-05 -1.40107977e-05 -1.37623947e-05
      -1.25631150e-05 -1.02378526e-05 -7.22859249e-06 -4.31348008e-06
      -2.38078383e-06 -1.14021111e-06 -4.52122634e-07 -1.78819590e-07
      -2.81118719e-08 -3.41924933e-09 0. 0. -7.08911152e-10
      -6.19348350e-09 -6.16231777e-09 -8.90035068e-08 -4.70061167e-07
      -1.18161449e-06 -2.69688371e-06 -5.14831663e-06 -8.65506536e-06
      -1.31353627e-05 -1.77472521e-05 -2.23086336e-05 -2.63804759e-05
      -2.89886775e-05 -2.84416437e-05 -2.59526187e-05 -2.18413843e-05
      -1.72305572e-05 -1.28286538e-05 -9.07168305e-06 -6.05552714e-06
      -3.75057834e-06 -2.19268668e-06 -9.87144858e-07 -2.44106019e-07
      -3.74020352e-08 -2.90919711e-09 0. 0. -1.24113111e-08
      -6.02445880e-08 -4.51151806e-07 -1.67537235e-06 -3.98192924e-06
      -7.82761981e-06 -1.34859065e-05 -2.04044154e-05 -2.75737002e-05
      -3.45848166e-05 -4.15944050e-05 -4.71180319e-05 -4.99012276e-05
      -4.89171653e-05 -4.40692784e-05 -3.74136580e-05 -2.96726303e-05
      -2.25432595e-05 -1.74204743e-05 -1.27873682e-05 -9.35375101e-06
      -6.50878883e-06 -3.43909710e-06 -1.04065884e-06 -1.78478089e-07
      -6.80981049e-09 0. -2.24121319e-10 -3.60264849e-08 -2.78870004e-07
      -1.27217641e-06 -3.62166111e-06 -8.08442746e-06 -1.48981981e-05
      -2.34100717e-05 -3.27142261e-05 -4.13152338e-05 -4.90010207e-05
      -5.65634000e-05 -6.37029589e-05 -6.89494263e-05 -6.96699062e-05
      -6.47903507e-05 -5.48615535e-05 -4.28974126e-05 -3.13408636e-05
      -2.21886658e-05 -1.62523847e-05 -1.24048784e-05 -9.66535845e-06
      -6.02854470e-06 -2.27463920e-06 -4.65954571e-07 -3.47395996e-08
      -9.66716263e-10 -2.52142751e-08 -1.48530447e-07 -7.49978653e-07
      -2.73177375e-06 -6.62890125e-06 -1.33655603e-05 -2.22447670e-05
      -3.23620552e-05 -4.23599231e-05 -5.15897373e-05 -6.00514250e-05
      -6.78523429e-05 -7.56958470e-05 -8.10564525e-05 -8.33197337e-05
      -8.01823262e-05 -7.08964508e-05 -5.64577895e-05 -4.01754514e-05
      -2.56688199e-05 -1.62981796e-05 -1.13496526e-05 -9.78660319e-06
      -7.12882684e-06 -3.15445754e-06 -6.46566093e-07 -2.99589971e-08
      -1.39148593e-09 -6.80752166e-08 -4.42678441e-07 -1.67696157e-06
      -4.55117197e-06 -9.56876011e-06 -1.72644777e-05 -2.68336116e-05
      -3.70933703e-05 -4.76894056e-05 -5.76817656e-05 -6.54840260e-05
      -7.08694715e-05 -7.51403204e-05 -7.87590834e-05 -8.23115624e-05
      -8.40157954e-05 -8.08250625e-05 -6.81466699e-05 -4.69239676e-05
      -2.51948532e-05 -1.17101163e-05 -5.86383294e-06 -5.63133108e-06
      -5.91663411e-06 -3.22840128e-06 -6.10240022e-07 -3.51544642e-08
      -7.15215798e-09 -1.08805615e-07 -6.83585654e-07 -2.20460265e-06
      -5.39369557e-06 -1.06782618e-05 -1.79699618e-05 -2.65114923e-05
      -3.66578279e-05 -4.73565924e-05 -5.69454714e-05 -6.22349835e-05
      -6.26248802e-05 -6.25244065e-05 -6.69489236e-05 -7.57436428e-05
      -8.48433774e-05 -8.85305853e-05 -7.81046110e-05 -5.23953677e-05
      -2.30422265e-05 -3.18876209e-06 3.93923347e-06 1.74152501e-06
      -2.60108709e-06 -2.32460707e-06 -4.49016198e-07 -3.79077818e-08
      -9.97890126e-09 -1.38846133e-07 -6.92802530e-07 -2.15450245e-06
      -5.10252084e-06 -9.35869866e-06 -1.48689815e-05 -2.16755670e-05
      -3.15953912e-05 -4.26428087e-05 -5.17628068e-05 -5.37328197e-05
      -5.11801627e-05 -5.20737012e-05 -6.20193532e-05 -7.77550013e-05
      -9.10627277e-05 -9.82100901e-05 -8.75817714e-05 -5.69173571e-05
      -1.93192700e-05 6.36066943e-06 1.50871147e-05 1.02582944e-05
      1.26463169e-06 -1.32388288e-06 -2.85369140e-07 -2.36675568e-08
      -8.86511398e-09 -1.08593099e-07 -5.68332439e-07 -1.65946676e-06
      -4.00585350e-06 -6.58079352e-06 -9.51446236e-06 -1.50401693e-05
      -2.57186402e-05 -3.89149645e-05 -4.82974938e-05 -5.06571814e-05
      -5.01832619e-05 -5.65726186e-05 -7.39950701e-05 -9.17508805e-05
      -1.05166007e-04 -1.10975430e-04 -9.66056177e-05 -5.90722411e-05
      -1.50919268e-05 1.47880965e-05 2.32882248e-05 1.65200454e-05
      4.31613671e-06 -5.47454817e-07 -1.39980472e-07 -1.11461071e-08
      -5.25576915e-09 -6.23262366e-08 -3.30238464e-07 -1.14266913e-06
      -2.78949506e-06 -3.13040300e-06 -3.63661093e-06 -9.10145081e-06
      -2.23430798e-05 -3.85739186e-05 -5.09065903e-05 -5.74879887e-05
      -6.19047278e-05 -7.72484345e-05 -9.98854375e-05 -1.16970288e-04
      -1.27501873e-04 -1.27108287e-04 -1.03653816e-04 -5.88811199e-05
      -1.11834370e-05 1.91600320e-05 2.69257271e-05 1.94963177e-05
      5.95671236e-06 -2.37940313e-07 -8.81057929e-08 -1.36655807e-08
      -8.15929491e-10 -2.18919904e-08 -1.58905493e-07 -7.73599254e-07
      -1.69778389e-06 7.69054111e-07 1.70990324e-06 -4.25258531e-06
      -2.04305725e-05 -4.07120388e-05 -5.81615750e-05 -7.02632897e-05
      -8.25404422e-05 -1.07128930e-04 -1.30357992e-04 -1.45042533e-04
      -1.48454070e-04 -1.39330936e-04 -1.06869702e-04 -5.68228097e-05
      -8.71684642e-06 1.96670990e-05 2.61882124e-05 1.88770591e-05
      6.02250293e-06 -3.04292257e-07 -1.08520645e-07 -1.65652629e-08
      -2.63416999e-09 -1.15998855e-08 -7.54629070e-08 -6.03298304e-07
      -4.62720266e-07 4.86110821e-06 6.76584023e-06 1.96940618e-07
      -1.85976241e-05 -4.36291994e-05 -6.64839972e-05 -8.44479800e-05
      -1.03671526e-04 -1.33158392e-04 -1.54036999e-04 -1.63711462e-04
      -1.57180912e-04 -1.40435965e-04 -1.02755301e-04 -5.25408432e-05
      -8.60258478e-06 1.66022310e-05 2.20100919e-05 1.58628591e-05
      5.22163782e-06 -5.07567279e-07 -1.21358752e-07 -3.05276471e-09
      -1.03154352e-09 -5.32999778e-09 -6.00167169e-08 -6.39498808e-07
      1.00232967e-06 8.80606422e-06 1.13617170e-05 4.29396277e-06
      -1.60496857e-05 -4.46861523e-05 -7.20268581e-05 -9.39898382e-05
      -1.17059819e-04 -1.44801699e-04 -1.61435615e-04 -1.63052653e-04
      -1.49664702e-04 -1.28751999e-04 -9.01964013e-05 -4.53017055e-05
      -8.78885203e-06 1.16673591e-05 1.62630240e-05 1.16501105e-05
      3.40051724e-06 -8.82122492e-07 -1.86596026e-07 -1.46142920e-08
      -9.65872382e-10 -5.09341280e-09 -9.19137548e-08 -7.38739914e-07
      2.01576700e-06 1.16642477e-05 1.49536672e-05 8.45385784e-06
      -1.20202267e-05 -4.19381940e-05 -7.05094426e-05 -9.33156189e-05
      -1.15437688e-04 -1.37410534e-04 -1.50551568e-04 -1.47573446e-04
      -1.32583591e-04 -1.08534296e-04 -7.30961256e-05 -3.62373175e-05
      -8.29913279e-06 7.00393139e-06 1.01490459e-05 6.66048936e-06
      9.79632546e-07 -1.24302142e-06 -2.46977265e-07 -1.60657265e-08 0.
      -8.84824214e-09 -1.38728424e-07 -1.07645553e-06 2.38616121e-06
      1.27205367e-05 1.67180078e-05 1.16678566e-05 -6.73233217e-06
      -3.49291258e-05 -6.30526483e-05 -8.47499323e-05 -1.02151404e-04
      -1.19917080e-04 -1.31039778e-04 -1.27253050e-04 -1.11734538e-04
      -8.71681841e-05 -5.76469611e-05 -2.96176258e-05 -8.73319732e-06
      1.71954480e-06 4.02915202e-06 1.50874814e-06 -1.25288886e-06
      -1.49085542e-06 -2.61500276e-07 -5.38583445e-09 -2.52331844e-09
      -6.37884812e-09 -2.16992660e-07 -1.68590941e-06 1.34667812e-06
      1.05173904e-05 1.50362539e-05 1.20585846e-05 -2.94205574e-06
      -2.90006083e-05 -5.61131965e-05 -7.59378672e-05 -9.02271713e-05
      -1.05332554e-04 -1.13814029e-04 -1.09302870e-04 -9.39128731e-05
      -7.20739117e-05 -4.85138698e-05 -2.65659346e-05 -1.16311894e-05
      -4.50190373e-06 -2.43435602e-06 -2.96535882e-06 -2.77866252e-06
      -1.43541126e-06 -1.91320083e-07 -1.72593246e-08 -3.32882305e-10
      -1.17758798e-08 -3.35935312e-07 -2.22509084e-06 -5.35147535e-07
      6.00236672e-06 1.00162397e-05 8.21833964e-06 -4.13646421e-06
      -2.61153909e-05 -5.11543949e-05 -7.00916280e-05 -8.41884612e-05
      -9.63175989e-05 -1.01594072e-04 -9.58785386e-05 -8.09541598e-05
      -6.21168947e-05 -4.28976782e-05 -2.66664883e-05 -1.57238555e-05
      -9.65785785e-06 -7.11353687e-06 -5.34618812e-06 -3.22085134e-06
      -1.21738719e-06 -1.80880534e-07 -9.46862144e-09 0. -9.90419124e-09
      -3.78724337e-07 -2.46922832e-06 -2.55610303e-06 8.15783665e-07
      3.09750567e-06 1.33387994e-06 -7.78858521e-06 -2.44254188e-05
      -4.51647684e-05 -6.37363846e-05 -7.87240715e-05 -8.98534781e-05
      -9.25256390e-05 -8.48155469e-05 -7.08850930e-05 -5.46769297e-05
      -3.98857192e-05 -2.68344957e-05 -1.76424310e-05 -1.20086543e-05
      -8.54948667e-06 -5.46159754e-06 -2.78281505e-06 -8.52708467e-07
      -1.22564003e-07 -2.38852671e-09 -6.79986289e-10 -1.56749067e-08
      -3.24111681e-07 -1.98229395e-06 -3.28307601e-06 -3.06069978e-06
      -3.46874276e-06 -5.62093646e-06 -1.22509846e-05 -2.35272528e-05
      -3.92487964e-05 -5.63375397e-05 -7.13298286e-05 -8.14505038e-05
      -8.23709270e-05 -7.43241035e-05 -6.19113416e-05 -4.82018804e-05
      -3.50492774e-05 -2.46302752e-05 -1.69055020e-05 -1.14275445e-05
      -7.29188878e-06 -4.05183982e-06 -1.82184363e-06 -4.96896689e-07
      -3.83172178e-08 1.99566141e-09 -6.58736732e-10 -1.30201783e-09
      -2.17538087e-07 -1.17865966e-06 -2.86913587e-06 -4.34909634e-06
      -6.60704882e-06 -1.03587427e-05 -1.67142625e-05 -2.58529999e-05
      -3.83365987e-05 -5.17355656e-05 -6.33305535e-05 -6.95073977e-05
      -7.00966921e-05 -6.38188503e-05 -5.32679878e-05 -4.12430309e-05
      -2.98282721e-05 -2.05356391e-05 -1.38382911e-05 -8.51198911e-06
      -4.82688711e-06 -2.40082909e-06 -9.05891966e-07 -2.05889364e-07
      -8.94039420e-09 3.68429798e-09 0. 0. -7.54330998e-08
      -4.79275002e-07 -1.65471522e-06 -3.54925601e-06 -6.81590473e-06
      -1.16559922e-05 -1.87800506e-05 -2.79569267e-05 -3.90853420e-05
      -5.00055467e-05 -5.82262619e-05 -6.27765476e-05 -6.17164696e-05
      -5.49791766e-05 -4.43332028e-05 -3.30314142e-05 -2.26085540e-05
      -1.48339423e-05 -9.00554369e-06 -4.92300205e-06 -2.50356743e-06
      -1.10570443e-06 -3.38452821e-07 -6.12227282e-08 -1.11624425e-08 0.
      0. 0. -1.97174579e-08 -1.44217196e-07 -5.82103496e-07
      -1.66384712e-06 -4.03548938e-06 -8.34173716e-06 -1.47627334e-05
      -2.32914026e-05 -3.26821828e-05 -4.07753287e-05 -4.54865876e-05
      -4.61454765e-05 -4.27099658e-05 -3.60031700e-05 -2.81982066e-05
      -2.05663164e-05 -1.36688868e-05 -8.42614008e-06 -4.74139324e-06
      -2.43702198e-06 -1.15694354e-06 -4.80342010e-07 -1.19745607e-07
      -2.10570263e-08 -2.40314169e-09 0. 0. 0. -1.95625116e-09
      -2.32380017e-08 -1.63394986e-07 -5.90509387e-07 -1.71087675e-06
      -3.81978407e-06 -7.28492932e-06 -1.15885714e-05 -1.63096211e-05
      -1.96504843e-05 -2.14036227e-05 -2.12089708e-05 -1.90714527e-05
      -1.60545715e-05 -1.29973796e-05 -9.75865078e-06 -6.56484826e-06
      -3.96188079e-06 -2.11826273e-06 -1.05179663e-06 -4.74630809e-07
      -1.75871548e-07 -3.89916615e-08 -4.03152978e-09 -2.11511275e-09 0.
      0. 0. 0. -8.59965543e-10 -4.54868747e-08 -2.07775656e-07
      -6.73946261e-07 -1.48796755e-06 -2.86398244e-06 -4.32411343e-06
      -5.95754500e-06 -7.34265359e-06 -7.96051245e-06 -7.81802373e-06
      -7.04907006e-06 -5.73303532e-06 -4.61320087e-06 -3.42460794e-06
      -2.26059615e-06 -1.32424850e-06 -7.02810667e-07 -3.25186363e-07
      -1.06094390e-07 -2.27419648e-08 -6.60916988e-10 -1.26263777e-09 0.
      0. 0. 0. 0. 0. -3.11803983e-09 -2.01179553e-08 -5.56898776e-08
      -1.19277047e-07 -1.67225963e-07 -2.54057682e-07 -4.40301108e-07
      -5.66390213e-07 -7.08216021e-07 -8.05727723e-07 -9.51687696e-07
      -8.31954196e-07 -6.87025590e-07 -5.00644262e-07 -2.92295965e-07
      -1.25230073e-07 -6.52484715e-08 -2.95556735e-08 -2.58555328e-08
      -3.62709596e-09 0. 0. 0. 0. -7.07159927e-07 0. 0. 0. 0. 0. 0. 0.
      0. 0. 0. 0. 0. -2.80687518e-09 -1.04133928e-08 -4.74869211e-09
      -1.97862171e-10 0. 0. 0. 0. 0. 0. 0. 0. 0. 0. 0. 0. 0. 0. 0. 0.
      -2.97304348e-10 -1.02854780e-09 -1.11091332e-08 -2.85571122e-08
      -5.26055359e-08 -7.61309309e-08 -1.42129579e-07 -1.88958722e-07
      -2.04342129e-07 -2.09025416e-07 -2.05052402e-07 -1.75549076e-07
      -2.23140148e-07 -1.82320292e-07 -1.15952659e-07 -8.53362465e-08
      -6.41120792e-08 -2.45646525e-08 -1.17341230e-08 -4.27533786e-09 0.
      0. 0. 0. 0. 0. -1.01143494e-09 -7.77977516e-10 -7.74461117e-09
      -5.90236304e-09 -5.38380789e-08 -1.63098932e-07 -3.07591762e-07
      -5.86756926e-07 -1.00612692e-06 -1.47817241e-06 -2.11512724e-06
      -2.76779019e-06 -3.47063633e-06 -3.90316154e-06 -4.07239759e-06
      -3.76199978e-06 -3.13440887e-06 -2.27662281e-06 -1.33538754e-06
      -7.03759667e-07 -3.33781088e-07 -1.07568837e-07 -3.85849646e-08
      -8.81369555e-09 0. 0. 0. 0. -4.41152809e-10 -5.43218270e-09
      -1.35736080e-08 -7.70411432e-08 -2.41916837e-07 -6.25872985e-07
      -1.31888328e-06 -2.51560573e-06 -4.13068710e-06 -6.11699215e-06
      -8.17903674e-06 -1.02944732e-05 -1.24452281e-05 -1.38223522e-05
      -1.38296864e-05 -1.25629476e-05 -1.01974856e-05 -7.33027082e-06
      -4.46454214e-06 -2.41750763e-06 -1.12744067e-06 -4.57179937e-07
      -1.85549098e-07 -3.15826725e-08 -3.47643225e-09 0. 0.
      -6.77826351e-10 3.61707908e-09 -1.34899878e-08 -8.84770870e-08
      -4.40382763e-07 -1.15375201e-06 -2.70391479e-06 -5.29201088e-06
      -9.21286755e-06 -1.41211594e-05 -1.94229160e-05 -2.39439305e-05
      -2.70871224e-05 -2.89373875e-05 -3.00956890e-05 -2.93168869e-05
      -2.46526743e-05 -1.87797978e-05 -1.25783217e-05 -7.95851156e-06
      -5.19378773e-06 -3.24850498e-06 -1.83526834e-06 -8.67532151e-07
      -2.41099997e-07 -3.55534269e-08 -2.97625879e-09 0. 0.
      -5.06602937e-09 -5.72746472e-08 -4.20144829e-07 -1.57166778e-06
      -3.93062874e-06 -7.96890254e-06 -1.43085235e-05 -2.30508394e-05
      -3.31181363e-05 -4.37613744e-05 -5.24967363e-05 -5.74184778e-05
      -5.92638135e-05 -5.95708116e-05 -5.75723279e-05 -5.10379978e-05
      -4.09876411e-05 -3.07464979e-05 -2.19474477e-05 -1.53632827e-05
      -1.02330805e-05 -6.18515878e-06 -3.08734911e-06 -9.81868197e-07
      -1.63938424e-07 -6.70455469e-09 0. -2.18435214e-10 -3.28436300e-08
      -2.40420292e-07 -1.23351299e-06 -3.63126969e-06 -8.21987760e-06
      -1.57004051e-05 -2.63985603e-05 -4.03083759e-05 -5.58884021e-05
      -7.09539599e-05 -8.21982903e-05 -8.69456635e-05 -8.69760988e-05
      -8.56366241e-05 -8.28928751e-05 -7.71909836e-05 -6.72365204e-05
      -5.47962190e-05 -4.20351498e-05 -3.01347500e-05 -1.96421424e-05
      -1.15514031e-05 -5.81837230e-06 -2.15458317e-06 -4.43742721e-07
      -3.79742318e-08 -9.15363341e-10 -2.39055282e-08 -1.33360786e-07
      -6.99630561e-07 -2.60745605e-06 -6.64178697e-06 -1.38293244e-05
      -2.47258758e-05 -3.95916140e-05 -5.80224587e-05 -7.78025860e-05
      -9.56927033e-05 -1.05592437e-04 -1.05097402e-04 -9.81006015e-05
      -9.17278521e-05 -9.01863314e-05 -9.02468164e-05 -8.68445131e-05
      -7.70795232e-05 -6.17359474e-05 -4.43101999e-05 -2.81510165e-05
      -1.60310174e-05 -7.82943971e-06 -3.02844273e-06 -6.08591108e-07
      -3.86672951e-08 -4.80919704e-09 -6.30816572e-08 -4.11750534e-07
      -1.55527096e-06 -4.30470391e-06 -9.58081000e-06 -1.87336900e-05
      -3.26352056e-05 -5.11773214e-05 -7.32433982e-05 -9.57058655e-05
      -1.11933012e-04 -1.15265793e-04 -1.02866761e-04 -8.34820821e-05
      -7.11294124e-05 -7.48677339e-05 -8.63961031e-05 -9.44640997e-05
      -9.02965257e-05 -7.43948040e-05 -5.31083060e-05 -3.29957693e-05
      -1.76061694e-05 -8.14302257e-06 -3.10974997e-06 -5.79157131e-07
      -3.38148674e-08 -6.95068714e-09 -9.48114618e-08 -6.27891211e-07
      -2.04067146e-06 -5.13181340e-06 -1.10982637e-05 -2.17540219e-05
      -3.79232733e-05 -5.93517907e-05 -8.37338230e-05 -1.05052022e-04
      -1.15127448e-04 -1.07226202e-04 -8.13425941e-05 -5.12774750e-05
      -3.78486329e-05 -5.17563312e-05 -7.81705385e-05 -9.57292505e-05
      -9.49889072e-05 -7.77024907e-05 -5.44134746e-05 -3.29541290e-05
      -1.65485490e-05 -6.74472767e-06 -2.26898669e-06 -4.23621032e-07
      -3.69204685e-08 -9.56633706e-09 -1.17641662e-07 -6.38324423e-07
      -1.98346834e-06 -4.94152755e-06 -1.11850395e-05 -2.28201989e-05
      -4.05351675e-05 -6.41779407e-05 -8.87836432e-05 -1.06010746e-04
      -1.07758497e-04 -8.97956634e-05 -5.49253527e-05 -1.98680573e-05
      -1.17093377e-05 -3.97769873e-05 -7.74960281e-05 -9.85088845e-05
      -9.48479064e-05 -7.42714547e-05 -5.01804097e-05 -2.96857361e-05
      -1.42962235e-05 -5.10108612e-06 -1.35554274e-06 -2.61085887e-07
      -2.02829344e-08 -8.33365377e-09 -9.72732934e-08 -5.11972871e-07
      -1.51195354e-06 -4.16792091e-06 -1.07066071e-05 -2.32218954e-05
      -4.29538086e-05 -6.82904210e-05 -9.24580308e-05 -1.04527120e-04
      -9.94819056e-05 -7.67794918e-05 -3.82804719e-05 -2.90145181e-06
      -5.04123636e-06 -4.63654360e-05 -8.95421617e-05 -1.04611921e-04
      -9.23547996e-05 -6.74858165e-05 -4.38363822e-05 -2.62102858e-05
      -1.31693887e-05 -4.30593400e-06 -6.96120537e-07 -1.36460258e-07
      -4.42747661e-09 -4.89880314e-09 -5.78254316e-08 -3.01119314e-07
      -1.02784895e-06 -3.49412971e-06 -1.06795696e-05 -2.46935360e-05
      -4.65017001e-05 -7.30592510e-05 -9.56318254e-05 -1.04092949e-04
      -9.61659243e-05 -7.36068396e-05 -3.40368715e-05 -4.29170541e-06
      -2.01847215e-05 -7.08094813e-05 -1.10424349e-04 -1.11873378e-04
      -8.88852810e-05 -6.07418770e-05 -3.92219117e-05 -2.44402490e-05
      -1.32840478e-05 -4.60882393e-06 -4.98888596e-07 -9.42698151e-08
      -5.76801584e-09 1.31851641e-09 -2.40520421e-08 -1.53270094e-07
      -7.09687242e-07 -3.27699581e-06 -1.16466317e-05 -2.74101767e-05
      -5.04526470e-05 -7.67535093e-05 -9.74376890e-05 -1.03715734e-04
      -9.62994454e-05 -7.68940299e-05 -3.79754238e-05 -2.09109148e-05
      -4.67071113e-05 -1.01046171e-04 -1.29365770e-04 -1.16280877e-04
      -8.57285122e-05 -5.72549288e-05 -3.81524951e-05 -2.46596028e-05
      -1.42898343e-05 -5.51949643e-06 -6.67497147e-07 -1.06245274e-07
      -1.60768501e-08 -2.41374609e-09 -1.06539666e-08 -6.67790587e-08
      -5.35583297e-07 -3.36685071e-06 -1.33334725e-05 -3.03481465e-05
      -5.33161838e-05 -7.78611211e-05 -9.62568010e-05 -1.01999467e-04
      -9.72074631e-05 -7.90350969e-05 -4.48276332e-05 -3.98684606e-05
      -7.12323381e-05 -1.22999045e-04 -1.36705770e-04 -1.15314397e-04
      -8.43137532e-05 -5.84003210e-05 -4.00603240e-05 -2.63800976e-05
      -1.53723704e-05 -6.17491560e-06 -9.29703276e-07 -1.16254668e-07
      -3.02688741e-09 -9.44226808e-10 -4.82531659e-09 -4.82584177e-08
      -5.78158790e-07 -3.83219822e-06 -1.53513429e-05 -3.27095149e-05
      -5.37746600e-05 -7.52838896e-05 -9.12684045e-05 -9.72612252e-05
      -9.28932350e-05 -7.33897614e-05 -4.66250967e-05 -4.83416734e-05
      -8.42121372e-05 -1.27662104e-04 -1.31544657e-04 -1.09327135e-04
      -8.31632860e-05 -6.08691080e-05 -4.26480728e-05 -2.80020213e-05
      -1.57293289e-05 -6.32342289e-06 -1.23206405e-06 -1.80723490e-07
      -1.45632217e-08 -8.79343598e-10 -2.18302465e-09 -7.49264188e-08
      -7.06320293e-07 -4.73482396e-06 -1.73942481e-05 -3.41324558e-05
      -5.21408983e-05 -6.94697228e-05 -8.19890702e-05 -8.56093829e-05
      -7.80664268e-05 -5.75506347e-05 -3.73859111e-05 -4.62311655e-05
      -8.68138886e-05 -1.20563622e-04 -1.20088065e-04 -1.02477432e-04
      -8.18759800e-05 -6.22524094e-05 -4.35806687e-05 -2.78911048e-05
      -1.51377735e-05 -6.12101667e-06 -1.47226763e-06 -2.31605725e-07
      -1.64862968e-08 0. 1.25313093e-10 -1.24987636e-07 -1.04914398e-06
      -6.25309440e-06 -1.93592659e-05 -3.48917165e-05 -4.99560629e-05
      -6.24296881e-05 -7.02728867e-05 -6.90871748e-05 -5.73425932e-05
      -3.73084877e-05 -2.52035279e-05 -4.40426047e-05 -8.47356714e-05
      -1.11459325e-04 -1.11342371e-04 -9.86634695e-05 -8.13974693e-05
      -6.19090642e-05 -4.24413920e-05 -2.61579426e-05 -1.36902008e-05
      -5.63042431e-06 -1.59926572e-06 -2.42060537e-07 -1.18404069e-08
      -2.37086706e-09 -4.39738379e-09 -2.00436546e-07 -1.63378854e-06
      -7.97566099e-06 -2.12719842e-05 -3.63258951e-05 -4.95404929e-05
      -5.85400194e-05 -6.22951193e-05 -5.76927850e-05 -4.36168193e-05
      -2.76459323e-05 -2.52236678e-05 -5.00107235e-05 -8.60026848e-05
      -1.08455715e-04 -1.09927874e-04 -9.87221283e-05 -8.02568247e-05
      -5.90619893e-05 -3.94101698e-05 -2.37729473e-05 -1.21983339e-05
      -4.99151383e-06 -1.43281045e-06 -1.65015379e-07 -3.64103525e-10
      6.66063871e-10 -9.35179667e-09 -3.12416830e-07 -2.16524677e-06
      -9.08905349e-06 -2.25408130e-05 -3.79579578e-05 -5.14558342e-05
      -5.99280756e-05 -6.18200647e-05 -5.59198743e-05 -4.40731601e-05
      -3.62766259e-05 -4.13771304e-05 -6.54630057e-05 -9.35939388e-05
      -1.10583715e-04 -1.10582383e-04 -9.63412749e-05 -7.49298124e-05
      -5.29741737e-05 -3.42660533e-05 -1.98638500e-05 -9.77003401e-06
      -3.91847789e-06 -1.16713318e-06 -1.62141617e-07 1.71803416e-09 0.
      -1.80461583e-08 -3.57497186e-07 -2.38256644e-06 -8.82236691e-06
      -2.11791394e-05 -3.73149451e-05 -5.23996823e-05 -6.26762703e-05
      -6.56917255e-05 -6.23874657e-05 -5.74757469e-05 -5.79214575e-05
      -6.68103676e-05 -8.43323796e-05 -1.02034690e-04 -1.10567358e-04
      -1.04881045e-04 -8.67978670e-05 -6.37696648e-05 -4.28684943e-05
      -2.62896974e-05 -1.44604692e-05 -6.96582492e-06 -2.89021250e-06
      -7.98005374e-07 -1.17165669e-07 1.09173504e-09 1.45062207e-09
      -1.39387515e-08 -2.99417451e-07 -1.91215713e-06 -6.74501007e-06
      -1.66746540e-05 -3.15767065e-05 -4.77093126e-05 -6.01516222e-05
      -6.72215465e-05 -7.01468816e-05 -7.33854540e-05 -7.97449611e-05
      -8.75709375e-05 -9.54329444e-05 -1.01251819e-04 -1.00121062e-04
      -8.85773261e-05 -6.84997212e-05 -4.75688576e-05 -3.00643915e-05
      -1.72632972e-05 -9.09988557e-06 -4.38141433e-06 -1.78204743e-06
      -4.59154194e-07 -5.16212850e-08 -5.62981550e-10 1.40529000e-09
      -5.86495907e-10 -1.99165513e-07 -1.12964506e-06 -3.88977605e-06
      -9.98213818e-06 -2.10408216e-05 -3.47341811e-05 -4.80407798e-05
      -5.92358047e-05 -6.91661044e-05 -7.87150129e-05 -8.66346018e-05
      -8.97066930e-05 -8.81121159e-05 -8.43805465e-05 -7.66952071e-05
      -6.36012264e-05 -4.63652104e-05 -3.01828368e-05 -1.79741546e-05
      -9.81875655e-06 -5.08841549e-06 -2.40148688e-06 -8.96195672e-07
      -1.83656226e-07 -1.48978141e-09 -1.03935061e-09 0. 0.
      -7.07813612e-08 -4.51293630e-07 -1.62171887e-06 -4.17020874e-06
      -9.73084843e-06 -1.84730070e-05 -2.89070540e-05 -4.06061408e-05
      -5.39125649e-05 -6.68705397e-05 -7.46116639e-05 -7.41355107e-05
      -6.68316425e-05 -5.82342582e-05 -4.92964718e-05 -3.87294021e-05
      -2.66004718e-05 -1.63719014e-05 -9.25746281e-06 -4.82068572e-06
      -2.41112207e-06 -1.08909126e-06 -3.24445296e-07 -4.65026169e-08
      8.92777940e-09 0. 0. 0. -1.82826927e-08 -1.36658997e-07
      -5.54675296e-07 -1.42283818e-06 -3.74559977e-06 -8.14619125e-06
      -1.48345162e-05 -2.37112054e-05 -3.39816179e-05 -4.30695618e-05
      -4.80010931e-05 -4.68592480e-05 -4.11924302e-05 -3.44154032e-05
      -2.75648035e-05 -2.04790504e-05 -1.34555421e-05 -8.09288122e-06
      -4.47630828e-06 -2.24438213e-06 -1.07650681e-06 -4.49107858e-07
      -1.19559331e-07 -1.76166388e-08 -1.15818966e-09 0. 0. 0.
      -1.78796411e-09 -2.21780088e-08 -1.56872161e-07 -5.57608587e-07
      -1.61766582e-06 -3.62852870e-06 -6.92536969e-06 -1.10902438e-05
      -1.56908773e-05 -1.88950162e-05 -2.03936324e-05 -1.99875140e-05
      -1.78466125e-05 -1.51588165e-05 -1.22403808e-05 -9.13843905e-06
      -6.12281019e-06 -3.67913390e-06 -1.95437883e-06 -9.65358481e-07
      -4.35902052e-07 -1.60367961e-07 -3.54819214e-08 -3.85134324e-09
      -2.08572049e-09 0. 0. 0. 0. -8.71397121e-10 -4.44850698e-08
      -1.98394417e-07 -6.39430027e-07 -1.41292946e-06 -2.72375996e-06
      -4.11632845e-06 -5.67057214e-06 -6.99128077e-06 -7.57339922e-06
      -7.42514203e-06 -6.65810012e-06 -5.37181040e-06 -4.30387854e-06
      -3.18564935e-06 -2.09739642e-06 -1.22519532e-06 -6.46819103e-07
      -2.97767969e-07 -9.70686145e-08 -2.08097344e-08 -5.83989745e-10
      -1.20491050e-09 0. 0. 0. 0. 0. 0. -3.01389047e-09 -1.89422682e-08
      -5.21094776e-08 -1.11787685e-07 -1.55377819e-07 -2.36027091e-07
      -4.14360500e-07 -5.30713294e-07 -6.57697910e-07 -7.45272416e-07
      -8.75834417e-07 -7.63473338e-07 -6.28543830e-07 -4.57281885e-07
      -2.66782450e-07 -1.13548467e-07 -5.93787846e-08 -2.69178173e-08
      -2.32977211e-08 -3.23107052e-09 0. 0. 0. 0. -8.09609844e-07 0. 0.
      0. 0. 0. 0. 0. 0. 0. 0. 0. 0. -2.31736719e-09 3.65987018e-09
      9.71938796e-09 4.04974498e-10 0. 0. 0. 0. 0. 0. 0. 0. 0. 0. 0. 0.
      0. 0. 0. 0. -3.24688942e-10 -1.13024445e-09 -1.25475541e-08
      -3.10265378e-08 -3.87559567e-08 -5.95974257e-08 -1.15040827e-07
      -1.59422555e-07 -1.98420693e-07 -1.91141055e-07 -1.73516696e-07
      -1.53246745e-07 -1.09083672e-07 -1.39153826e-07 -1.19976775e-07
      -9.08198530e-08 -6.79911665e-08 -2.61189683e-08 -1.25948203e-08
      -4.66502659e-09 0. 0. 0. 0. 0. 0. -1.10281551e-09 -8.58221105e-10
      -8.42271231e-09 -3.39964235e-09 -2.82538366e-08 -7.38717816e-08
      -8.82332358e-08 -1.38029165e-07 -3.59281728e-07 -5.84927420e-07
      -1.02823196e-06 -1.65283109e-06 -2.29804209e-06 -2.81556686e-06
      -3.26043710e-06 -3.25680753e-06 -2.94719757e-06 -2.26289580e-06
      -1.36495794e-06 -7.33350760e-07 -3.54484484e-07 -9.85723290e-08
      -1.70386265e-08 2.01504369e-09 0. 0. 0. 0. -2.76941470e-09
      -5.63242031e-09 -8.98233132e-09 2.68588494e-08 1.66741984e-07
      4.47375811e-07 1.10670067e-06 2.06082495e-06 2.89535205e-06
      3.78853929e-06 4.26134375e-06 3.98630982e-06 2.49006121e-06
      7.29801286e-07 -1.07218386e-06 -2.85118358e-06 -3.87752061e-06
      -3.64615016e-06 -2.71926137e-06 -1.78136258e-06 -9.82101028e-07
      -4.48066743e-07 -1.75695561e-07 -2.18117790e-08 -3.51836893e-09 0.
      0. -7.28835658e-10 -2.03149764e-09 -7.54052021e-09 -1.37386875e-08
      1.73592866e-07 6.00176179e-07 1.47953551e-06 2.96038047e-06
      4.71866133e-06 6.05800415e-06 7.05380080e-06 6.11765108e-06
      2.74259583e-06 -1.91140794e-06 -6.28849375e-06 -8.91040054e-06
      -1.11518730e-05 -1.15931834e-05 -1.04565452e-05 -8.32506612e-06
      -6.07225320e-06 -4.07324478e-06 -2.34017625e-06 -1.01311412e-06
      -2.35352843e-07 -3.64444972e-08 -2.98877900e-09 0. 0.
      -4.31865077e-09 -4.92976255e-08 -1.50280343e-07 -2.08854516e-08
      4.86895374e-07 1.51046447e-06 2.48546257e-06 2.35937205e-06
      7.44741556e-07 -3.60451668e-06 -1.19669658e-05 -2.27883120e-05
      -3.23143540e-05 -3.82269463e-05 -4.00863173e-05 -3.78011391e-05
      -3.38721111e-05 -2.83007194e-05 -2.16917742e-05 -1.56985352e-05
      -1.08412160e-05 -7.04840522e-06 -3.48206004e-06 -9.99750000e-07
      -1.72045716e-07 -6.74057654e-09 0. -2.24908328e-10 -2.99443883e-08
      -2.04910563e-07 -6.40192468e-07 -8.74171860e-07 -8.37475909e-07
      -1.00421096e-06 -3.09716006e-06 -7.97942630e-06 -1.61211392e-05
      -2.77309846e-05 -4.30733926e-05 -5.93351142e-05 -7.18656011e-05
      -7.73281063e-05 -7.51443658e-05 -6.80620142e-05 -5.86611277e-05
      -4.72337997e-05 -3.59580699e-05 -2.58653508e-05 -1.80351526e-05
      -1.19174802e-05 -6.24365975e-06 -2.21060441e-06 -4.48873891e-07
      -3.84237957e-08 -9.68928937e-10 -2.50680756e-08 -1.18328252e-07
      -6.41658346e-07 -1.69553550e-06 -2.85477222e-06 -4.34530466e-06
      -8.06088519e-06 -1.53953970e-05 -2.71146619e-05 -4.22371122e-05
      -5.98515326e-05 -7.77897731e-05 -9.35220669e-05 -1.02796657e-04
      -1.04848143e-04 -9.94294896e-05 -8.97037244e-05 -7.72802450e-05
      -6.34702374e-05 -4.84215598e-05 -3.46050983e-05 -2.35530642e-05
      -1.55320777e-05 -8.17553973e-06 -3.09111283e-06 -6.20428636e-07
      -3.93983406e-08 -5.09928100e-09 -6.19852258e-08 -4.04510899e-07
      -1.51051961e-06 -3.32824197e-06 -5.50233835e-06 -9.21057836e-06
      -1.75669993e-05 -3.10465111e-05 -4.95730746e-05 -6.98869917e-05
      -8.85057525e-05 -1.01750738e-04 -1.08778440e-04 -1.09703120e-04
      -1.06519896e-04 -1.00020334e-04 -9.13027689e-05 -8.17605542e-05
      -6.93589463e-05 -5.44114046e-05 -3.96967444e-05 -2.66252082e-05
      -1.65312140e-05 -8.44291026e-06 -3.17831450e-06 -5.91088451e-07
      -3.43788216e-08 -7.12465598e-09 -1.05873880e-07 -6.32996034e-07
      -1.98884459e-06 -4.26508086e-06 -7.60469493e-06 -1.42545086e-05
      -2.71298177e-05 -4.64518416e-05 -6.96462448e-05 -9.05080087e-05
      -1.03529084e-04 -1.06212094e-04 -1.02091828e-04 -9.69719767e-05
      -9.23778498e-05 -8.69607393e-05 -8.20351561e-05 -7.63169228e-05
      -6.66075430e-05 -5.34893406e-05 -3.93633163e-05 -2.63290403e-05
      -1.53961209e-05 -6.98962594e-06 -2.32653520e-06 -4.33076110e-07
      -3.74416729e-08 -9.87737625e-09 -1.33742418e-07 -6.58320687e-07
      -1.94165182e-06 -4.46027980e-06 -8.87594888e-06 -1.81533687e-05
      -3.50651135e-05 -5.82795328e-05 -8.29406636e-05 -1.00764919e-04
      -1.04956482e-04 -9.67478336e-05 -8.66463743e-05 -8.17797700e-05
      -7.97253597e-05 -7.57849193e-05 -7.38625604e-05 -6.98613294e-05
      -6.07785696e-05 -4.84703123e-05 -3.57789795e-05 -2.41091329e-05
      -1.34069205e-05 -5.22142182e-06 -1.36848280e-06 -2.55372669e-07
      -2.34666135e-08 -8.69350192e-09 -1.06544519e-07 -5.40921235e-07
      -1.52000757e-06 -3.90567357e-06 -9.59549379e-06 -2.15518157e-05
      -4.17386291e-05 -6.77346980e-05 -9.23555635e-05 -1.05095271e-04
      -1.01417092e-04 -8.75010592e-05 -7.85192897e-05 -7.87714016e-05
      -7.81553754e-05 -7.55452493e-05 -7.42911652e-05 -6.83355029e-05
      -5.59335786e-05 -4.29371867e-05 -3.18481616e-05 -2.23053194e-05
      -1.27524918e-05 -4.35070933e-06 -6.32191018e-07 -1.37979825e-07
      -1.09859561e-08 -5.15735632e-09 -6.08041191e-08 -3.16684151e-07
      -1.07343658e-06 -3.42878866e-06 -1.04942292e-05 -2.50038320e-05
      -4.77132890e-05 -7.49215324e-05 -9.78952303e-05 -1.06175095e-04
      -9.79628021e-05 -8.39511413e-05 -8.19029447e-05 -8.81688320e-05
      -8.95016856e-05 -8.75598271e-05 -8.30517529e-05 -7.11146859e-05
      -5.41288100e-05 -3.97921031e-05 -3.03742108e-05 -2.20479469e-05
      -1.32431796e-05 -4.49312802e-06 -2.68135238e-07 -2.57578350e-08
      -7.84640797e-09 -8.45492287e-10 -2.54543906e-08 -1.58292210e-07
      -7.29346709e-07 -3.34552010e-06 -1.19179331e-05 -2.80762652e-05
      -5.15207757e-05 -7.77167515e-05 -9.73500864e-05 -1.01152335e-04
      -9.14312841e-05 -8.29427590e-05 -9.14427219e-05 -1.01884842e-04
      -1.05424719e-04 -1.00193167e-04 -9.17874786e-05 -7.58556416e-05
      -5.57706553e-05 -4.09304230e-05 -3.20718682e-05 -2.32355887e-05
      -1.39937711e-05 -4.94933056e-06 -1.72786628e-07 8.43803249e-08
      2.23388152e-08 -2.49114396e-09 -1.14161400e-08 -7.15520088e-08
      -5.28531189e-07 -3.30995658e-06 -1.31137631e-05 -2.92555160e-05
      -5.04481795e-05 -7.24347701e-05 -8.69169235e-05 -8.72974488e-05
      -7.95171072e-05 -7.93929357e-05 -9.64009741e-05 -1.08544387e-04
      -1.11236863e-04 -1.02291786e-04 -9.37932564e-05 -7.76152738e-05
      -5.92641227e-05 -4.55649460e-05 -3.52748757e-05 -2.48142842e-05
      -1.42622321e-05 -4.94290134e-06 -6.18354719e-08 2.05251752e-07
      6.08848172e-09 -9.74139769e-10 -5.27220090e-09 -5.14133411e-08
      -3.92405781e-07 -3.00185275e-06 -1.26060404e-05 -2.61855403e-05
      -4.21188452e-05 -5.78717882e-05 -6.72226452e-05 -6.67331697e-05
      -6.30620125e-05 -6.98370786e-05 -8.81343949e-05 -1.00166500e-04
      -1.00883015e-04 -9.26793509e-05 -8.70678195e-05 -7.46404912e-05
      -6.09249837e-05 -4.87484067e-05 -3.66142158e-05 -2.42039969e-05
      -1.25109091e-05 -3.60058766e-06 3.68824885e-07 3.26216792e-07
      2.96326927e-08 -9.05459985e-10 -5.14324450e-09 -5.45554748e-08
      -1.31521361e-07 -1.94899621e-06 -9.63606817e-06 -1.86655652e-05
      -2.86554896e-05 -3.80586425e-05 -4.35924958e-05 -4.43011886e-05
      -4.51681844e-05 -5.43340102e-05 -7.02684047e-05 -8.25062307e-05
      -8.31171128e-05 -7.88758916e-05 -7.58226161e-05 -6.81797246e-05
      -5.84963927e-05 -4.66891070e-05 -3.26831541e-05 -1.92926382e-05
      -7.98815017e-06 -8.84196766e-07 1.42031172e-06 4.39552792e-07
      3.23924070e-08 0. -8.99758401e-09 -6.92166680e-08 3.93925063e-07
      -3.06471463e-07 -5.19688820e-06 -1.00169946e-05 -1.56530823e-05
      -2.12363466e-05 -2.58857581e-05 -2.86452560e-05 -3.17704653e-05
      -3.97435651e-05 -5.37622291e-05 -6.63649625e-05 -6.99257871e-05
      -6.96094285e-05 -6.73802060e-05 -6.20230712e-05 -5.27839002e-05
      -3.92922557e-05 -2.41167781e-05 -1.10158080e-05 -1.67284179e-06
      2.85314445e-06 2.59977742e-06 5.11387327e-07 1.55401274e-08
      -2.56122723e-09 -6.41138698e-09 -1.44144764e-07 8.47094896e-07
      1.37662141e-06 -1.00549653e-06 -4.17554247e-06 -8.21781032e-06
      -1.31024335e-05 -1.78567370e-05 -2.15726013e-05 -2.58529526e-05
      -3.27086018e-05 -4.69689840e-05 -6.08712253e-05 -6.78490906e-05
      -6.87328866e-05 -6.57413184e-05 -5.79275766e-05 -4.46889499e-05
      -2.80183413e-05 -1.23245864e-05 -1.22099243e-06 5.24631650e-06
      6.05574724e-06 2.97755878e-06 3.71651311e-07 1.62535496e-08
      -3.56203261e-10 -1.54886486e-08 -2.19865015e-07 1.07765743e-06
      2.42650685e-06 8.63197442e-07 -2.00066097e-06 -6.16615216e-06
      -1.13039296e-05 -1.68951410e-05 -2.29661509e-05 -2.88483934e-05
      -3.90728856e-05 -5.50417681e-05 -7.03593687e-05 -7.78335452e-05
      -7.69872495e-05 -6.91487803e-05 -5.40828842e-05 -3.45237167e-05
      -1.55580037e-05 -1.27714702e-06 6.86792191e-06 9.43872419e-06
      6.94587470e-06 2.73194337e-06 3.78395470e-07 7.65747465e-09 0.
      -1.80094819e-08 -1.92780618e-07 1.00196428e-06 2.86791783e-06
      1.33390688e-06 -2.26701945e-06 -7.94664265e-06 -1.46227922e-05
      -2.27654746e-05 -3.31258780e-05 -4.44314283e-05 -5.98209881e-05
      -7.82382267e-05 -9.18791848e-05 -9.53447234e-05 -8.74925463e-05
      -7.11297762e-05 -4.80936287e-05 -2.44065468e-05 -5.91025128e-06
      5.63843287e-06 1.00747056e-05 9.56467647e-06 6.02004457e-06
      1.89426021e-06 2.67001610e-07 -2.39098563e-09 -7.19466209e-10
      -2.83760904e-09 -1.18561751e-07 6.37493031e-07 2.08053439e-06
      7.60675789e-07 -4.03580543e-06 -1.20086515e-05 -2.24189225e-05
      -3.53963114e-05 -5.15320789e-05 -6.93601323e-05 -8.80015941e-05
      -1.04548621e-04 -1.12017282e-04 -1.07067288e-04 -9.05742563e-05
      -6.62346793e-05 -3.95665229e-05 -1.68259103e-05 -1.37777374e-06
      6.63440642e-06 8.52467565e-06 7.02108400e-06 3.89997876e-06
      1.08200902e-06 9.78591146e-08 -6.30128727e-10 -6.96982916e-10
      -1.29710431e-09 -1.04202229e-07 1.10577830e-07 5.03397132e-07
      -8.33311901e-07 -5.95810707e-06 -1.54950048e-05 -3.02529061e-05
      -4.88762744e-05 -6.98681179e-05 -8.99670486e-05 -1.06673062e-04
      -1.16043688e-04 -1.15216215e-04 -1.02187507e-04 -8.01313436e-05
      -5.47232448e-05 -3.05505855e-05 -1.25174447e-05 -1.39652548e-06
      3.86094962e-06 4.79220353e-06 3.59170190e-06 1.73063052e-06
      3.60979442e-07 6.25110186e-09 -1.16331467e-09 0. 0.
      -6.61493260e-08 -1.93199682e-07 -6.59584543e-07 -2.26523707e-06
      -7.01767704e-06 -1.65293441e-05 -3.17048543e-05 -5.12160732e-05
      -7.22212571e-05 -9.06981513e-05 -1.01796497e-04 -1.03707229e-04
      -9.58758756e-05 -7.97876346e-05 -5.91478565e-05 -3.92223992e-05
      -2.22662129e-05 -1.07241322e-05 -3.65714982e-06 9.80328707e-08
      1.04838762e-06 8.12628514e-07 2.92209137e-07 5.08354603e-08
      -5.60609603e-09 0. 0. 0. -1.92227176e-08 -1.38140919e-07
      -5.64977142e-07 -1.63049697e-06 -4.36284972e-06 -9.62503418e-06
      -1.80563238e-05 -2.95172649e-05 -4.20259094e-05 -5.21464463e-05
      -5.73759171e-05 -5.69603144e-05 -5.10840728e-05 -4.15451032e-05
      -3.10301111e-05 -2.15258933e-05 -1.34219044e-05 -7.77257446e-06
      -3.94849530e-06 -1.66625966e-06 -5.44662157e-07 -1.99047136e-07
      1.29050344e-08 2.43474254e-08 4.30815827e-09 0. 0. 0.
      -1.91324134e-09 -2.32772912e-08 -1.62995605e-07 -5.85667692e-07
      -1.67516509e-06 -3.76117009e-06 -7.22194045e-06 -1.15131761e-05
      -1.61781009e-05 -1.94699314e-05 -2.11267943e-05 -2.08714719e-05
      -1.86772231e-05 -1.56785864e-05 -1.26734267e-05 -9.48118759e-06
      -6.36507002e-06 -3.83439874e-06 -2.01461580e-06 -9.82633992e-07
      -4.44868419e-07 -1.69953410e-07 -3.71096434e-08 1.92635996e-09
      5.01503816e-09 0. 0. 0. 0. -8.77789952e-10 -4.57740157e-08
      -2.05288657e-07 -6.61595891e-07 -1.45910985e-06 -2.80325503e-06
      -4.22555831e-06 -5.82103348e-06 -7.17365447e-06 -7.77548121e-06
      -7.63514527e-06 -6.87811416e-06 -5.59076761e-06 -4.49847585e-06
      -3.34084007e-06 -2.20858169e-06 -1.29687430e-06 -6.87267175e-07
      -3.15623140e-07 -1.02078218e-07 -2.19654872e-08 -6.35296871e-10
      -1.25235677e-09 0. 0. 0. 0. 0. 0. -3.09729509e-09 -1.94775343e-08
      -5.36188054e-08 -1.14934238e-07 -1.59721210e-07 -2.42730067e-07
      -4.25118941e-07 -5.45330124e-07 -6.77576793e-07 -7.69122209e-07
      -9.08009383e-07 -7.95541382e-07 -6.56533359e-07 -4.77949698e-07
      -2.78890212e-07 -1.19013919e-07 -6.24701997e-08 -2.81374248e-08
      -2.43412650e-08 -3.36752048e-09 0. 0. 0. 0. -8.02688646e-07 0. 0.
      0. 0. 0. 0. 0. 0. 0. 0. 0. 0. -2.92416313e-09 -1.07332649e-08
      -4.81885731e-09 -2.00785749e-10 0. 0. 0. 0. 0. 0. 0. 0. 0. 0. 0.
      0. 0. 0. 0. 0. -3.03996800e-10 -1.05801401e-09 -1.18939596e-08
      -3.03933234e-08 -5.47730679e-08 -7.86971555e-08 -1.47017403e-07
      -1.95739773e-07 -2.11692225e-07 -2.16577774e-07 -2.34124883e-07
      -2.16354891e-07 -2.33030974e-07 -1.86020387e-07 -1.17506758e-07
      -8.62131913e-08 -6.48376925e-08 -2.47633736e-08 -1.18490497e-08
      -4.40647074e-09 0. 0. 0. 0. 0. 0. -1.07677867e-09 -8.16919088e-10
      -7.98189248e-09 -6.21510265e-09 -5.66508938e-08 -1.70710990e-07
      -3.20793333e-07 -6.10363372e-07 -1.04424726e-06 -1.53030180e-06
      -2.20728703e-06 -2.95755581e-06 -3.73889588e-06 -4.23476922e-06
      -4.31288663e-06 -3.88858689e-06 -3.21264019e-06 -2.33945570e-06
      -1.36524511e-06 -7.16453087e-07 -3.39683623e-07 -1.09461631e-07
      -3.91610300e-08 -8.89599505e-09 0. 0. 0. 0. -3.43694562e-09
      -6.42112363e-09 -1.26871313e-08 -2.91630151e-08 -1.70691919e-07
      -5.00726799e-07 -1.05925540e-06 -2.04903154e-06 -3.35117488e-06
      -4.81865845e-06 -6.52743847e-06 -8.82399218e-06 -1.11532618e-05
      -1.28347965e-05 -1.29807067e-05 -1.18532889e-05 -9.78429489e-06
      -7.16434488e-06 -4.37645622e-06 -2.45365027e-06 -1.18860260e-06
      -4.81020209e-07 -1.89931370e-07 -3.20020348e-08 -3.42349016e-09 0.
      0. 1.86600979e-09 -2.79452661e-09 4.66947592e-11 5.15877687e-08
      1.30998416e-07 2.08031651e-07 3.15512068e-07 2.03184811e-07
      -4.16421415e-07 -1.28407987e-06 -3.68942938e-06 -8.69816085e-06
      -1.56995302e-05 -2.30884925e-05 -2.83213794e-05 -3.08058516e-05
      -2.96928465e-05 -2.53094404e-05 -1.98945090e-05 -1.38915711e-05
      -8.76624472e-06 -4.87991520e-06 -2.49444383e-06 -1.03349112e-06
      -2.49261035e-07 -3.64554147e-08 -2.92859181e-09 0. 0.
      -5.90871352e-09 8.43935339e-08 4.78613174e-07 1.23474160e-06
      2.22881840e-06 3.38835503e-06 4.41183965e-06 4.65462199e-06
      3.52885354e-06 -9.69783741e-07 -9.80903860e-06 -2.14916254e-05
      -3.35608202e-05 -4.24549471e-05 -4.74781918e-05 -4.83146687e-05
      -4.37465351e-05 -3.58144462e-05 -2.71644094e-05 -1.91425916e-05
      -1.25489469e-05 -7.38250492e-06 -3.52209690e-06 -1.02440367e-06
      -1.74086352e-07 -6.72712064e-09 0. 5.27479838e-10 -3.86520416e-09
      3.41614879e-07 1.27122348e-06 2.45863998e-06 3.95023562e-06
      5.12697898e-06 5.40629480e-06 2.44765715e-06 -4.05869969e-06
      -1.53599904e-05 -3.02942062e-05 -4.60411866e-05 -5.84568916e-05
      -6.52057133e-05 -6.63579704e-05 -6.47755514e-05 -5.95043457e-05
      -4.96890571e-05 -3.87333203e-05 -2.85225833e-05 -1.99678325e-05
      -1.23736909e-05 -6.26155497e-06 -2.23613165e-06 -4.57176640e-07
      -3.85566601e-08 -9.88399251e-10 9.39745970e-09 -1.00169849e-07
      2.81808894e-07 1.22475387e-06 1.70400085e-06 1.52596044e-06
      -9.60287593e-07 -6.86518979e-06 -1.75550649e-05 -3.29607064e-05
      -5.16796754e-05 -6.98403237e-05 -8.45458417e-05 -9.18132719e-05
      -9.14845223e-05 -8.66393821e-05 -8.13204533e-05 -7.46126607e-05
      -6.34356547e-05 -4.99258713e-05 -3.72855284e-05 -2.60680645e-05
      -1.62086253e-05 -8.17150612e-06 -3.12052657e-06 -6.25955863e-07
      -3.93326616e-08 -5.10287324e-09 -5.49864723e-08 -3.89404903e-07
      -4.05997980e-07 -2.72409750e-07 -1.87297530e-06 -5.81228096e-06
      -1.44557980e-05 -2.85429360e-05 -4.77858630e-05 -7.00779638e-05
      -9.01438179e-05 -1.03543687e-04 -1.08459833e-04 -1.05530366e-04
      -9.72179187e-05 -8.86881535e-05 -8.32591977e-05 -7.90428894e-05
      -7.04181948e-05 -5.75010381e-05 -4.34819922e-05 -2.96490962e-05
      -1.74991947e-05 -8.42121426e-06 -3.17870172e-06 -5.90227842e-07
      -3.41358231e-08 -7.24290672e-09 -9.43608498e-08 -6.10295842e-07
      -1.22296183e-06 -2.38334928e-06 -6.05054220e-06 -1.38769910e-05
      -2.81934772e-05 -4.89746890e-05 -7.37109585e-05 -9.61779224e-05
      -1.09077708e-04 -1.09115921e-04 -1.00222154e-04 -8.76036793e-05
      -7.64210854e-05 -7.00304154e-05 -7.10392051e-05 -7.45752841e-05
      -7.19116433e-05 -6.07405818e-05 -4.61151794e-05 -3.04802052e-05
      -1.65688762e-05 -7.00053533e-06 -2.30908381e-06 -4.34073996e-07
      -3.70075028e-08 -1.00477537e-08 -1.30508369e-07 -6.45376531e-07
      -1.41066494e-06 -3.53526048e-06 -8.89016974e-06 -1.97891877e-05
      -3.76349999e-05 -6.20289502e-05 -8.73147583e-05 -1.04124432e-04
      -1.04415885e-04 -8.90468436e-05 -6.89895460e-05 -5.46102856e-05
      -4.83069816e-05 -4.94836750e-05 -6.10416828e-05 -7.25275240e-05
      -7.30976681e-05 -6.14561650e-05 -4.55157133e-05 -2.91128708e-05
      -1.47279188e-05 -5.32992226e-06 -1.38415999e-06 -2.75854831e-07
      -2.29543993e-08 -8.85569573e-09 -1.04622174e-07 -5.18150159e-07
      -1.22616643e-06 -3.57748354e-06 -1.00174630e-05 -2.28791996e-05
      -4.33291643e-05 -6.89212902e-05 -9.11489042e-05 -9.76454467e-05
      -8.37285697e-05 -5.68701435e-05 -3.59018850e-05 -2.99628009e-05
      -3.34061369e-05 -4.52469903e-05 -6.45989712e-05 -7.78126923e-05
      -7.47146041e-05 -5.98359875e-05 -4.26782790e-05 -2.71105419e-05
      -1.39950553e-05 -4.58203976e-06 -7.21940467e-07 -1.49686031e-07
      -1.07966880e-08 -5.24781951e-09 -6.19540401e-08 -3.21986306e-07
      -9.66185667e-07 -3.36082394e-06 -1.06796160e-05 -2.53349026e-05
      -4.72939610e-05 -7.16105060e-05 -8.69510768e-05 -8.23140290e-05
      -5.84942027e-05 -3.06812726e-05 -2.08875954e-05 -2.89210911e-05
      -4.24281025e-05 -5.90910386e-05 -7.66299345e-05 -8.26966134e-05
      -7.24497659e-05 -5.50371769e-05 -3.90105124e-05 -2.56345083e-05
      -1.42600948e-05 -4.93363041e-06 -5.10881250e-07 -9.71499219e-08
      -1.35684068e-08 -8.51969051e-10 -2.61596078e-08 -1.66856779e-07
      -7.12379176e-07 -3.30330909e-06 -1.20360201e-05 -2.81485718e-05
      -5.02514667e-05 -7.13625341e-05 -8.03738440e-05 -6.91406021e-05
      -4.48408246e-05 -2.68961576e-05 -3.52501665e-05 -5.37891137e-05
      -7.01916797e-05 -7.91979910e-05 -8.48276904e-05 -7.87241515e-05
      -6.33966702e-05 -4.76886125e-05 -3.58291873e-05 -2.52496011e-05
      -1.51725762e-05 -5.87828208e-06 -6.93673996e-07 -1.08354378e-07
      -1.62774114e-08 -2.67648059e-09 -5.77460246e-10 -6.73831693e-08
      -5.21761194e-07 -3.39039821e-06 -1.37256020e-05 -3.10824689e-05
      -5.24667666e-05 -7.09969099e-05 -7.72842322e-05 -6.76056734e-05
      -5.20689282e-05 -4.99503876e-05 -7.19154123e-05 -9.14275661e-05
      -1.01431899e-04 -9.52602859e-05 -8.56507831e-05 -6.82123500e-05
      -5.08707672e-05 -4.04241764e-05 -3.31200608e-05 -2.51465717e-05
      -1.58262155e-05 -6.53968709e-06 -9.70575456e-07 -1.20616207e-07
      -3.13745407e-09 -1.04246389e-09 1.03986819e-08 1.84352960e-08
      -3.83108983e-07 -3.50038908e-06 -1.53069232e-05 -3.31100200e-05
      -5.33486236e-05 -7.08005318e-05 -7.86207893e-05 -7.55510919e-05
      -7.18429219e-05 -8.27390686e-05 -1.07249856e-04 -1.22786834e-04
      -1.21680321e-04 -1.03817627e-04 -8.29956189e-05 -5.74539990e-05
      -4.02738660e-05 -3.39691069e-05 -3.02068838e-05 -2.37740715e-05
      -1.52599750e-05 -6.55604254e-06 -1.28310410e-06 -1.71448264e-07
      -1.48226835e-08 -9.49109125e-10 8.66792949e-09 1.45562055e-07
      7.28865857e-09 -3.49534389e-06 -1.63373006e-05 -3.36980302e-05
      -5.17098597e-05 -6.76216223e-05 -7.73808715e-05 -8.13302977e-05
      -8.64223766e-05 -1.01511367e-04 -1.21360004e-04 -1.32605637e-04
      -1.25572245e-04 -1.04851810e-04 -7.76724046e-05 -4.99552807e-05
      -3.44377477e-05 -2.96672224e-05 -2.64266873e-05 -2.10339404e-05
      -1.34594220e-05 -6.15029694e-06 -1.52899145e-06 -2.44564887e-07
      -1.69359708e-08 0. 7.86809640e-09 2.22945005e-07 5.30763714e-07
      -3.29462591e-06 -1.61804346e-05 -3.21958250e-05 -4.76703026e-05
      -6.09406379e-05 -7.14087291e-05 -7.85932643e-05 -8.71490265e-05
      -9.94935181e-05 -1.15703537e-04 -1.25644408e-04 -1.18992575e-04
      -9.96225717e-05 -7.22966797e-05 -4.74565713e-05 -3.30290422e-05
      -2.77133859e-05 -2.27298497e-05 -1.73220906e-05 -1.11257195e-05
      -5.60712851e-06 -1.68019028e-06 -2.63879684e-07 -1.26524302e-08
      -2.62498578e-09 1.07980833e-08 4.05247135e-07 1.25082113e-06
      -2.25784538e-06 -1.39515705e-05 -2.85470105e-05 -4.26642946e-05
      -5.46549782e-05 -6.58586578e-05 -7.54067514e-05 -8.40022476e-05
      -9.42039842e-05 -1.09019486e-04 -1.18014017e-04 -1.12484973e-04
      -9.38236044e-05 -6.94390983e-05 -4.76175410e-05 -3.28106071e-05
      -2.54386832e-05 -1.93407213e-05 -1.43218967e-05 -9.60077614e-06
      -4.99677208e-06 -1.53192161e-06 -1.93942313e-07 -1.73318586e-08
      -3.51278340e-10 1.15283205e-08 6.49092158e-07 2.01866214e-06
      -2.61852620e-07 -9.51856964e-06 -2.30820369e-05 -3.73606999e-05
      -5.08599951e-05 -6.42070081e-05 -7.63083008e-05 -8.62469096e-05
      -9.70272959e-05 -1.09047091e-04 -1.14602153e-04 -1.06907879e-04
      -8.74083489e-05 -6.45242035e-05 -4.45789265e-05 -3.01338187e-05
      -2.19491030e-05 -1.60950858e-05 -1.18265243e-05 -8.00982798e-06
      -3.98657767e-06 -1.26451800e-06 -1.83346060e-07 -9.59115898e-09 0.
      3.05489962e-08 7.35316291e-07 2.63205447e-06 2.18377431e-06
      -3.68191149e-06 -1.55837024e-05 -2.96363178e-05 -4.46335107e-05
      -6.08128357e-05 -7.61088158e-05 -8.89145085e-05 -1.00348458e-04
      -1.08902532e-04 -1.08365959e-04 -9.60538018e-05 -7.52935521e-05
      -5.42361959e-05 -3.67614193e-05 -2.48939705e-05 -1.73960216e-05
      -1.26900268e-05 -9.32343482e-06 -6.06358299e-06 -3.00741658e-06
      -8.74046293e-07 -1.29460631e-07 -2.43458897e-09 -7.18042736e-10
      2.30765771e-08 6.11494443e-07 2.37888116e-06 3.36097696e-06
      9.59042495e-07 -6.32592355e-06 -1.78724858e-05 -3.19596838e-05
      -4.86904100e-05 -6.50526490e-05 -7.99409463e-05 -9.08725342e-05
      -9.57564480e-05 -9.08696384e-05 -7.63472490e-05 -5.74123405e-05
      -4.00258032e-05 -2.69417924e-05 -1.86047018e-05 -1.32687146e-05
      -9.58911824e-06 -6.80577614e-06 -4.14825945e-06 -1.92222979e-06
      -5.13105533e-07 -6.70741613e-08 -6.44869214e-10 -6.95603908e-10
      2.01108952e-09 4.34093579e-07 1.69966097e-06 3.44021964e-06
      3.26106442e-06 6.08799041e-07 -5.93192908e-06 -1.66774807e-05
      -2.98719460e-05 -4.48438550e-05 -5.77400024e-05 -6.68025023e-05
      -6.93011971e-05 -6.49937720e-05 -5.37044216e-05 -4.05614337e-05
      -2.89111140e-05 -2.00395370e-05 -1.40513393e-05 -9.89367982e-06
      -6.82853988e-06 -4.36848086e-06 -2.39841256e-06 -9.56333906e-07
      -2.19050833e-07 -1.91109262e-08 -1.19052779e-09 0. 0.
      1.76319674e-07 8.68748884e-07 2.25908911e-06 3.19696301e-06
      3.03268325e-06 1.58210241e-07 -6.34819025e-06 -1.61485077e-05
      -2.77712352e-05 -3.88180233e-05 -4.63377146e-05 -4.86386125e-05
      -4.66415331e-05 -3.98952798e-05 -3.12995689e-05 -2.28008321e-05
      -1.52836692e-05 -1.03292732e-05 -7.01144381e-06 -4.25048484e-06
      -2.36103733e-06 -1.12413341e-06 -3.50663242e-07 -6.71879263e-08
      -5.69877523e-09 0. 0. 0. 3.85923400e-08 2.79867606e-07
      7.99120812e-07 1.32784908e-06 1.34519314e-06 -1.34334755e-07
      -3.59839896e-06 -9.53115523e-06 -1.72114651e-05 -2.40639110e-05
      -2.91080742e-05 -3.06673937e-05 -2.95910795e-05 -2.57056090e-05
      -2.07275716e-05 -1.57193881e-05 -1.09770144e-05 -7.13823647e-06
      -4.25745384e-06 -2.23376105e-06 -1.09823350e-06 -4.76578947e-07
      -1.26472671e-07 -2.61970872e-08 -2.42092590e-09 0. 0. 0.
      2.10116213e-09 -9.60556878e-09 -2.69435407e-08 -2.47963527e-07
      -9.49261278e-07 -2.52377663e-06 -5.21266338e-06 -8.81740561e-06
      -1.28719248e-05 -1.59449064e-05 -1.76011799e-05 -1.76968915e-05
      -1.61730568e-05 -1.38604100e-05 -1.14537988e-05 -8.82422592e-06
      -6.03298668e-06 -3.64569769e-06 -1.97498866e-06 -9.85454790e-07
      -4.41350181e-07 -1.70326373e-07 -3.76120646e-08 -4.10396650e-09
      -2.11759854e-09 0. 0. 0. 0. -8.68755290e-10 -4.35795720e-08
      -1.91714221e-07 -6.29745102e-07 -1.39475651e-06 -2.73078467e-06
      -4.15833301e-06 -5.76478578e-06 -7.14114231e-06 -7.77932928e-06
      -7.63858316e-06 -6.92251706e-06 -5.63291269e-06 -4.49154322e-06
      -3.31131105e-06 -2.16980061e-06 -1.25626343e-06 -6.51345999e-07
      -2.95382677e-07 -9.89973401e-08 -2.17216360e-08 -6.39967801e-10
      -1.20403765e-09 0. 0. 0. 0. 0. 0. -3.00398795e-09 -1.91597280e-08
      -5.28836210e-08 -1.13764038e-07 -1.59412821e-07 -2.44230165e-07
      -4.29226986e-07 -5.52594145e-07 -6.90446939e-07 -7.88400314e-07
      -9.33072101e-07 -8.18301373e-07 -6.76048160e-07 -4.91980018e-07
      -2.86819272e-07 -1.22566206e-07 -6.32745270e-08 -2.83407733e-08
      -2.41645424e-08 -3.33970251e-09 0. 0. 0. 0. -7.91300238e-07 0. 0.
      0. 0. 0. 0. 0. 0. 0. 0. 0. 0. -2.99633851e-09 -1.10896483e-08
      -5.03957631e-09 -2.09982365e-10 0. 0. 0. 0. 0. 0. 0. 0. 0. 0. 0.
      0. 0. 0. 0. 0. -3.19497095e-10 -1.11734733e-09 -1.27232056e-08
      -3.23745866e-08 -5.72232395e-08 -8.22368591e-08 -1.54102622e-07
      -2.05346652e-07 -2.22434892e-07 -2.24152359e-07 -2.29918797e-07
      -2.24154533e-07 -2.41206664e-07 -1.92726034e-07 -1.21897131e-07
      -8.85074343e-08 -6.61517419e-08 -2.54995722e-08 -1.24763631e-08
      -4.71023620e-09 0. 0. 0. 0. 0. 0. -1.08016085e-09 -8.53497661e-10
      -8.18518853e-09 -6.32619557e-09 -5.84349031e-08 -1.76019142e-07
      -3.28913586e-07 -6.23182075e-07 -1.07699066e-06 -1.59068611e-06
      -2.27341911e-06 -3.00335978e-06 -3.77992978e-06 -4.28602925e-06
      -4.35979291e-06 -3.93172650e-06 -3.24746770e-06 -2.32583989e-06
      -1.34710046e-06 -7.06065691e-07 -3.28638691e-07 -1.10261723e-07
      -3.94836803e-08 -9.01537067e-09 0. 0. 0. 0. -3.39777761e-09
      -6.51932508e-09 -1.42454031e-08 -7.98085438e-08 -2.46879296e-07
      -6.28358521e-07 -1.32807406e-06 -2.55773693e-06 -4.18031004e-06
      -6.24503218e-06 -8.52909761e-06 -1.11112358e-05 -1.35164755e-05
      -1.49266980e-05 -1.46869861e-05 -1.32065816e-05 -1.05396412e-05
      -7.31600448e-06 -4.13771295e-06 -2.04584148e-06 -8.66426660e-07
      -2.81559466e-07 -1.28368086e-07 -2.44685161e-08 -3.34112205e-09 0.
      0. -6.85465740e-10 -6.01657435e-09 -1.62707039e-08 -5.90310734e-08
      -3.50882488e-07 -1.02366255e-06 -2.43141812e-06 -4.83646681e-06
      -8.75467504e-06 -1.41124256e-05 -2.07600551e-05 -2.91590713e-05
      -3.86327629e-05 -4.60445153e-05 -4.94299929e-05 -4.74123335e-05
      -4.07845473e-05 -3.12725897e-05 -2.11988445e-05 -1.17963336e-05
      -5.63246522e-06 -2.01593843e-06 -5.26038434e-07 -2.70035343e-07
      -1.24749633e-07 -2.47508165e-08 -2.91283442e-09 0. 0.
      -1.18004619e-08 -6.03909598e-08 -2.68776745e-07 -1.06313053e-06
      -2.78959601e-06 -6.07935362e-06 -1.13793567e-05 -1.86302241e-05
      -2.87777093e-05 -4.20160213e-05 -5.81762652e-05 -7.56762674e-05
      -8.89066578e-05 -9.45904394e-05 -8.99541119e-05 -7.67331294e-05
      -5.79907792e-05 -3.92782131e-05 -2.29589859e-05 -1.11406234e-05
      -3.91461344e-06 -9.03681098e-07 -6.61682122e-07 -4.67945881e-07
      -1.46969569e-07 -6.61123689e-09 0. -2.13455559e-10 -3.51641418e-08
      -2.00490788e-07 -7.80001812e-07 -2.42016449e-06 -5.73708257e-06
      -1.12198486e-05 -1.93619853e-05 -2.97138849e-05 -4.35102229e-05
      -6.14446471e-05 -8.21050562e-05 -1.03880418e-04 -1.20979552e-04
      -1.27623280e-04 -1.20797522e-04 -1.03213533e-04 -7.98180117e-05
      -5.50703844e-05 -3.45760127e-05 -1.85683566e-05 -8.07672495e-06
      -3.10587870e-06 -1.94801214e-06 -1.30042076e-06 -3.43388933e-07
      -3.83963723e-08 -9.98639171e-10 -2.49016985e-08 -1.45728890e-07
      -5.94506787e-07 -1.94665881e-06 -4.72496049e-06 -1.00854404e-05
      -1.76225039e-05 -2.77663567e-05 -4.05875035e-05 -5.71498058e-05
      -7.76795132e-05 -9.90094777e-05 -1.19381017e-04 -1.34538423e-04
      -1.39469223e-04 -1.31854482e-04 -1.14295130e-04 -9.11102979e-05
      -6.72399183e-05 -4.53307002e-05 -2.70817873e-05 -1.41525643e-05
      -7.20444450e-06 -4.21552249e-06 -2.14888723e-06 -4.99400528e-07
      -3.92997457e-08 -5.20287369e-09 -6.81833967e-08 -4.33124569e-07
      -1.43779960e-06 -3.41939722e-06 -7.23397716e-06 -1.38641317e-05
      -2.29614107e-05 -3.47904715e-05 -4.90472812e-05 -6.72849928e-05
      -8.58540443e-05 -1.02345715e-04 -1.15434916e-04 -1.24679922e-04
      -1.27060994e-04 -1.20194476e-04 -1.05763145e-04 -8.79856379e-05
      -6.89884619e-05 -4.97958281e-05 -3.29604882e-05 -1.95493285e-05
      -1.07862797e-05 -5.71023611e-06 -2.55665304e-06 -5.13825569e-07
      -3.45207454e-08 -7.29834637e-09 -1.08383112e-07 -6.65577659e-07
      -1.97098120e-06 -4.23245820e-06 -8.38453252e-06 -1.57409049e-05
      -2.54557781e-05 -3.78959558e-05 -5.24397874e-05 -6.88156069e-05
      -8.19017805e-05 -8.96281053e-05 -9.55372889e-05 -1.01583144e-04
      -1.04056089e-04 -9.85449733e-05 -8.76257618e-05 -7.55041692e-05
      -6.29934948e-05 -4.89995691e-05 -3.51041235e-05 -2.24693085e-05
      -1.24738626e-05 -5.64088805e-06 -2.00915770e-06 -4.05914278e-07
      -3.75088653e-08 -1.01127409e-08 -1.37118931e-07 -6.68954272e-07
      -1.84727537e-06 -3.86238526e-06 -7.83122232e-06 -1.49588959e-05
      -2.42160368e-05 -3.60504382e-05 -4.92742765e-05 -6.21419094e-05
      -7.00053206e-05 -7.21563920e-05 -7.64690703e-05 -8.43926173e-05
      -8.84491528e-05 -8.25125171e-05 -7.20594981e-05 -6.33130257e-05
      -5.51703379e-05 -4.55459267e-05 -3.44628788e-05 -2.31266386e-05
      -1.24472299e-05 -4.60358660e-06 -1.23295979e-06 -2.75560836e-07
      -2.32771296e-08 -8.92125396e-09 -1.08538494e-07 -5.16312923e-07
      -1.27448584e-06 -2.86849604e-06 -6.42576151e-06 -1.26819059e-05
      -2.11285442e-05 -3.18011225e-05 -4.39977375e-05 -5.46400042e-05
      -6.11822179e-05 -6.45296677e-05 -7.23183839e-05 -8.36763793e-05
      -8.71289958e-05 -7.74971340e-05 -6.52261297e-05 -5.69671829e-05
      -5.02265211e-05 -4.24034188e-05 -3.25054862e-05 -2.23803872e-05
      -1.23729533e-05 -4.16936928e-06 -6.70404688e-07 -1.40276626e-07
      -1.09724239e-08 -5.30547961e-09 -5.39584732e-08 -2.86263486e-07
      -7.21544325e-07 -1.89122920e-06 -5.09740312e-06 -1.01619471e-05
      -1.71587635e-05 -2.66198949e-05 -3.86165375e-05 -5.15049251e-05
      -6.12111980e-05 -6.79629229e-05 -8.07837278e-05 -9.57377924e-05
      -9.72604321e-05 -8.23238879e-05 -6.66176420e-05 -5.66412491e-05
      -4.83696094e-05 -3.93666814e-05 -3.02166718e-05 -2.13203930e-05
      -1.24027019e-05 -4.16834700e-06 -3.94305886e-07 -7.23668876e-08
      -1.35354030e-08 -8.19843027e-10 -8.75405348e-09 -1.46369871e-07
      -3.86905242e-07 -1.15337377e-06 -3.98239445e-06 -7.30903866e-06
      -1.21007715e-05 -2.06772820e-05 -3.37211059e-05 -4.86380341e-05
      -6.07661968e-05 -7.16872601e-05 -9.17192738e-05 -1.07487729e-04
      -1.05676008e-04 -8.57929190e-05 -6.86520361e-05 -5.74841761e-05
      -4.59988951e-05 -3.54944896e-05 -2.77634099e-05 -2.00051018e-05
      -1.22086331e-05 -4.57761689e-06 -4.62053777e-07 -6.82350247e-08
      -1.64846590e-08 -2.49472221e-09 -3.10841863e-09 -5.41508562e-08
      -9.27808514e-08 -4.03247384e-07 -2.88326305e-06 -4.20943979e-06
      -7.35598951e-06 -1.47025030e-05 -2.74118229e-05 -4.09462737e-05
      -5.21130969e-05 -6.57491910e-05 -9.10035451e-05 -1.05368556e-04
      -1.01013022e-04 -7.97488610e-05 -6.51237715e-05 -5.35649815e-05
      -4.17110969e-05 -3.28151145e-05 -2.61920577e-05 -1.89899019e-05
      -1.14430704e-05 -4.70035093e-06 -6.32127126e-07 -1.03775413e-07
      -2.99307112e-09 -9.84155868e-10 -4.62622785e-09 -2.90794073e-08
      6.54040093e-08 -5.03863021e-07 -2.92011327e-06 -4.05650371e-06
      -6.77345088e-06 -1.25251736e-05 -2.24438409e-05 -3.14679965e-05
      -3.94828894e-05 -5.58080610e-05 -7.98870606e-05 -9.14333141e-05
      -8.48479176e-05 -6.67447821e-05 -5.68308824e-05 -4.78832990e-05
      -4.06849940e-05 -3.47476489e-05 -2.78106290e-05 -1.96378278e-05
      -1.13457972e-05 -4.68263534e-06 -8.62748891e-07 -1.40825676e-07
      -1.39851455e-08 -9.55999391e-10 -4.89779994e-09 -7.74233087e-08
      -2.14854836e-07 -1.88188142e-06 -5.95126858e-06 -9.27123074e-06
      -1.34922402e-05 -1.88428385e-05 -2.57890351e-05 -3.14731915e-05
      -3.90195055e-05 -5.41668887e-05 -7.20857352e-05 -7.91198763e-05
      -6.98499643e-05 -5.71245619e-05 -5.21470320e-05 -4.95700660e-05
      -4.75118068e-05 -4.17902811e-05 -3.21989355e-05 -2.17244324e-05
      -1.20768436e-05 -4.87439502e-06 -1.21619382e-06 -1.94931260e-07
      -1.57688440e-08 0. -8.53774562e-09 -1.06665226e-07 -8.01872602e-07
      -4.35978791e-06 -1.17319205e-05 -1.90958053e-05 -2.60254201e-05
      -3.29706090e-05 -3.92884504e-05 -4.46613594e-05 -5.17997905e-05
      -6.20752762e-05 -7.27849401e-05 -7.45876387e-05 -6.57539422e-05
      -5.85332273e-05 -5.86823553e-05 -6.07077491e-05 -5.90632953e-05
      -4.98655463e-05 -3.64308471e-05 -2.33679311e-05 -1.23541295e-05
      -5.15523288e-06 -1.51504662e-06 -2.31371928e-07 -1.19050778e-08
      -2.58633781e-09 -6.05368289e-09 -1.81346593e-07 -1.49895300e-06
      -7.09871392e-06 -1.77949260e-05 -2.94445472e-05 -3.95978641e-05
      -4.82096511e-05 -5.60649059e-05 -6.30414725e-05 -6.81234451e-05
      -7.22832774e-05 -7.74928121e-05 -7.75282024e-05 -7.31042528e-05
      -7.02662946e-05 -7.21848119e-05 -7.33753113e-05 -6.65736006e-05
      -5.26094373e-05 -3.66581262e-05 -2.27060318e-05 -1.17696572e-05
      -4.88376782e-06 -1.42854572e-06 -1.75471811e-07 -1.62544147e-08
      -3.31182942e-10 -1.50000403e-08 -3.02306745e-07 -2.09954214e-06
      -8.82568293e-06 -2.15802756e-05 -3.65743253e-05 -5.06106553e-05
      -6.23318774e-05 -7.21150209e-05 -7.95358355e-05 -8.28947595e-05
      -8.47699703e-05 -8.69871001e-05 -8.81073211e-05 -8.65781258e-05
      -8.42210065e-05 -8.23158844e-05 -7.71814157e-05 -6.46669141e-05
      -4.81913012e-05 -3.22809428e-05 -1.92283369e-05 -9.59271347e-06
      -3.93381288e-06 -1.19285437e-06 -1.73101213e-07 -8.97414054e-09 0.
      -1.81615221e-08 -3.51844733e-07 -2.38786697e-06 -8.90975207e-06
      -2.15428081e-05 -3.86837346e-05 -5.63313624e-05 -7.24026395e-05
      -8.54175305e-05 -9.42148181e-05 -9.84267754e-05 -1.00477235e-04
      -1.03126171e-04 -1.04069899e-04 -1.00199562e-04 -9.25141721e-05
      -8.29068085e-05 -7.05249113e-05 -5.42108537e-05 -3.80504607e-05
      -2.40828813e-05 -1.35298396e-05 -6.60575733e-06 -2.82632209e-06
      -8.18377373e-07 -1.28207645e-07 -2.34135356e-09 -6.78453016e-10
      -1.47120129e-08 -3.05936993e-07 -1.96737187e-06 -7.02795796e-06
      -1.77937254e-05 -3.47378555e-05 -5.45386501e-05 -7.42761695e-05
      -9.11675743e-05 -1.03236598e-04 -1.10250076e-04 -1.14000475e-04
      -1.16223491e-04 -1.13788643e-04 -1.03487313e-04 -8.83458779e-05
      -7.07393774e-05 -5.33574748e-05 -3.74554693e-05 -2.44240964e-05
      -1.44941841e-05 -7.69519738e-06 -3.81150357e-06 -1.65284371e-06
      -4.65976228e-07 -6.68370319e-08 -5.96647565e-10 -6.57251420e-10
      -1.23572774e-09 -2.04860072e-07 -1.16369483e-06 -4.20634160e-06
      -1.15334187e-05 -2.47888893e-05 -4.28120111e-05 -6.37078920e-05
      -8.32947044e-05 -9.88723623e-05 -1.08419263e-04 -1.12662121e-04
      -1.11913585e-04 -1.04564344e-04 -8.81264787e-05 -6.80964513e-05
      -4.80827221e-05 -3.17425074e-05 -1.93797423e-05 -1.14548648e-05
      -6.39016980e-06 -3.44193404e-06 -1.73537558e-06 -7.03350906e-07
      -1.75829570e-07 -1.46234971e-08 -1.10150322e-09 0. 0.
      -7.12041484e-08 -4.56265383e-07 -1.88858405e-06 -5.43573788e-06
      -1.27830172e-05 -2.49507011e-05 -4.12789632e-05 -5.89869778e-05
      -7.49606115e-05 -8.61075023e-05 -9.03606051e-05 -8.76239210e-05
      -7.66324738e-05 -5.89603915e-05 -4.03619706e-05 -2.39839992e-05
      -1.25035685e-05 -6.00545900e-06 -2.68673352e-06 -1.50142682e-06
      -9.54743200e-07 -4.86532258e-07 -1.86529093e-07 -4.36907186e-08
      -6.49084164e-09 0. 0. 0. -1.85679028e-08 -1.38003102e-07
      -6.21075969e-07 -1.77249365e-06 -4.42016653e-06 -9.35588469e-06
      -1.65802303e-05 -2.58709406e-05 -3.52584466e-05 -4.18620766e-05
      -4.47770508e-05 -4.29067768e-05 -3.55440461e-05 -2.55536543e-05
      -1.65131842e-05 -9.25832228e-06 -4.18253967e-06 -1.59893057e-06
      -5.75390800e-07 -3.19541584e-07 -2.28103431e-07 -1.41288012e-07
      -7.46004218e-08 -1.59715636e-08 -2.44899168e-09 0. 0. 0.
      -1.88461957e-09 -2.25832224e-08 -1.54496163e-07 -5.53506879e-07
      -1.55940677e-06 -3.48027515e-06 -6.51580331e-06 -1.00713360e-05
      -1.39324620e-05 -1.69227096e-05 -1.82190979e-05 -1.72135806e-05
      -1.44195346e-05 -1.15629027e-05 -9.05704383e-06 -6.78425749e-06
      -4.42523879e-06 -2.65807057e-06 -1.49123355e-06 -7.80951609e-07
      -2.98776598e-07 -9.08383839e-08 -3.27496288e-08 -4.17853929e-09
      -2.16944174e-09 0. 0. 0. 0. -8.59800009e-10 -4.04139264e-08
      -1.85501023e-07 -6.40281428e-07 -1.45115587e-06 -2.78634434e-06
      -4.21290815e-06 -5.80176538e-06 -7.21749666e-06 -7.84594158e-06
      -7.73948432e-06 -6.96186180e-06 -5.65688561e-06 -4.58481645e-06
      -3.37065489e-06 -2.21112123e-06 -1.30578655e-06 -6.98883071e-07
      -3.22934767e-07 -1.00983115e-07 -1.47417127e-08 -4.47523463e-10
      -1.23003763e-09 0. 0. 0. 0. 0. 0. -3.06998604e-09 -1.95782981e-08
      -5.40770451e-08 -1.16806220e-07 -1.63344168e-07 -2.49118500e-07
      -4.37200669e-07 -5.62758714e-07 -7.02176692e-07 -7.99305099e-07
      -9.44606597e-07 -8.26290034e-07 -6.80909466e-07 -4.94532344e-07
      -2.88473359e-07 -1.23357012e-07 -6.41914255e-08 -2.88520585e-08
      -2.47265994e-08 -3.41285755e-09 0. 0. 0. 0. -8.12146652e-07 0. 0.
      0. 0. 0. 0. 0. 0. 0. 0. 0. 0. -2.83548629e-09 -1.04110089e-08
      -4.67632422e-09 -1.94846861e-10 0. 0. 0. 0. 0. 0. 0. 0. 0. 0. 0.
      0. 0. 0. 0. 0. -3.01755176e-10 -1.04848341e-09 -1.16751133e-08
      -2.98007006e-08 -5.33855058e-08 -7.67298829e-08 -1.43888087e-07
      -1.91640922e-07 -2.07939351e-07 -2.13405571e-07 -2.30986856e-07
      -2.13857646e-07 -2.30707897e-07 -1.84578937e-07 -1.17091687e-07
      -8.58005365e-08 -6.41463842e-08 -2.44172398e-08 -1.17424248e-08
      -4.37806547e-09 0. 0. 0. 0. 0. 0. -1.05507603e-09 -8.27043767e-10
      -7.85969778e-09 -6.06007156e-09 -5.50414434e-08 -1.65718646e-07
      -3.10629730e-07 -5.90980846e-07 -1.02090098e-06 -1.50922824e-06
      -2.17669231e-06 -2.91212177e-06 -3.69018699e-06 -4.16490047e-06
      -4.22552330e-06 -3.79951280e-06 -3.11122881e-06 -2.24173823e-06
      -1.31197578e-06 -6.83152791e-07 -3.19238467e-07 -1.04439266e-07
      -3.88692314e-08 -8.84005846e-09 0. 0. 0. 0. -3.34784023e-09
      -6.11455420e-09 -1.00679491e-08 -7.88185943e-08 -2.43235689e-07
      -6.28527573e-07 -1.30708008e-06 -2.49711661e-06 -4.07332027e-06
      -6.08398113e-06 -8.15553813e-06 -1.05947947e-05 -1.27814146e-05
      -1.40551001e-05 -1.38405539e-05 -1.23042582e-05 -9.67065807e-06
      -6.66844699e-06 -3.75426453e-06 -1.78147729e-06 -6.70805321e-07
      -2.00611296e-07 -6.67414497e-08 -8.34671354e-09 -1.10426973e-10 0.
      0. -6.94623914e-10 -6.05969142e-09 -1.58206461e-08 -9.49623100e-08
      -4.50127800e-07 -1.07009100e-06 -2.49290292e-06 -4.91281935e-06
      -8.37904554e-06 -1.27922112e-05 -1.85656700e-05 -2.59633380e-05
      -3.40446277e-05 -3.99224591e-05 -4.21741133e-05 -3.99351520e-05
      -3.39194848e-05 -2.55400664e-05 -1.71611828e-05 -9.17307443e-06
      -3.05132335e-06 1.83399521e-07 1.23589803e-06 8.21534911e-07
      2.49650725e-07 3.31080976e-08 -2.89171354e-09 0. 0.
      -1.18081669e-08 -7.21186808e-08 -4.40442307e-07 -1.53101280e-06
      -3.52999677e-06 -6.77364915e-06 -1.17320469e-05 -1.83331795e-05
      -2.60048946e-05 -3.56820674e-05 -4.77044887e-05 -6.02766449e-05
      -6.96499555e-05 -7.34379937e-05 -7.00116361e-05 -5.94394915e-05
      -4.43237914e-05 -2.81859793e-05 -1.37124880e-05 -2.85443798e-06
      3.19015749e-06 4.75570550e-06 3.46698926e-06 1.21729659e-06
      2.50635480e-07 3.16851700e-09 0. -2.19724502e-10 -2.66783253e-08
      -2.71080211e-07 -1.22078370e-06 -3.32520040e-06 -7.05428738e-06
      -1.28327029e-05 -2.06108925e-05 -2.99349304e-05 -4.00391182e-05
      -5.14459753e-05 -6.43857056e-05 -7.75300869e-05 -8.75588448e-05
      -9.24267879e-05 -8.90610827e-05 -7.79620023e-05 -6.12526055e-05
      -4.07225089e-05 -2.14920474e-05 -6.04061779e-06 4.05821083e-06
      8.03150760e-06 6.89047647e-06 3.12016232e-06 6.81103131e-07
      4.89085998e-08 -9.52119050e-10 -2.45999807e-08 -1.38126950e-07
      -7.33197453e-07 -2.64696155e-06 -6.14901910e-06 -1.18832513e-05
      -2.00147242e-05 -3.01545333e-05 -4.17450210e-05 -5.35151339e-05
      -6.58041172e-05 -7.79256370e-05 -8.91970194e-05 -9.72790149e-05
      -1.01231206e-04 -9.94379443e-05 -9.24621563e-05 -7.88414109e-05
      -5.91941789e-05 -3.65182641e-05 -1.59608971e-05 -9.90346734e-07
      7.57561702e-06 8.64011599e-06 4.59050307e-06 9.38709832e-07
      4.23450857e-08 -4.95680075e-09 -6.60741080e-08 -4.31801197e-07
      -1.62656806e-06 -4.38426150e-06 -8.96420261e-06 -1.62412598e-05
      -2.63046040e-05 -3.83367988e-05 -5.20855792e-05 -6.56932461e-05
      -7.59604372e-05 -8.35741666e-05 -8.89306757e-05 -9.21132741e-05
      -9.51590046e-05 -9.77332165e-05 -9.78957396e-05 -9.18975929e-05
      -7.56194640e-05 -5.20419198e-05 -2.84038142e-05 -9.58405690e-06
      3.12025713e-06 7.20761727e-06 4.46006379e-06 8.26942937e-07
      2.85730053e-08 -7.09305858e-09 -1.05251438e-07 -6.57565579e-07
      -2.13221529e-06 -5.16135060e-06 -1.03312614e-05 -1.85677054e-05
      -2.98855739e-05 -4.30079599e-05 -5.79238585e-05 -6.98972799e-05
      -7.44059071e-05 -7.45237485e-05 -7.34449495e-05 -7.55127912e-05
      -8.24722301e-05 -9.10785529e-05 -9.92545902e-05 -9.95288137e-05
      -8.65549373e-05 -6.36646291e-05 -3.88901499e-05 -1.80558491e-05
      -3.28511942e-06 3.43299962e-06 2.77018671e-06 4.87164982e-07
      1.87182465e-08 -9.83992621e-09 -1.33519052e-07 -6.70716645e-07
      -2.07278549e-06 -4.84426891e-06 -1.01187861e-05 -1.87884270e-05
      -3.04461846e-05 -4.43782992e-05 -5.72330391e-05 -6.42602681e-05
      -6.17641854e-05 -5.56680388e-05 -5.41437403e-05 -6.17516343e-05
      -7.52592387e-05 -8.91023737e-05 -1.02454884e-04 -1.04909908e-04
      -9.20358652e-05 -6.84650367e-05 -4.41499797e-05 -2.39345554e-05
      -8.80922653e-06 -5.44316720e-07 1.03985781e-06 2.33095903e-07
      3.36678796e-10 -8.68782379e-09 -1.06879739e-07 -5.41895133e-07
      -1.57582622e-06 -3.96124915e-06 -9.27461952e-06 -1.82862441e-05
      -3.07784321e-05 -4.44588877e-05 -5.41543523e-05 -5.46817319e-05
      -4.69634761e-05 -3.96151954e-05 -4.35727598e-05 -5.98324950e-05
      -7.75375520e-05 -9.34850468e-05 -1.07291460e-04 -1.07371387e-04
      -9.10975141e-05 -6.62764360e-05 -4.30718392e-05 -2.54387141e-05
      -1.19902543e-05 -3.00967849e-06 5.86867301e-08 4.45541275e-08
      -2.99781355e-09 -5.14673859e-09 -6.10879027e-08 -3.18367313e-07
      -1.01578951e-06 -3.15365719e-06 -8.96528400e-06 -1.89384991e-05
      -3.23956665e-05 -4.51972192e-05 -5.13254454e-05 -4.66613492e-05
      -3.70949783e-05 -3.26229274e-05 -4.53863067e-05 -6.85670457e-05
      -8.78082719e-05 -1.02947924e-04 -1.11274639e-04 -1.04419822e-04
      -8.35976243e-05 -5.86598144e-05 -3.91513749e-05 -2.48871984e-05
      -1.35599103e-05 -4.61839772e-06 -3.96766154e-07 -4.48269013e-08
      -1.33590108e-08 -8.28280777e-10 -2.53214942e-08 -1.62246820e-07
      -6.89317403e-07 -2.93836524e-06 -9.86742907e-06 -2.16319950e-05
      -3.61112870e-05 -4.83344666e-05 -5.13514533e-05 -4.49043036e-05
      -3.70422786e-05 -3.84499654e-05 -6.06800641e-05 -8.58592030e-05
      -1.04188177e-04 -1.12186070e-04 -1.11877082e-04 -9.72760608e-05
      -7.31922846e-05 -5.10729296e-05 -3.61418643e-05 -2.44486400e-05
      -1.45531658e-05 -5.64524817e-06 -6.54944472e-07 -1.00080122e-07
      -1.62316365e-08 5.25573141e-09 -1.11801155e-08 -7.14046067e-08
      -5.38486574e-07 -3.15986927e-06 -1.19954548e-05 -2.58438413e-05
      -4.18087584e-05 -5.42227535e-05 -5.73616126e-05 -5.29190329e-05
      -4.93273437e-05 -5.78714753e-05 -8.53476231e-05 -1.07401414e-04
      -1.19124205e-04 -1.16309515e-04 -1.08412991e-04 -8.86251219e-05
      -6.50829315e-05 -4.71308376e-05 -3.50478149e-05 -2.47510125e-05
      -1.51057984e-05 -6.14004603e-06 -9.28765189e-07 -1.17338075e-07
      -3.01056646e-09 1.55646362e-09 -5.07265785e-09 -5.68476182e-08
      -5.43651822e-07 -3.72680051e-06 -1.44939613e-05 -2.96652725e-05
      -4.64822151e-05 -5.99860032e-05 -6.64131221e-05 -6.66089836e-05
      -6.86614949e-05 -8.28340708e-05 -1.07560714e-04 -1.22949466e-04
      -1.23862352e-04 -1.11938229e-04 -9.93529829e-05 -7.82940551e-05
      -5.87729592e-05 -4.53734538e-05 -3.46878296e-05 -2.44551957e-05
      -1.45932700e-05 -6.03212175e-06 -1.20567677e-06 -1.80230046e-07
      -1.43714862e-08 -9.39654021e-10 -4.92558216e-09 -8.67335856e-08
      -6.00775650e-07 -4.34843378e-06 -1.59449446e-05 -3.08565177e-05
      -4.70784471e-05 -6.14326200e-05 -7.03532278e-05 -7.47273953e-05
      -8.11219579e-05 -9.53375857e-05 -1.13118622e-04 -1.22393161e-04
      -1.16760450e-04 -1.03171194e-04 -8.77446364e-05 -6.93202164e-05
      -5.44475843e-05 -4.37169365e-05 -3.32401542e-05 -2.27297405e-05
      -1.30307735e-05 -5.51236417e-06 -1.43572743e-06 -2.38522773e-07
      -1.65064904e-08 0. -8.63616556e-09 -1.30807067e-07 -9.24917799e-07
      -5.19997639e-06 -1.55064918e-05 -2.79535543e-05 -4.27273771e-05
      -5.61763736e-05 -6.61400627e-05 -7.33458801e-05 -8.12822254e-05
      -9.22820836e-05 -1.05572239e-04 -1.12196256e-04 -1.06419764e-04
      -9.36920478e-05 -7.90717968e-05 -6.48021451e-05 -5.28628916e-05
      -4.19159624e-05 -3.04503083e-05 -1.99519600e-05 -1.08851382e-05
      -4.76842797e-06 -1.56895851e-06 -2.50054597e-07 -1.23832979e-08
      -2.54481924e-09 -6.18991436e-09 -2.02599324e-07 -1.46060916e-06
      -5.97253711e-06 -1.42379786e-05 -2.33388964e-05 -3.60953236e-05
      -4.90589664e-05 -6.05284367e-05 -7.03724363e-05 -7.82791249e-05
      -8.64713802e-05 -9.79897741e-05 -1.03988350e-04 -1.00337638e-04
      -8.99163715e-05 -7.71060586e-05 -6.48892674e-05 -5.23277886e-05
      -3.90451241e-05 -2.70687196e-05 -1.69585946e-05 -9.10788458e-06
      -4.02670184e-06 -1.41276053e-06 -1.75577853e-07 -1.68498744e-08
      -3.34465650e-10 -1.51053161e-08 -2.85164987e-07 -1.98284761e-06
      -6.59087345e-06 -1.28656875e-05 -1.93405322e-05 -2.99555213e-05
      -4.34687681e-05 -5.76101920e-05 -6.97943397e-05 -7.85989469e-05
      -8.77606799e-05 -9.82338752e-05 -1.03790240e-04 -1.00193443e-04
      -9.01477542e-05 -7.72911735e-05 -6.31573639e-05 -4.82458272e-05
      -3.39012804e-05 -2.25180283e-05 -1.34665588e-05 -6.97466112e-06
      -3.17559920e-06 -1.14578393e-06 -1.63856058e-07 -9.25046884e-09 0.
      -1.84658617e-08 -3.27076975e-07 -2.17096704e-06 -6.74527473e-06
      -1.19682527e-05 -1.71679330e-05 -2.58622294e-05 -3.87772598e-05
      -5.39494285e-05 -6.84754559e-05 -8.08278492e-05 -9.25583299e-05
      -1.02593804e-04 -1.05899446e-04 -9.96540766e-05 -8.69031355e-05
      -7.10018940e-05 -5.46766605e-05 -3.89863562e-05 -2.60291672e-05
      -1.64341418e-05 -9.20306047e-06 -4.86883528e-06 -2.45571732e-06
      -7.74627495e-07 -1.16173076e-07 1.07867093e-09 -6.83712809e-10
      -1.50028399e-08 -2.95404959e-07 -1.76935669e-06 -5.40136716e-06
      -1.06607358e-05 -1.62155848e-05 -2.35140251e-05 -3.49803631e-05
      -4.94404994e-05 -6.46173285e-05 -7.92303981e-05 -9.21637838e-05
      -1.00446101e-04 -1.00068799e-04 -8.98894941e-05 -7.38617746e-05
      -5.60837034e-05 -4.02890219e-05 -2.72407851e-05 -1.71828542e-05
      -1.00098041e-05 -5.64497395e-06 -3.15192619e-06 -1.61454875e-06
      -4.31728154e-07 -5.55139046e-08 -6.12903783e-10 -6.62346733e-10
      -1.27499555e-09 -2.07199946e-07 -1.08485960e-06 -3.26565146e-06
      -7.50083336e-06 -1.33608255e-05 -2.07165776e-05 -3.09022653e-05
      -4.33710375e-05 -5.77704232e-05 -7.07654544e-05 -8.06862081e-05
      -8.43474263e-05 -8.07754695e-05 -6.88500804e-05 -5.33269813e-05
      -3.85548701e-05 -2.58198743e-05 -1.66582558e-05 -1.01612932e-05
      -5.96878544e-06 -3.41580471e-06 -1.84108239e-06 -7.89745570e-07
      -1.59774132e-07 -1.15176562e-08 -1.13151477e-09 0. 0.
      -6.87993449e-08 -4.09948285e-07 -1.46528578e-06 -3.67078633e-06
      -7.49435912e-06 -1.36142035e-05 -2.23028255e-05 -3.34844881e-05
      -4.56290654e-05 -5.63828435e-05 -6.25889370e-05 -6.30737050e-05
      -5.76592283e-05 -4.75546512e-05 -3.56722594e-05 -2.51846286e-05
      -1.64987723e-05 -1.02444928e-05 -6.11858377e-06 -3.47344894e-06
      -1.88480647e-06 -8.85798158e-07 -2.76274505e-07 -3.58466750e-08
      -6.85530877e-09 0. 0. 0. -1.88151752e-08 -1.15169989e-07
      -5.41884106e-07 -1.41568205e-06 -3.06062725e-06 -5.86293345e-06
      -1.03308712e-05 -1.65653819e-05 -2.42249771e-05 -3.04006644e-05
      -3.37146521e-05 -3.40359475e-05 -3.14471836e-05 -2.67362193e-05
      -2.12592986e-05 -1.56173428e-05 -1.03257762e-05 -6.44436068e-06
      -3.69728241e-06 -1.92177458e-06 -9.08387221e-07 -3.73280358e-07
      -7.74896876e-08 -2.52300616e-08 -2.38113040e-09 0. 0. 0.
      -1.84718763e-09 -4.83404072e-09 -1.27434888e-07 -5.24751783e-07
      -1.40319264e-06 -2.95442214e-06 -5.54595272e-06 -8.76527247e-06
      -1.24955659e-05 -1.52220491e-05 -1.67853104e-05 -1.69141586e-05
      -1.56565802e-05 -1.34766615e-05 -1.11234704e-05 -8.40256689e-06
      -5.72119234e-06 -3.51435983e-06 -1.91359823e-06 -8.95299536e-07
      -3.42433339e-07 -9.79910055e-08 -9.20829635e-10 -3.96485689e-09
      -2.08461182e-09 0. 0. 0. 0. -8.56457238e-10 -4.41887593e-08
      -1.98600958e-07 -6.31789248e-07 -1.40547513e-06 -2.69002567e-06
      -4.04470165e-06 -5.56052601e-06 -6.86265321e-06 -7.45034777e-06
      -7.36077345e-06 -6.67834365e-06 -5.38089807e-06 -4.32741308e-06
      -3.19083529e-06 -2.09893619e-06 -1.22346512e-06 -6.27729321e-07
      -2.72923216e-07 -8.68631957e-08 -2.10546727e-08 -6.12484674e-10
      -1.20246879e-09 0. 0. 0. 0. 0. 0. -2.96019609e-09 -1.89665936e-08
      -5.25318917e-08 -1.13044706e-07 -1.58029181e-07 -2.41041789e-07
      -4.14713725e-07 -5.26258475e-07 -6.62107368e-07 -7.68759435e-07
      -9.15232533e-07 -8.00970668e-07 -6.60610965e-07 -4.80600022e-07
      -2.80154723e-07 -1.19483062e-07 -6.19639238e-08 -2.79498842e-08
      -2.40124169e-08 -3.32125838e-09 0. 0. 0. 0. -8.04371268e-07 0. 0.
      0. 0. 0. 0. 0. 0. 0. 0. 0. 0. 4.97571540e-09 6.32053609e-09
      -5.09061548e-09 -2.12108969e-10 0. 0. 0. 0. 0. 0. 0. 0. 0. 0. 0.
      0. 0. 0. 0. 0. 7.67457708e-10 2.62496647e-09 2.55652282e-08
      6.65923068e-08 1.03364727e-07 1.56382001e-07 2.96465799e-07
      3.95215437e-07 4.46529725e-07 4.50604574e-07 4.18339653e-07
      3.67049751e-07 3.59909507e-07 3.65510118e-07 2.80312946e-07
      2.01493378e-07 1.53280340e-07 6.20921625e-08 2.89043456e-08
      9.80297887e-09 0. 0. 0. 0. 0. 0. 3.23512905e-09 6.72869052e-12
      1.95082137e-08 1.29164386e-08 9.71057688e-08 2.72006559e-07
      5.00834972e-07 9.45445436e-07 1.70857538e-06 2.59520584e-06
      3.95917959e-06 5.62916421e-06 7.29766089e-06 8.45399700e-06
      9.14739485e-06 8.76771901e-06 7.54087114e-06 5.61467868e-06
      3.38400537e-06 1.80585130e-06 8.34961213e-07 2.53375333e-07
      8.04340630e-08 1.48215697e-08 0. 0. 0. 0. 6.03707750e-09
      9.54889501e-09 1.46623744e-08 1.44031986e-08 7.78430262e-08
      2.53326448e-07 4.06051527e-07 7.86850705e-07 1.55603789e-06
      2.56592784e-06 4.24056543e-06 7.09768801e-06 1.12193084e-05
      1.48309682e-05 1.69554824e-05 1.73659100e-05 1.56530132e-05
      1.16944993e-05 7.08807102e-06 3.69898180e-06 1.66026359e-06
      5.88033117e-07 2.42081398e-07 3.22783613e-08 4.93712893e-09 0. 0.
      -6.99034941e-10 -4.82548934e-09 -4.66767869e-09 -6.48023217e-08
      -2.69905144e-07 -6.85728594e-07 -1.48852416e-06 -2.77386789e-06
      -4.43570161e-06 -6.62115553e-06 -9.47655371e-06 -1.20447512e-05
      -1.33551594e-05 -1.30174813e-05 -1.12294247e-05 -8.35863921e-06
      -5.80752521e-06 -4.10289704e-06 -4.15178283e-06 -3.89423349e-06
      -2.86761042e-06 -1.94362792e-06 -1.13897659e-06 -4.99669170e-07
      -1.38047426e-07 -3.11990505e-08 1.44437440e-09 0. 0.
      9.43322842e-09 -7.08200218e-08 -3.83136467e-07 -1.38423900e-06
      -3.44393652e-06 -6.56304746e-06 -1.09615139e-05 -1.69390332e-05
      -2.40442860e-05 -3.25676738e-05 -4.04332677e-05 -4.83999902e-05
      -5.39394932e-05 -5.69875738e-05 -5.70771699e-05 -5.42937414e-05
      -4.78320981e-05 -3.91898320e-05 -2.92878012e-05 -1.94837903e-05
      -1.17373802e-05 -6.49292451e-06 -2.96677945e-06 -8.69923440e-07
      -1.54242670e-07 -2.67330130e-10 0. -2.16231894e-10 -2.56347068e-08
      -2.71812439e-07 -1.23541156e-06 -3.46844377e-06 -7.65281402e-06
      -1.38555124e-05 -2.21952341e-05 -3.24043467e-05 -4.41273551e-05
      -5.52678321e-05 -6.57271812e-05 -7.68463287e-05 -8.66677001e-05
      -9.48506058e-05 -9.97518073e-05 -9.90915069e-05 -9.08232905e-05
      -7.44674617e-05 -5.52691563e-05 -3.68464789e-05 -2.22824056e-05
      -1.23996033e-05 -5.98319593e-06 -2.08784195e-06 -4.32995108e-07
      -2.78256636e-08 -9.53377266e-10 -2.45586449e-08 -1.44406016e-07
      -7.35903200e-07 -2.67653809e-06 -6.58187673e-06 -1.31440784e-05
      -2.23060906e-05 -3.40206680e-05 -4.78168986e-05 -6.18368504e-05
      -7.35708163e-05 -8.34039529e-05 -9.28412046e-05 -1.02652572e-04
      -1.14111463e-04 -1.23987687e-04 -1.27244624e-04 -1.19467208e-04
      -1.00531135e-04 -7.51142652e-05 -5.06318174e-05 -3.07075279e-05
      -1.68990518e-05 -8.02191062e-06 -3.01773798e-06 -5.82346900e-07
      -3.25878844e-08 -5.01958652e-09 -6.63299033e-08 -4.35362551e-07
      -1.63693517e-06 -4.45881460e-06 -9.60171747e-06 -1.78654482e-05
      -2.92812656e-05 -4.36772207e-05 -5.97715261e-05 -7.42055927e-05
      -8.27624681e-05 -8.66154514e-05 -8.96527199e-05 -9.72543494e-05
      -1.11159578e-04 -1.24845392e-04 -1.32349684e-04 -1.28492858e-04
      -1.10758454e-04 -8.43752641e-05 -5.75620361e-05 -3.48361900e-05
      -1.83085904e-05 -8.35426363e-06 -3.13232476e-06 -5.57701469e-07
      -3.47577149e-08 -7.16325133e-09 -1.05787009e-07 -6.62955699e-07
      -2.14739021e-06 -5.31996966e-06 -1.10954479e-05 -2.03546915e-05
      -3.32819473e-05 -4.92953077e-05 -6.61159575e-05 -7.69544495e-05
      -7.83471187e-05 -7.25051214e-05 -7.03759579e-05 -7.98033652e-05
      -9.73562928e-05 -1.13669863e-04 -1.24604237e-04 -1.23836449e-04
      -1.08275497e-04 -8.26549149e-05 -5.60354310e-05 -3.36298253e-05
      -1.67809885e-05 -6.81047823e-06 -2.26190036e-06 -4.06023105e-07
      -3.78325247e-08 -9.93476768e-09 -1.34427495e-07 -6.76126547e-07
      -2.08859160e-06 -5.15452848e-06 -1.10003930e-05 -2.05683082e-05
      -3.41380510e-05 -5.09312813e-05 -6.55449912e-05 -7.03979531e-05
      -6.31702205e-05 -5.17437402e-05 -5.18408742e-05 -6.83855469e-05
      -8.89444345e-05 -1.04301042e-04 -1.14686547e-04 -1.13488437e-04
      -9.75321600e-05 -7.20932949e-05 -4.74358676e-05 -2.77351610e-05
      -1.33611948e-05 -4.73041109e-06 -1.29764044e-06 -2.47639292e-07
      -2.37474413e-08 -8.67916228e-09 -1.07538199e-07 -5.45678176e-07
      -1.60623017e-06 -4.37481913e-06 -1.01973137e-05 -1.99656970e-05
      -3.45353910e-05 -5.08987250e-05 -6.19176426e-05 -6.07162547e-05
      -4.89467784e-05 -3.99361415e-05 -4.90089442e-05 -7.20345051e-05
      -9.05913330e-05 -1.00675898e-04 -1.06715743e-04 -1.00320816e-04
      -8.04714437e-05 -5.53826685e-05 -3.41679661e-05 -1.98948946e-05
      -9.75949479e-06 -3.10712448e-06 -5.06262438e-07 -1.30632813e-07
      -2.24434915e-09 -5.11246467e-09 -6.16132354e-08 -3.20840797e-07
      -1.10909275e-06 -3.67201892e-06 -9.86645773e-06 -2.03895397e-05
      -3.56499004e-05 -5.06233337e-05 -5.77166793e-05 -5.28601377e-05
      -4.26036859e-05 -4.23234960e-05 -6.21446670e-05 -8.64478206e-05
      -9.79253091e-05 -1.01015095e-04 -9.89028922e-05 -8.46385301e-05
      -5.99328378e-05 -3.53801806e-05 -2.00082377e-05 -1.21589910e-05
      -6.71197586e-06 -1.91548111e-06 -7.34885930e-08 -7.73397417e-08
      -3.52597707e-09 -8.40151226e-10 -2.57340496e-08 -1.63718553e-07
      -7.74402793e-07 -3.47189484e-06 -1.05976560e-05 -2.21207374e-05
      -3.65797532e-05 -4.82477080e-05 -5.20690119e-05 -4.69250517e-05
      -4.39864452e-05 -5.52188358e-05 -8.20949645e-05 -9.97318275e-05
      -1.03243139e-04 -9.85486477e-05 -9.03995533e-05 -7.09744418e-05
      -4.32139750e-05 -2.09996579e-05 -1.02033910e-05 -6.37706808e-06
      -4.14338865e-06 -1.05663207e-06 9.56114974e-08 -8.30124662e-08
      -1.42028931e-08 -2.57226063e-09 -1.13491128e-08 -7.21053226e-08
      -5.96459415e-07 -3.62204401e-06 -1.21032026e-05 -2.38211414e-05
      -3.58179423e-05 -4.34745161e-05 -4.39730866e-05 -4.27999730e-05
      -4.93363768e-05 -6.92975736e-05 -9.59997342e-05 -1.05523271e-04
      -1.04245853e-04 -9.47891604e-05 -8.61300286e-05 -6.51416194e-05
      -3.63044128e-05 -1.52299126e-05 -6.26188648e-06 -3.62648825e-06
      -2.72620650e-06 -5.72929139e-07 2.80587699e-07 -1.01743446e-07
      -3.17012017e-09 -1.00669817e-09 -5.05846121e-09 -5.75723682e-08
      -6.39378584e-07 -4.10083476e-06 -1.39905414e-05 -2.49523728e-05
      -3.31346091e-05 -3.59372279e-05 -3.45706576e-05 -3.81183017e-05
      -5.20641661e-05 -7.53179556e-05 -9.62839040e-05 -1.02621503e-04
      -1.01537204e-04 -9.49954847e-05 -8.74864199e-05 -6.45827240e-05
      -3.57385907e-05 -1.46631210e-05 -5.19375044e-06 -3.12621137e-06
      -2.20141737e-06 -5.07628840e-07 2.98058666e-07 -1.57900629e-07
      -1.52448205e-08 -9.39734290e-10 -4.98628605e-09 -8.82531594e-08
      -7.55790097e-07 -4.97626934e-06 -1.59601841e-05 -2.57518423e-05
      -2.93422236e-05 -2.67779851e-05 -2.32177899e-05 -2.85359420e-05
      -4.53824505e-05 -6.73126997e-05 -8.44397437e-05 -9.52386326e-05
      -9.94669172e-05 -9.79338656e-05 -8.71821394e-05 -6.15385943e-05
      -3.31996562e-05 -1.41118844e-05 -6.18714785e-06 -3.84122541e-06
      -2.87019702e-06 -9.59786462e-07 -6.07786959e-08 -2.18036476e-07
      -1.75976425e-08 0. -8.71123440e-09 -1.32998267e-07 -1.10823316e-06
      -6.54454516e-06 -1.81063588e-05 -2.68578187e-05 -2.71126319e-05
      -1.93124179e-05 -1.19224405e-05 -1.46657385e-05 -3.02814824e-05
      -5.03909941e-05 -6.99292941e-05 -8.67112249e-05 -9.53661147e-05
      -9.31444738e-05 -7.68370810e-05 -5.08709199e-05 -2.71353474e-05
      -1.36273866e-05 -8.22068887e-06 -6.16906982e-06 -4.21594905e-06
      -2.12416671e-06 -7.20363289e-07 -2.47449009e-07 -1.31985978e-08
      -2.55532573e-09 -6.19734886e-09 -2.07629952e-07 -1.71581871e-06
      -8.27926851e-06 -2.05121996e-05 -2.98255600e-05 -2.96150738e-05
      -1.98831731e-05 -8.70084295e-06 -6.42209034e-06 -1.71747961e-05
      -3.64812258e-05 -5.97191429e-05 -7.80937917e-05 -8.48522832e-05
      -7.74399450e-05 -5.95067395e-05 -3.92208167e-05 -2.43922732e-05
      -1.67436046e-05 -1.26691275e-05 -9.95260780e-06 -6.32075307e-06
      -3.24537496e-06 -1.06719995e-06 -1.81832334e-07 -1.76815700e-08
      -3.41493611e-10 -1.51325814e-08 -3.24821940e-07 -2.28801059e-06
      -9.44193289e-06 -2.24391497e-05 -3.43863212e-05 -3.83041915e-05
      -3.19133796e-05 -2.04705957e-05 -1.19412580e-05 -1.52632365e-05
      -3.09457573e-05 -5.22399205e-05 -6.76192794e-05 -6.97055002e-05
      -6.05912428e-05 -4.78997354e-05 -3.69739464e-05 -2.90201060e-05
      -2.28855788e-05 -1.78691498e-05 -1.25255574e-05 -7.29884141e-06
      -3.39232452e-06 -1.12901637e-06 -1.71289102e-07 -9.71248681e-09 0.
      -1.83768449e-08 -3.67971552e-07 -2.50257040e-06 -9.22501022e-06
      -2.19229187e-05 -3.73706462e-05 -4.84878874e-05 -5.15737484e-05
      -4.57624737e-05 -3.61131715e-05 -3.21969164e-05 -3.92988732e-05
      -5.29891622e-05 -6.22858788e-05 -6.28195630e-05 -5.74498044e-05
      -5.09412675e-05 -4.40111180e-05 -3.62152459e-05 -2.79679152e-05
      -1.96404726e-05 -1.22322817e-05 -6.42348095e-06 -2.89377613e-06
      -8.19800732e-07 -1.18333489e-07 -2.34571318e-09 -6.90866364e-10
      -1.51398272e-08 -3.10699164e-07 -2.02036517e-06 -7.23053927e-06
      -1.82338154e-05 -3.47127352e-05 -5.22588853e-05 -6.64312029e-05
      -7.34459391e-05 -7.26079816e-05 -6.95922354e-05 -7.01291356e-05
      -7.46418809e-05 -7.81306444e-05 -7.71743944e-05 -7.16759314e-05
      -6.26997935e-05 -5.11001781e-05 -3.83773950e-05 -2.62812136e-05
      -1.60285708e-05 -8.82271524e-06 -4.42047485e-06 -1.88038587e-06
      -4.90444279e-07 -5.24473300e-08 -6.36582509e-10 -6.69276690e-10
      -1.24978994e-09 -2.08137081e-07 -1.18753655e-06 -4.30215186e-06
      -1.18373282e-05 -2.54753941e-05 -4.37760282e-05 -6.49337017e-05
      -8.46517505e-05 -9.97204115e-05 -1.09285116e-04 -1.13931375e-04
      -1.14306975e-04 -1.10090303e-04 -9.92373389e-05 -8.34085877e-05
      -6.47827619e-05 -4.60905467e-05 -3.02308363e-05 -1.83007196e-05
      -1.01085043e-05 -5.25976884e-06 -2.52830750e-06 -9.54538677e-07
      -2.13383743e-07 -1.24536745e-08 -1.17522914e-09 0. 0.
      -7.18862978e-08 -4.62812523e-07 -1.91320214e-06 -5.54277221e-06
      -1.32876248e-05 -2.64536720e-05 -4.45565602e-05 -6.54439282e-05
      -8.62118904e-05 -1.02889411e-04 -1.11467860e-04 -1.10858477e-04
      -1.01683967e-04 -8.51140649e-05 -6.51272494e-05 -4.57997085e-05
      -2.92521399e-05 -1.76220783e-05 -9.94882612e-06 -5.17430681e-06
      -2.57854117e-06 -1.16355432e-06 -3.67907404e-07 -6.80300687e-08
      -1.12578489e-08 0. 0. 0. -1.86717628e-08 -1.38381921e-07
      -6.21262700e-07 -1.83061138e-06 -4.76283321e-06 -1.03022494e-05
      -1.88802223e-05 -3.04108926e-05 -4.29422726e-05 -5.31624646e-05
      -5.85736780e-05 -5.82716457e-05 -5.24991883e-05 -4.29073480e-05
      -3.23779313e-05 -2.28159079e-05 -1.46160319e-05 -8.77242383e-06
      -4.83814711e-06 -2.45494039e-06 -1.16794672e-06 -4.93886148e-07
      -1.27110553e-07 -2.58030877e-08 -2.48062615e-09 0. 0. 0.
      -1.86161231e-09 -2.24220980e-08 -1.57714027e-07 -5.69712370e-07
      -1.65331210e-06 -3.70859175e-06 -7.12570954e-06 -1.13916394e-05
      -1.60755008e-05 -1.94115892e-05 -2.11288825e-05 -2.09935588e-05
      -1.88954291e-05 -1.59230185e-05 -1.29061573e-05 -9.68150835e-06
      -6.51182381e-06 -3.92845777e-06 -2.09407926e-06 -1.03644106e-06
      -4.66563421e-07 -1.72760068e-07 -3.82421952e-08 -4.07806011e-09
      -2.18156115e-09 0. 0. 0. 0. -8.68357719e-10 -4.46893722e-08
      -2.00418071e-07 -6.47450236e-07 -1.43012426e-06 -2.76098717e-06
      -4.17873207e-06 -5.77466426e-06 -7.13762029e-06 -7.76039269e-06
      -7.64169363e-06 -6.90020170e-06 -5.61753313e-06 -4.52656332e-06
      -3.36535891e-06 -2.22456947e-06 -1.30423837e-06 -6.91139121e-07
      -3.17705684e-07 -1.02847125e-07 -2.20980514e-08 -6.43262166e-10
      -1.21435184e-09 0. 0. 0. 0. 0. 0. -3.01975511e-09 -1.92388754e-08
      -5.31358815e-08 -1.14296974e-07 -1.59762465e-07 -2.42882862e-07
      -4.25129826e-07 -5.46143838e-07 -6.81348467e-07 -7.75643571e-07
      -9.17207672e-07 -8.02768398e-07 -6.63345304e-07 -4.83291785e-07
      -2.82292433e-07 -1.20933237e-07 -6.30398276e-08 -2.84816526e-08
      -2.44631515e-08 -3.36776962e-09 0. 0. 0. 0. -7.66808967e-07 0. 0.
      0. 0. 0. 0. 0. 0. 0. 0. 0. 0. -2.85703816e-09 -1.05999423e-08
      -4.83405493e-09 -2.01418965e-10 0. 0. 0. 0. 0. 0. 0. 0. 0. 0. 0.
      0. 0. 0. 0. 0. -3.04392012e-10 -1.06547726e-09 -1.21783374e-08
      -3.09904422e-08 -5.51333414e-08 -7.94385286e-08 -1.48321817e-07
      -1.97801384e-07 -2.14229914e-07 -2.16909712e-07 -2.33900607e-07
      -2.16546184e-07 -2.33188814e-07 -1.86005565e-07 -1.17338878e-07
      -8.53024176e-08 -6.36574526e-08 -2.43487577e-08 -1.18518875e-08
      -4.49829196e-09 0. 0. 0. 0. 0. 0. -1.01367104e-09 -8.38639713e-10
      -7.90985677e-09 -6.11852702e-09 -5.65076093e-08 -1.70515435e-07
      -3.19408912e-07 -6.05605351e-07 -1.04477976e-06 -1.53809651e-06
      -2.20675656e-06 -2.93574931e-06 -3.70355247e-06 -4.17926276e-06
      -4.25622420e-06 -3.83778661e-06 -3.15810803e-06 -2.28705085e-06
      -1.33032790e-06 -6.97356541e-07 -3.31050501e-07 -1.06499812e-07
      -3.80769656e-08 -8.66395222e-09 0. 0. 0. 0. -3.25419447e-09
      -6.38218456e-09 -1.40697676e-08 -7.87041614e-08 -2.45112034e-07
      -6.34797459e-07 -1.33112144e-06 -2.56013118e-06 -4.21955428e-06
      -6.27003783e-06 -8.47229694e-06 -1.10103338e-05 -1.34294078e-05
      -1.48698673e-05 -1.46604707e-05 -1.31927463e-05 -1.06407533e-05
      -7.63773369e-06 -4.63507422e-06 -2.52368318e-06 -1.18268372e-06
      -4.66123481e-07 -1.83904064e-07 -3.08880388e-08 -3.25920047e-09 0.
      0. -6.74392098e-10 -5.95709304e-09 -9.21855214e-09 -8.14111161e-08
      -4.55851904e-07 -1.18417267e-06 -2.73993282e-06 -5.39543998e-06
      -9.50445974e-06 -1.50578680e-05 -2.19879130e-05 -3.05606591e-05
      -3.97981821e-05 -4.71789645e-05 -5.07358418e-05 -4.94193591e-05
      -4.35645088e-05 -3.48369649e-05 -2.55864852e-05 -1.66422160e-05
      -9.75374769e-06 -5.16206364e-06 -2.44371995e-06 -9.96733320e-07
      -2.40700189e-07 -3.55834793e-08 -2.85091817e-09 0. 0.
      -1.16784298e-08 -6.48228280e-08 -4.12246948e-07 -1.51995653e-06
      -3.79700828e-06 -7.71766099e-06 -1.39645927e-05 -2.29006946e-05
      -3.42463463e-05 -4.82590949e-05 -6.45733744e-05 -8.13562656e-05
      -9.40223108e-05 -1.00006771e-04 -9.79298493e-05 -8.81205997e-05
      -7.23653284e-05 -5.47783129e-05 -3.79802841e-05 -2.39015280e-05
      -1.38789819e-05 -7.54538678e-06 -3.46020147e-06 -9.99751592e-07
      -1.70455422e-07 -6.59433264e-09 0. -2.20117549e-10 2.06383923e-08
      -1.43909318e-07 -7.97612813e-07 -2.40328109e-06 -5.88932562e-06
      -1.21238645e-05 -2.12835730e-05 -3.40252045e-05 -4.94293636e-05
      -6.76513519e-05 -8.71421362e-05 -1.06218271e-04 -1.20378958e-04
      -1.27067193e-04 -1.24405939e-04 -1.14022740e-04 -9.76584197e-05
      -7.63495627e-05 -5.53053796e-05 -3.64080115e-05 -2.21397713e-05
      -1.25834440e-05 -6.18952026e-06 -2.20180891e-06 -4.53889044e-07
      -3.86160899e-08 2.18098672e-09 2.08466329e-08 2.08057997e-07
      3.89814829e-07 3.37836781e-07 -4.23580531e-07 -2.97299471e-06
      -8.65905713e-06 -1.79068047e-05 -3.11062613e-05 -4.72536958e-05
      -6.51078080e-05 -8.16751053e-05 -9.55219875e-05 -1.04372019e-04
      -1.07249813e-04 -1.04346516e-04 -9.75654912e-05 -8.66138580e-05
      -7.11296234e-05 -5.39990833e-05 -3.83372317e-05 -2.48747492e-05
      -1.46567390e-05 -7.67755046e-06 -3.02334615e-06 -6.25577172e-07
      -3.94396160e-08 7.68936292e-09 1.21596557e-07 7.97575808e-07
      1.97543795e-06 3.10570749e-06 4.31088392e-06 3.31168553e-06
      -5.62809419e-07 -9.25816312e-06 -2.21827322e-05 -3.76454263e-05
      -5.13331943e-05 -6.00981075e-05 -6.42904779e-05 -6.46637855e-05
      -6.41903462e-05 -6.38682031e-05 -6.36301993e-05 -6.20098508e-05
      -5.55910119e-05 -4.58810064e-05 -3.47747882e-05 -2.37398126e-05
      -1.40868597e-05 -7.41561917e-06 -3.04982814e-06 -5.92439619e-07
      -3.47368747e-08 1.26111699e-08 1.96925811e-07 1.30124863e-06
      3.28331521e-06 5.56598752e-06 7.71427949e-06 7.08655671e-06
      2.63810603e-06 -7.65920049e-06 -2.26584107e-05 -3.80927522e-05
      -4.69816769e-05 -4.76597088e-05 -4.42360688e-05 -4.13366761e-05
      -4.20605211e-05 -4.36474293e-05 -4.63548749e-05 -4.72983447e-05
      -4.41530356e-05 -3.82493527e-05 -3.02073859e-05 -2.13914864e-05
      -1.26132863e-05 -6.02023192e-06 -2.17468028e-06 -4.25714006e-07
      -2.33535484e-08 1.71846359e-08 2.50132587e-07 1.35528103e-06
      3.32476270e-06 5.71799592e-06 6.83379267e-06 4.38441657e-06
      -3.41361488e-06 -1.81130345e-05 -3.65231499e-05 -5.15504034e-05
      -5.67170719e-05 -5.20465801e-05 -4.62331009e-05 -4.74121007e-05
      -5.13755003e-05 -5.07590303e-05 -4.83751719e-05 -4.37161907e-05
      -3.80268211e-05 -3.26979425e-05 -2.65507661e-05 -1.94037038e-05
      -1.13939668e-05 -4.64116147e-06 -1.28955026e-06 -2.67402442e-07
      -1.94005523e-08 1.53134057e-08 1.91438644e-07 1.06798882e-06
      2.41330258e-06 3.85015937e-06 2.63138804e-06 -2.86703130e-06
      -1.51527338e-05 -3.40512197e-05 -5.52857164e-05 -6.95796480e-05
      -7.15070346e-05 -6.46966946e-05 -6.22970911e-05 -6.96995630e-05
      -7.45607831e-05 -6.86959975e-05 -5.74378137e-05 -4.44930629e-05
      -3.57823410e-05 -2.95835980e-05 -2.49723689e-05 -1.90255651e-05
      -1.16682450e-05 -4.20761080e-06 -7.08254504e-07 -1.49837220e-07
      -9.68314140e-09 1.01536095e-08 1.06573026e-07 5.86461283e-07
      1.28522743e-06 1.53193662e-06 -1.83986572e-06 -1.11791942e-05
      -2.71218287e-05 -4.94355700e-05 -7.20984972e-05 -8.50122233e-05
      -8.47265328e-05 -7.88378456e-05 -8.39377390e-05 -9.66801526e-05
      -9.92893474e-05 -8.53291494e-05 -6.50575967e-05 -4.76001078e-05
      -3.65058877e-05 -3.04653295e-05 -2.65030340e-05 -2.04639255e-05
      -1.27098256e-05 -4.67113841e-06 -4.81086374e-07 -8.57679439e-08
      -8.70005223e-09 -8.39005920e-10 2.78254451e-08 2.81105713e-07
      5.84781105e-07 -8.04381415e-08 -5.88566490e-06 -1.85147674e-05
      -3.77851029e-05 -6.19204657e-05 -8.40034554e-05 -9.46977889e-05
      -9.41435428e-05 -9.33456395e-05 -1.08699591e-04 -1.22947909e-04
      -1.18850432e-04 -9.36759243e-05 -6.91716123e-05 -5.23267408e-05
      -4.11246474e-05 -3.50508817e-05 -3.01465952e-05 -2.25693802e-05
      -1.40099401e-05 -5.47397030e-06 -6.25599625e-07 -1.00855516e-07
      -1.62256324e-08 -2.51898369e-09 3.54045993e-09 1.10025944e-07
      1.41080818e-07 -1.42336148e-06 -9.61543719e-06 -2.46698364e-05
      -4.55851914e-05 -6.96312272e-05 -9.00272644e-05 -9.88927495e-05
      -9.97694369e-05 -1.06814710e-04 -1.29257867e-04 -1.39023687e-04
      -1.23281279e-04 -8.90491210e-05 -6.76913187e-05 -5.59543987e-05
      -4.84400480e-05 -4.24048776e-05 -3.43831161e-05 -2.44915336e-05
      -1.48108020e-05 -6.03686340e-06 -8.40125551e-07 -1.16743394e-07
      -2.94641667e-09 -5.12078824e-10 -5.04508568e-09 4.71672834e-09
      -2.21233790e-07 -2.77114259e-06 -1.31790439e-05 -2.91944125e-05
      -4.95459608e-05 -7.13646004e-05 -8.81726737e-05 -9.60901889e-05
      -1.00108271e-04 -1.13206886e-04 -1.33463880e-04 -1.33591515e-04
      -1.06674459e-04 -7.44775971e-05 -6.23213200e-05 -5.86897550e-05
      -5.55655606e-05 -4.88445439e-05 -3.78600671e-05 -2.60708293e-05
      -1.50278966e-05 -6.07414859e-06 -1.15592707e-06 -1.79584532e-07
      -1.42285010e-08 1.78697812e-09 -5.00644370e-09 -7.25738047e-08
      -4.96839903e-07 -4.14950455e-06 -1.63400146e-05 -3.24055036e-05
      -5.00594142e-05 -6.73210598e-05 -7.99539994e-05 -8.66729170e-05
      -9.31271352e-05 -1.05593841e-04 -1.16788535e-04 -1.07687803e-04
      -8.03785006e-05 -6.04438283e-05 -5.94697594e-05 -6.36404220e-05
      -6.23608939e-05 -5.41647423e-05 -4.00696299e-05 -2.63192196e-05
      -1.45039703e-05 -5.94650146e-06 -1.45108856e-06 -2.38992754e-07
      -1.61937184e-08 0. -4.20195345e-09 -1.24645595e-07 -9.47779654e-07
      -6.01065949e-06 -1.90764840e-05 -3.45725457e-05 -4.93761763e-05
      -6.15892932e-05 -7.05878701e-05 -7.66298836e-05 -8.26492978e-05
      -8.90713272e-05 -9.01470485e-05 -7.76225352e-05 -6.04026791e-05
      -5.57125786e-05 -6.43396852e-05 -7.17259827e-05 -6.94770497e-05
      -5.73556390e-05 -4.06758481e-05 -2.54875522e-05 -1.34385918e-05
      -5.48361822e-06 -1.55978398e-06 -2.42703805e-07 -1.24002160e-08
      1.49891299e-09 -3.17521431e-09 -1.84503378e-07 -1.58681041e-06
      -7.94531843e-06 -2.15176624e-05 -3.68241126e-05 -5.02635121e-05
      -6.01442953e-05 -6.80673402e-05 -7.41512122e-05 -7.71149644e-05
      -7.57951202e-05 -7.04861595e-05 -6.16633770e-05 -5.72170138e-05
      -6.50585862e-05 -7.70342886e-05 -8.17593391e-05 -7.38912349e-05
      -5.71378150e-05 -3.90044443e-05 -2.37679760e-05 -1.22468782e-05
      -4.95834365e-06 -1.43747855e-06 -1.73761677e-07 -1.65322458e-08
      -3.35246081e-10 -1.51703861e-09 -2.98402028e-07 -2.17402794e-06
      -9.18223668e-06 -2.30242331e-05 -3.91210888e-05 -5.38096865e-05
      -6.54184842e-05 -7.45490252e-05 -8.02481591e-05 -7.97172252e-05
      -7.37830851e-05 -6.74153926e-05 -6.43618696e-05 -6.98862787e-05
      -8.18695407e-05 -8.99029328e-05 -8.66561240e-05 -7.19700620e-05
      -5.25766882e-05 -3.46375637e-05 -2.01826333e-05 -9.95960363e-06
      -3.93975233e-06 -1.18034632e-06 -1.72601645e-07 -9.00235975e-09 0.
      -1.53857656e-08 -3.62699723e-07 -2.41990142e-06 -9.02766624e-06
      -2.19072681e-05 -3.94019407e-05 -5.69879412e-05 -7.25300852e-05
      -8.42174632e-05 -8.97704522e-05 -8.80535881e-05 -8.19254492e-05
      -7.81677663e-05 -8.00760899e-05 -8.76608538e-05 -9.42344122e-05
      -9.29203161e-05 -8.16098545e-05 -6.26842157e-05 -4.31618173e-05
      -2.67779888e-05 -1.47401743e-05 -7.09599317e-06 -2.91329889e-06
      -8.02035743e-07 -1.27170722e-07 -2.35420439e-09 -6.95394298e-10
      -1.49609551e-08 -3.08921841e-07 -1.97267764e-06 -6.99783322e-06
      -1.77699512e-05 -3.45612825e-05 -5.41155023e-05 -7.29057792e-05
      -8.71367301e-05 -9.43825362e-05 -9.41667677e-05 -9.12896430e-05
      -9.11856914e-05 -9.35593416e-05 -9.58166784e-05 -9.26522771e-05
      -8.20855930e-05 -6.54790201e-05 -4.70715640e-05 -3.03074412e-05
      -1.75599107e-05 -9.19472586e-06 -4.45103842e-06 -1.81293410e-06
      -4.60361377e-07 -6.61731292e-08 -5.93997129e-10 -6.73663181e-10
      -1.25922306e-09 -2.07313576e-07 -1.16105139e-06 -4.08843061e-06
      -1.11166382e-05 -2.40114805e-05 -4.11041074e-05 -5.96473328e-05
      -7.50343170e-05 -8.48381897e-05 -8.80741354e-05 -8.86271446e-05
      -8.87956921e-05 -8.82493478e-05 -8.37184125e-05 -7.38019226e-05
      -5.98436272e-05 -4.40924559e-05 -2.94424080e-05 -1.79020917e-05
      -9.88247666e-06 -5.09556230e-06 -2.44609896e-06 -8.89788055e-07
      -1.93486741e-07 -1.89376959e-08 -1.09661014e-09 0. 0.
      -7.23778513e-08 -4.49053999e-07 -1.59649483e-06 -4.60122965e-06
      -1.09881403e-05 -2.09957652e-05 -3.35178447e-05 -4.57536444e-05
      -5.55035549e-05 -6.19663042e-05 -6.50695292e-05 -6.52259550e-05
      -6.20837018e-05 -5.48906646e-05 -4.47677048e-05 -3.35682744e-05
      -2.32740094e-05 -1.50011119e-05 -8.83354187e-06 -4.74652779e-06
      -2.39380688e-06 -1.10285032e-06 -3.26982615e-07 -5.67443372e-08
      -1.09599210e-08 0. 0. 0. -1.18719701e-08 -9.01194710e-08
      -2.05015368e-07 -5.87788804e-07 -1.50991116e-06 -2.80542827e-06
      -4.79845357e-06 -7.51589778e-06 -1.00800544e-05 -1.31244160e-05
      -1.56006045e-05 -1.71451229e-05 -1.73335029e-05 -1.56744409e-05
      -1.37362103e-05 -1.15015973e-05 -8.93194465e-06 -6.04913294e-06
      -3.70051271e-06 -2.00533668e-06 -1.03108971e-06 -4.83018653e-07
      -1.09350154e-07 -2.32707773e-08 -2.42058151e-09 0. 0. 0.
      -1.94661642e-09 1.96356709e-08 1.26648928e-07 5.52972438e-07
      1.71718182e-06 3.95337975e-06 7.00182591e-06 1.00101415e-05
      1.25231518e-05 1.39636741e-05 1.35154023e-05 1.16063247e-05
      8.89713738e-06 5.71024157e-06 2.01177295e-06 -4.43624401e-07
      -1.55522810e-06 -1.47530193e-06 -1.08829909e-06 -5.93627078e-07
      -2.95545391e-07 -1.59944435e-07 -2.11218403e-08 -4.14124379e-09
      -2.12780327e-09 0. 0. 0. 0. -8.70472916e-10 2.92065394e-08
      2.83651389e-07 1.14741908e-06 2.77426648e-06 5.09158917e-06
      7.20887147e-06 9.42861061e-06 1.09080447e-05 1.10211840e-05
      1.03777666e-05 8.85015470e-06 6.63049013e-06 4.23337633e-06
      2.31143440e-06 1.00064142e-06 2.51406391e-07 -1.50909798e-07
      -3.81895013e-08 2.02091126e-08 -1.60072133e-09 -6.32535802e-10
      2.77425061e-09 0. 0. 0. 0. 0. 0. 7.26607308e-09 4.38806751e-08
      1.12449214e-07 2.30228352e-07 3.42007382e-07 5.22689788e-07
      8.57225302e-07 1.09761481e-06 1.32097023e-06 1.53114104e-06
      1.70052795e-06 1.50362769e-06 1.21075482e-06 8.54323218e-07
      4.68501014e-07 1.65464371e-07 4.62560905e-08 1.65162621e-08
      2.38416789e-08 4.88923346e-09 0. 0. 0. 0. -8.34667901e-07 0. 0. 0.
      0. 0. 0. 0. 0. 0. 0. 0. 0. -2.94730462e-09 -1.09083151e-08
      -4.95726660e-09 -2.06552789e-10 0. 0. 0. 0. 0. 0. 0. 0. 0. 0. 0.
      0. 0. 0. 0. 0. -3.14363063e-10 -1.08979814e-09 -1.18839045e-08
      -3.05152454e-08 -5.54299433e-08 -8.02666591e-08 -1.50259467e-07
      -2.00143930e-07 -2.17320462e-07 -2.22366396e-07 -2.40122915e-07
      -2.22457970e-07 -2.40244674e-07 -1.92537058e-07 -1.22142737e-07
      -8.89745664e-08 -6.65695126e-08 -2.55932342e-08 -1.23769794e-08
      -4.58571359e-09 0. 0. 0. 0. 0. 0. -1.09604603e-09 -8.43083880e-10
      -8.15630852e-09 -6.30409325e-09 -5.72240992e-08 -1.72190894e-07
      -3.23719632e-07 -6.17336696e-07 -1.06613550e-06 -1.57586817e-06
      -2.27038595e-06 -3.03563797e-06 -3.84699752e-06 -4.35931952e-06
      -4.45169462e-06 -4.01863099e-06 -3.29966019e-06 -2.40377472e-06
      -1.39850715e-06 -7.32824219e-07 -3.47513321e-07 -1.12299169e-07
      -4.03603870e-08 -9.30717636e-09 0. 0. 0. 0. -3.51371954e-09
      -6.53542997e-09 -1.44615377e-08 -8.18700698e-08 -2.54148233e-07
      -6.57621740e-07 -1.37573591e-06 -2.64676987e-06 -4.35534093e-06
      -6.48014247e-06 -8.75911246e-06 -1.13656542e-05 -1.38832220e-05
      -1.53512156e-05 -1.51411332e-05 -1.36063700e-05 -1.09809853e-05
      -7.91460661e-06 -4.77687399e-06 -2.53012809e-06 -1.17022500e-06
      -4.38207053e-07 -1.76440096e-07 -2.99924352e-08 -3.53640917e-09 0.
      0. -7.23103799e-10 -4.22788959e-09 -1.67755907e-08 -9.84062893e-08
      -4.84233340e-07 -1.23229984e-06 -2.78540324e-06 -5.36897323e-06
      -9.26908069e-06 -1.42987001e-05 -2.01934890e-05 -2.69936736e-05
      -3.36832854e-05 -3.84524210e-05 -4.02081823e-05 -3.86379979e-05
      -3.42046587e-05 -2.76390037e-05 -2.05413708e-05 -1.32696068e-05
      -7.80362643e-06 -4.26233737e-06 -2.05117885e-06 -8.12070425e-07
      -1.47339975e-07 -8.52130366e-10 1.03983988e-09 0. 0.
      -1.22222712e-08 -7.85372336e-08 -4.67104996e-07 -1.68885822e-06
      -4.03754893e-06 -7.77280457e-06 -1.32695704e-05 -2.03100390e-05
      -2.79663727e-05 -3.52191710e-05 -4.22364174e-05 -4.88561891e-05
      -5.26183831e-05 -5.27721677e-05 -4.91986393e-05 -4.27173291e-05
      -3.50118171e-05 -2.70053843e-05 -1.94612039e-05 -1.26289606e-05
      -7.68575956e-06 -4.47270031e-06 -2.18117702e-06 -5.04303159e-07
      -6.01103309e-08 -3.65844843e-09 0. -2.28174063e-10 -3.60382479e-08
      -2.79463421e-07 -1.29102818e-06 -3.66191352e-06 -7.78986123e-06
      -1.38301830e-05 -2.13042149e-05 -2.98654322e-05 -3.77402903e-05
      -4.43301506e-05 -5.15697320e-05 -6.00816129e-05 -6.75177725e-05
      -7.09567394e-05 -6.85468913e-05 -6.07098882e-05 -5.02624644e-05
      -3.72780014e-05 -2.60652832e-05 -1.66426653e-05 -9.91720935e-06
      -5.64575066e-06 -3.01567911e-06 -1.02562171e-06 -2.04932945e-07
      -1.75324271e-08 -9.88092608e-10 -2.54413486e-08 -1.47040637e-07
      -7.47761021e-07 -2.58518662e-06 -6.23404048e-06 -1.19864189e-05
      -1.94377044e-05 -2.82979672e-05 -3.79210760e-05 -4.67742357e-05
      -5.57268868e-05 -6.59336947e-05 -7.82724237e-05 -8.98867438e-05
      -9.59806857e-05 -9.55999931e-05 -8.79108629e-05 -7.23550911e-05
      -5.41984264e-05 -3.62272076e-05 -2.20598722e-05 -1.20021868e-05
      -5.85447924e-06 -2.91146762e-06 -1.43011550e-06 -2.59223867e-07
      -7.88420085e-09 -5.15179721e-09 -6.77054572e-08 -4.41684364e-07
      -1.58104922e-06 -4.08530786e-06 -8.44081933e-06 -1.50237638e-05
      -2.38704761e-05 -3.46063243e-05 -4.55948502e-05 -5.66824165e-05
      -6.77201606e-05 -7.80656337e-05 -8.96239508e-05 -1.00476704e-04
      -1.06816347e-04 -1.07437700e-04 -1.01367870e-04 -8.57646446e-05
      -6.35583201e-05 -4.24643949e-05 -2.50602370e-05 -1.21953217e-05
      -4.78608808e-06 -1.81762039e-06 -9.70384917e-07 -1.42119561e-07
      1.45487524e-08 -7.25172367e-09 -1.07542888e-07 -6.73351508e-07
      -2.06575123e-06 -4.67974587e-06 -9.38585345e-06 -1.67526923e-05
      -2.71450190e-05 -3.91829853e-05 -5.19781679e-05 -6.34834141e-05
      -7.21322140e-05 -7.75807639e-05 -8.42338850e-05 -9.18580627e-05
      -9.86048544e-05 -9.97276438e-05 -9.57154698e-05 -8.25674142e-05
      -6.18128543e-05 -4.07826410e-05 -2.39804922e-05 -1.18913485e-05
      -3.81902419e-06 -6.00844658e-07 -2.06433697e-07 5.61325564e-09
      8.80629614e-09 -1.00163495e-08 -1.35652215e-07 -6.85538907e-07
      -2.03025252e-06 -4.38793359e-06 -9.24938195e-06 -1.73995068e-05
      -2.90430344e-05 -4.33635032e-05 -5.67066891e-05 -6.44581451e-05
      -6.55307667e-05 -6.33174423e-05 -6.64662293e-05 -7.57894377e-05
      -8.38802880e-05 -8.50268771e-05 -8.19296984e-05 -7.06734572e-05
      -5.41457339e-05 -3.69490917e-05 -2.28996796e-05 -1.25074248e-05
      -4.84236398e-06 -5.53900350e-07 2.56105636e-07 4.25931788e-08
      2.39363604e-08 -8.81579876e-09 -1.08135957e-07 -5.52862048e-07
      -1.57852890e-06 -3.77644824e-06 -8.94069944e-06 -1.84470919e-05
      -3.28744172e-05 -4.94246742e-05 -6.20296851e-05 -6.40492581e-05
      -5.54561411e-05 -4.60378324e-05 -5.05657445e-05 -6.51667142e-05
      -7.38849412e-05 -7.38702511e-05 -7.13354675e-05 -6.36747645e-05
      -5.10545360e-05 -3.66474269e-05 -2.47001208e-05 -1.56182159e-05
      -7.85823158e-06 -1.64204982e-06 2.24833713e-07 8.99023362e-08
      -1.61104940e-09 -5.26780441e-09 -6.16781293e-08 -3.23433341e-07
      -1.06747120e-06 -3.30447278e-06 -9.61514434e-06 -2.17688630e-05
      -3.98158227e-05 -5.89876763e-05 -7.05888015e-05 -6.68729335e-05
      -5.01841387e-05 -3.55274715e-05 -4.36186820e-05 -6.30205977e-05
      -7.13430636e-05 -7.22920231e-05 -7.36270886e-05 -6.93047696e-05
      -5.67368661e-05 -4.11844740e-05 -2.89925647e-05 -1.96710807e-05
      -1.10674164e-05 -3.50203254e-06 -7.75075790e-08 3.18469588e-08
      -3.58961805e-10 -8.58295712e-10 -2.56339519e-08 -1.64594780e-07
      -7.45981822e-07 -3.34779179e-06 -1.15604544e-05 -2.66739589e-05
      -4.76290079e-05 -6.86648636e-05 -7.96817403e-05 -7.24131678e-05
      -5.05714961e-05 -3.46487395e-05 -4.70417544e-05 -6.71739981e-05
      -7.65612858e-05 -8.12435537e-05 -8.81891538e-05 -8.41585279e-05
      -6.71577145e-05 -4.81904572e-05 -3.42772146e-05 -2.31737959e-05
      -1.37724455e-05 -5.26410258e-06 -4.69853063e-07 -5.36917035e-08
      -1.31650308e-08 -2.61144684e-09 -1.14172289e-08 -7.25428251e-08
      -5.90980846e-07 -3.60244940e-06 -1.39284275e-05 -3.12884840e-05
      -5.35296749e-05 -7.48875318e-05 -8.52110534e-05 -7.64939177e-05
      -5.48620956e-05 -4.28630119e-05 -5.77796527e-05 -7.52247288e-05
      -8.68745919e-05 -9.34106720e-05 -1.02705926e-04 -9.61639016e-05
      -7.54755383e-05 -5.49365468e-05 -3.90737696e-05 -2.63741822e-05
      -1.56035385e-05 -6.23683900e-06 -8.56472468e-07 -1.13637526e-07
      -3.12978243e-09 -1.02064313e-09 -5.28006261e-09 -5.87116062e-08
      -6.32475235e-07 -4.14080569e-06 -1.63550958e-05 -3.43477186e-05
      -5.51029007e-05 -7.37242299e-05 -8.16023385e-05 -7.29544699e-05
      -5.53454120e-05 -4.93751686e-05 -6.55137264e-05 -8.23271475e-05
      -9.23078114e-05 -9.77243253e-05 -1.05078587e-04 -9.58282908e-05
      -7.70340193e-05 -5.86294918e-05 -4.23666279e-05 -2.81873490e-05
      -1.59526317e-05 -6.40100598e-06 -1.20909237e-06 -1.88256777e-07
      -1.49110750e-08 -9.46100309e-10 -5.16010035e-09 -9.07545257e-08
      -7.43682619e-07 -5.10403697e-06 -1.85075878e-05 -3.54938675e-05
      -5.20868634e-05 -6.44803076e-05 -6.69039146e-05 -5.65495684e-05
      -4.42140736e-05 -4.65212433e-05 -6.63620813e-05 -8.51076693e-05
      -9.12713658e-05 -9.31546820e-05 -9.51126858e-05 -8.79341533e-05
      -7.44160716e-05 -5.89350893e-05 -4.26039878e-05 -2.75937382e-05
      -1.48907575e-05 -6.03497074e-06 -1.47490755e-06 -2.50383465e-07
      -1.70666663e-08 0. -9.07344067e-09 -1.35304631e-07 -1.11783152e-06
      -6.66848746e-06 -2.02237607e-05 -3.48774993e-05 -4.61802993e-05
      -5.04174022e-05 -4.53336215e-05 -3.50967603e-05 -3.06029106e-05
      -4.14305250e-05 -6.68614230e-05 -8.51528384e-05 -8.84544716e-05
      -8.66945193e-05 -8.54542304e-05 -8.09701014e-05 -7.13727568e-05
      -5.67116695e-05 -4.00967328e-05 -2.49324312e-05 -1.29570208e-05
      -5.37212782e-06 -1.65893971e-06 -2.60745765e-07 -1.27857831e-08
      -2.63729660e-09 -6.43175735e-09 -2.13200479e-07 -1.75278456e-06
      -8.37882453e-06 -2.12885097e-05 -3.39503604e-05 -4.07648076e-05
      -3.86007378e-05 -3.10531032e-05 -2.55964169e-05 -3.02621665e-05
      -4.91423307e-05 -7.58067254e-05 -9.05147099e-05 -9.07813519e-05
      -8.69476280e-05 -8.40345310e-05 -7.86842502e-05 -6.79299264e-05
      -5.21334296e-05 -3.58171237e-05 -2.16071858e-05 -1.11101417e-05
      -4.75790330e-06 -1.50798144e-06 -1.91691498e-07 -1.73013746e-08
      -3.59327235e-10 -1.57507589e-08 -3.36828180e-07 -2.32503930e-06
      -9.38471567e-06 -2.15312575e-05 -3.31678166e-05 -3.80757629e-05
      -3.56728451e-05 -3.15162215e-05 -3.41130471e-05 -4.76168352e-05
      -6.99178636e-05 -9.25197019e-05 -1.02191363e-04 -9.90393673e-05
      -9.16524441e-05 -8.50044235e-05 -7.48397870e-05 -6.07583279e-05
      -4.46581071e-05 -2.95796872e-05 -1.71330066e-05 -8.56732913e-06
      -3.82892449e-06 -1.26060320e-06 -1.83777786e-07 -9.50555989e-09 0.
      -1.91870733e-08 -3.83793349e-07 -2.54758606e-06 -8.98407870e-06
      -1.94479162e-05 -3.06296024e-05 -3.69867339e-05 -3.97967051e-05
      -4.26873921e-05 -5.17805638e-05 -7.02869147e-05 -9.12555188e-05
      -1.08292959e-04 -1.11812195e-04 -1.03853003e-04 -9.19498343e-05
      -7.93239233e-05 -6.44002066e-05 -4.83508920e-05 -3.36379962e-05
      -2.11841834e-05 -1.17746786e-05 -5.98703718e-06 -2.88494812e-06
      -8.62823185e-07 -1.35393307e-07 -2.49597898e-09 -7.30500938e-10
      -1.56415094e-08 -3.27006774e-07 -2.07527319e-06 -6.90352272e-06
      -1.48184199e-05 -2.45793399e-05 -3.35336481e-05 -4.16011608e-05
      -5.04569034e-05 -6.23231826e-05 -7.94222433e-05 -9.60496182e-05
      -1.06125000e-04 -1.04735831e-04 -9.36705765e-05 -7.83425494e-05
      -6.20680148e-05 -4.56621528e-05 -3.23918393e-05 -2.11790666e-05
      -1.29058017e-05 -6.94552091e-06 -3.76289654e-06 -1.84041437e-06
      -5.04132402e-07 -7.00682961e-08 -6.42607301e-10 -7.07672698e-10
      -1.32512090e-09 -2.18800750e-07 -1.21212588e-06 -4.07659354e-06
      -8.86689577e-06 -1.55887446e-05 -2.40826812e-05 -3.42912972e-05
      -4.47863204e-05 -5.51578632e-05 -6.53999523e-05 -7.41152180e-05
      -7.80486153e-05 -7.50437830e-05 -6.50910806e-05 -5.19811256e-05
      -3.85882522e-05 -2.67782270e-05 -1.81889009e-05 -1.15381235e-05
      -6.85289888e-06 -3.80385382e-06 -2.11495126e-06 -8.95806693e-07
      -2.05754063e-07 -1.99598311e-08 -1.18635191e-09 0. 0.
      -7.58214753e-08 -4.74695639e-07 -1.81445978e-06 -4.01517036e-06
      -7.16093473e-06 -1.23429845e-05 -1.95784887e-05 -2.80548902e-05
      -3.63899780e-05 -4.23053243e-05 -4.50276166e-05 -4.49529252e-05
      -4.27408631e-05 -3.63028921e-05 -2.82622059e-05 -2.06931527e-05
      -1.42423687e-05 -9.51633501e-06 -5.97405096e-06 -3.35874961e-06
      -1.88673573e-06 -9.55939527e-07 -3.37964337e-07 -6.38794546e-08
      -1.16128405e-08 0. 0. 0. -1.95456007e-08 -1.46887487e-07
      -6.37415269e-07 -1.53329654e-06 -2.81936764e-06 -4.87733678e-06
      -7.63211392e-06 -1.15072071e-05 -1.60552499e-05 -1.95766988e-05
      -2.10382186e-05 -2.13717994e-05 -2.04079570e-05 -1.83224056e-05
      -1.54813752e-05 -1.27616922e-05 -9.06591595e-06 -5.84989903e-06
      -3.47950231e-06 -1.90753167e-06 -9.38898040e-07 -4.23709338e-07
      -1.24240657e-07 -2.64321205e-08 -2.53422217e-09 0. 0. 0.
      -1.93963934e-09 -2.37069209e-08 -1.66715509e-07 -5.76431660e-07
      -1.52185487e-06 -3.34909828e-06 -6.37408448e-06 -1.00934440e-05
      -1.40758411e-05 -1.69619452e-05 -1.84468936e-05 -1.80911502e-05
      -1.60415948e-05 -1.36030712e-05 -1.13832657e-05 -8.74097623e-06
      -5.93411323e-06 -3.60387639e-06 -1.95170060e-06 -1.01577973e-06
      -4.59975553e-07 -1.55154538e-07 -3.81287286e-08 -4.20691038e-09
      -2.22657648e-09 0. 0. 0. 0. -9.05592767e-10 -4.68874433e-08
      -2.09290363e-07 -6.73812394e-07 -1.47660603e-06 -2.84108046e-06
      -4.30806494e-06 -5.95912979e-06 -7.34777814e-06 -7.98126712e-06
      -7.83928044e-06 -7.06319815e-06 -5.74975729e-06 -4.61063746e-06
      -3.40054385e-06 -2.23010193e-06 -1.30765056e-06 -6.90468084e-07
      -3.14738173e-07 -1.00036956e-07 -2.00797547e-08 -6.30640540e-10
      -1.26646060e-09 0. 0. 0. 0. 0. 0. -3.15980775e-09 -1.98074339e-08
      -5.44435785e-08 -1.17091190e-07 -1.63586563e-07 -2.49604454e-07
      -4.37676704e-07 -5.62010882e-07 -6.98795589e-07 -7.93525942e-07
      -9.34438845e-07 -8.15539408e-07 -6.70740121e-07 -4.86350359e-07
      -2.83210056e-07 -1.20943270e-07 -6.29395203e-08 -2.82812724e-08
      -2.42339731e-08 -3.34244432e-09 0. 0. 0. 0. -7.99607506e-07 0. 0.
      0. 0. 0. 0. 0. 0. 0. 0. 0. 0. -2.95098079e-09 -1.09018519e-08
      -4.94111774e-09 -2.05879896e-10 0. 0. 0. 0. 0. 0. 0. 0. 0. 0. 0.
      0. 0. 0. 0. 0. -3.15059701e-10 -1.09819320e-09 -1.23296999e-08
      -3.14496056e-08 -5.58943150e-08 -8.03690696e-08 -1.50687072e-07
      -2.01130078e-07 -2.18221260e-07 -2.22460756e-07 -2.39532937e-07
      -2.21545406e-07 -2.38903823e-07 -1.91162655e-07 -1.21084625e-07
      -8.79509656e-08 -6.56213857e-08 -2.51478429e-08 -1.22457520e-08
      -4.60871297e-09 0. 0. 0. 0. 0. 0. -1.08170539e-09 -8.44707637e-10
      -8.06509703e-09 -6.26300478e-09 -5.72919845e-08 -1.72664613e-07
      -3.22790640e-07 -6.12016038e-07 -1.05829645e-06 -1.56384613e-06
      -2.24968835e-06 -3.00135571e-06 -3.79422659e-06 -4.29024294e-06
      -4.37576819e-06 -3.94743574e-06 -3.24541452e-06 -2.34934373e-06
      -1.36540621e-06 -7.15093961e-07 -3.39216882e-07 -1.09282453e-07
      -3.90539796e-08 -8.93015972e-09 0. 0. 0. 0. -3.41846018e-09
      -6.47679554e-09 -1.42175036e-08 -7.95552495e-08 -2.47556443e-07
      -6.41544318e-07 -1.34383356e-06 -2.58649015e-06 -4.26820452e-06
      -6.35065180e-06 -8.59692500e-06 -1.11929321e-05 -1.36822819e-05
      -1.51809127e-05 -1.49880652e-05 -1.34931943e-05 -1.08729164e-05
      -7.80837036e-06 -4.73689079e-06 -2.57718193e-06 -1.20637026e-06
      -4.74659601e-07 -1.86805309e-07 -3.14624415e-08 -3.32191119e-09 0.
      0. -6.82462864e-10 -6.07731110e-09 -1.63420690e-08 -9.52865022e-08
      -4.69572058e-07 -1.19794231e-06 -2.76929632e-06 -5.45079502e-06
      -9.59817316e-06 -1.51879494e-05 -2.21719019e-05 -3.07841547e-05
      -4.00795871e-05 -4.75358247e-05 -5.11842591e-05 -4.99360904e-05
      -4.40591975e-05 -3.52658717e-05 -2.59404915e-05 -1.68821698e-05
      -9.93418053e-06 -5.25558517e-06 -2.48843503e-06 -1.01391254e-06
      -2.44759946e-07 -3.63013406e-08 -2.88460678e-09 0. 0.
      -1.17976953e-08 -7.56929879e-08 -4.54907706e-07 -1.67056987e-06
      -4.10948178e-06 -8.23214032e-06 -1.47291394e-05 -2.38316898e-05
      -3.49157708e-05 -4.82675750e-05 -6.38309648e-05 -7.97037355e-05
      -9.18296719e-05 -9.76989759e-05 -9.60282487e-05 -8.67303170e-05
      -7.15818969e-05 -5.44069117e-05 -3.79090561e-05 -2.40367990e-05
      -1.40660022e-05 -7.67807433e-06 -3.52424900e-06 -1.01714204e-06
      -1.73197520e-07 -6.59552857e-09 0. -2.20948024e-10 -3.57864778e-08
      -2.72317038e-07 -1.30350054e-06 -3.79515745e-06 -8.45718569e-06
      -1.60127911e-05 -2.63820548e-05 -3.92227739e-05 -5.32519953e-05
      -6.68766152e-05 -7.89271216e-05 -8.82295280e-05 -9.37635996e-05
      -9.58072633e-05 -9.45956490e-05 -9.06244313e-05 -8.22339207e-05
      -6.87664506e-05 -5.24775132e-05 -3.62967658e-05 -2.27207001e-05
      -1.29337113e-05 -6.29737315e-06 -2.22207404e-06 -4.59337002e-07
      -3.88633268e-08 -1.03564235e-09 -2.56586770e-08 -1.49205121e-07
      -7.49941762e-07 -2.77074446e-06 -6.88814316e-06 -1.38862615e-05
      -2.40437021e-05 -3.63977670e-05 -4.99987218e-05 -6.14016753e-05
      -6.85011546e-05 -7.13534246e-05 -7.28053274e-05 -7.36126458e-05
      -7.47192389e-05 -7.65315563e-05 -7.95590240e-05 -7.97262255e-05
      -7.35033318e-05 -6.00089843e-05 -4.39023897e-05 -2.87063740e-05
      -1.65386191e-05 -8.10394158e-06 -3.10789551e-06 -6.32244564e-07
      -3.98347808e-08 -5.36774403e-09 -6.97447433e-08 -4.52288759e-07
      -1.68125007e-06 -4.50120797e-06 -9.62763988e-06 -1.77365673e-05
      -2.89918717e-05 -4.10158427e-05 -5.24023635e-05 -5.88280054e-05
      -6.12978256e-05 -6.26571637e-05 -6.59139478e-05 -7.06220599e-05
      -7.38031522e-05 -7.51146581e-05 -7.68047321e-05 -7.73782012e-05
      -7.30761094e-05 -6.15441750e-05 -4.61613454e-05 -3.06227957e-05
      -1.72662130e-05 -8.15067870e-06 -3.14197609e-06 -5.97118913e-07
      -3.49381288e-08 -7.42618633e-09 -1.10597192e-07 -6.89192348e-07
      -2.17863885e-06 -5.21044922e-06 -1.03329585e-05 -1.83120410e-05
      -2.87281691e-05 -3.90894529e-05 -4.69036931e-05 -5.20026661e-05
      -5.67546740e-05 -6.27223926e-05 -7.04705890e-05 -7.73025968e-05
      -8.09239500e-05 -7.93076324e-05 -7.59423347e-05 -7.27086517e-05
      -6.74098774e-05 -5.71452256e-05 -4.35879301e-05 -2.90400239e-05
      -1.57178438e-05 -6.62979710e-06 -2.28566978e-06 -4.40035592e-07
      -3.78843339e-08 -1.02812132e-08 -1.39810936e-07 -7.05091225e-07
      -2.04927665e-06 -4.50130210e-06 -8.68933330e-06 -1.57349714e-05
      -2.41327361e-05 -3.19413666e-05 -3.95446841e-05 -4.81821480e-05
      -5.84434420e-05 -6.72457099e-05 -7.37001465e-05 -7.94517546e-05
      -8.14724917e-05 -7.60322073e-05 -6.94343471e-05 -6.32863594e-05
      -5.63402573e-05 -4.82565811e-05 -3.76233293e-05 -2.53591934e-05
      -1.33403182e-05 -4.93807147e-06 -1.34581410e-06 -2.77436840e-07
      -2.37388065e-08 -9.15366272e-09 -1.11435170e-07 -5.54995779e-07
      -1.42786644e-06 -3.02089325e-06 -6.18934109e-06 -1.21699450e-05
      -1.89032198e-05 -2.65185809e-05 -3.74024094e-05 -5.18141096e-05
      -6.57287455e-05 -7.20055104e-05 -7.51361586e-05 -8.05678210e-05
      -8.02970535e-05 -7.17748699e-05 -6.21499348e-05 -5.37322012e-05
      -4.64125733e-05 -3.97989461e-05 -3.20981671e-05 -2.24147752e-05
      -1.24777962e-05 -4.25788267e-06 -7.06662945e-07 -1.47321245e-07
      -1.11021192e-08 -5.53038371e-09 -6.36506030e-08 -3.02869154e-07
      -7.15516421e-07 -1.53589406e-06 -4.68999406e-06 -1.05761155e-05
      -1.75630430e-05 -2.65823546e-05 -4.07533516e-05 -5.91114149e-05
      -7.21060933e-05 -7.41240510e-05 -7.82833085e-05 -8.57075938e-05
      -8.36690742e-05 -7.26661528e-05 -6.04308225e-05 -5.03795709e-05
      -4.30393266e-05 -3.70583584e-05 -3.02710087e-05 -2.18556906e-05
      -1.29581749e-05 -4.70642226e-06 -5.26874317e-07 -9.90051134e-08
      -1.35845690e-08 -8.40413239e-10 -2.63405422e-08 -1.48018245e-07
      -3.08106081e-07 -9.27673113e-07 -4.89847753e-06 -1.18721982e-05
      -1.98895559e-05 -2.95048194e-05 -4.42631936e-05 -6.05709283e-05
      -6.89160152e-05 -7.08456864e-05 -8.21303402e-05 -9.10881354e-05
      -8.88248178e-05 -7.52491178e-05 -6.22038788e-05 -5.33521088e-05
      -4.65083795e-05 -4.01115685e-05 -3.24930443e-05 -2.34661202e-05
      -1.43685038e-05 -5.70423254e-06 -6.89204626e-07 -1.06028835e-07
      -1.64208753e-08 -2.58220356e-09 -1.14715446e-08 -6.06888051e-08
      -1.52797256e-07 -1.17156833e-06 -7.13981808e-06 -1.57634568e-05
      -2.48392116e-05 -3.34891920e-05 -4.45027290e-05 -5.40946930e-05
      -5.82344655e-05 -6.47802153e-05 -8.45223694e-05 -9.61372716e-05
      -9.46073342e-05 -7.60802213e-05 -6.36318291e-05 -5.88949879e-05
      -5.52007768e-05 -4.76131536e-05 -3.72242466e-05 -2.61279292e-05
      -1.57293198e-05 -6.46495391e-06 -9.59572617e-07 -1.15044912e-07
      -3.00336667e-09 -1.01575104e-09 -5.05817566e-09 -5.42433369e-08
      -2.83897577e-07 -2.17074330e-06 -1.06562256e-05 -2.14906668e-05
      -3.09356692e-05 -3.79889025e-05 -4.35749971e-05 -4.74223671e-05
      -5.14061394e-05 -6.50250004e-05 -8.89025177e-05 -1.02394450e-04
      -9.39668971e-05 -7.08136577e-05 -6.20894862e-05 -6.33816162e-05
      -6.29243514e-05 -5.43253918e-05 -4.14451933e-05 -2.82040201e-05
      -1.61780736e-05 -6.60694468e-06 -1.26766474e-06 -1.76048886e-07
      -1.45155079e-08 -9.72861680e-10 -5.00575670e-09 -8.65452918e-08
      -5.34333651e-07 -3.81071322e-06 -1.45587810e-05 -2.72076959e-05
      -3.73809162e-05 -4.36327646e-05 -4.66400925e-05 -4.78808106e-05
      -5.39675129e-05 -7.06392384e-05 -9.22760519e-05 -1.00660080e-04
      -8.42917943e-05 -6.32726515e-05 -6.00579624e-05 -6.69311048e-05
      -6.76622658e-05 -5.79278712e-05 -4.30382970e-05 -2.81547800e-05
      -1.55841553e-05 -6.37376297e-06 -1.51251015e-06 -2.41335016e-07
      -1.65800387e-08 0. -8.69760264e-09 -1.27479353e-07 -9.84863277e-07
      -5.97494000e-06 -1.83631546e-05 -3.18493803e-05 -4.29010506e-05
      -4.97819638e-05 -5.32911254e-05 -5.58756437e-05 -6.30500144e-05
      -7.57126836e-05 -9.00177183e-05 -9.04832777e-05 -7.31080654e-05
      -6.02611071e-05 -6.28746566e-05 -7.14326306e-05 -7.05499988e-05
      -5.85321650e-05 -4.20594406e-05 -2.65205799e-05 -1.40621287e-05
      -5.83570909e-06 -1.63179072e-06 -2.58116472e-07 -1.26199824e-08
      9.10513887e-10 -6.14080209e-09 -1.96830783e-07 -1.62460196e-06
      -7.99325699e-06 -2.12985397e-05 -3.57037934e-05 -4.78980292e-05
      -5.60817498e-05 -6.21936633e-05 -6.76821946e-05 -7.34840360e-05
      -8.05850359e-05 -8.73915196e-05 -8.29109485e-05 -7.20849275e-05
      -6.74615658e-05 -7.28369487e-05 -7.74715663e-05 -7.11778994e-05
      -5.60338121e-05 -3.88943736e-05 -2.39036744e-05 -1.23701566e-05
      -5.12452516e-06 -1.44276021e-06 -1.85508441e-07 -1.67678920e-08
      -3.37668615e-10 -1.53058153e-08 -3.21672417e-07 -2.19040749e-06
      -9.27387646e-06 -2.29904490e-05 -3.88892222e-05 -5.33546845e-05
      -6.48731002e-05 -7.44023419e-05 -8.18832195e-05 -8.66681657e-05
      -9.02304382e-05 -9.11869720e-05 -8.68874777e-05 -8.19703055e-05
      -8.11116624e-05 -8.28284101e-05 -7.93879954e-05 -6.68230132e-05
      -4.98765367e-05 -3.35345394e-05 -1.97167428e-05 -9.75865714e-06
      -3.97179974e-06 -1.16570629e-06 -1.75353989e-07 -9.12235798e-09 0.
      -1.85621580e-08 -3.60284645e-07 -2.42747205e-06 -9.03585988e-06
      -2.18652640e-05 -3.94071467e-05 -5.72526988e-05 -7.34857895e-05
      -8.70400254e-05 -9.67671513e-05 -1.02120262e-04 -1.03721890e-04
      -1.02506492e-04 -9.92843125e-05 -9.56596632e-05 -9.12599353e-05
      -8.39710992e-05 -7.26417711e-05 -5.59725377e-05 -3.94306444e-05
      -2.50363264e-05 -1.39564872e-05 -6.75037336e-06 -2.81739813e-06
      -7.61991714e-07 -1.29436842e-07 -2.37682518e-09 -6.92721269e-10
      -1.50251314e-08 -3.08335217e-07 -1.97941722e-06 -7.03056776e-06
      -1.78592891e-05 -3.48950598e-05 -5.49790420e-05 -7.51736952e-05
      -9.26928624e-05 -1.05266663e-04 -1.12270754e-04 -1.13773727e-04
      -1.11947993e-04 -1.07873777e-04 -1.00666548e-04 -8.82153545e-05
      -7.21649922e-05 -5.55907900e-05 -3.96601718e-05 -2.59512599e-05
      -1.54081772e-05 -8.16340798e-06 -3.97079612e-06 -1.63178458e-06
      -4.41890023e-07 -6.75798191e-08 -6.03568362e-10 -6.71073697e-10
      -1.26322952e-09 -2.08128498e-07 -1.16261731e-06 -4.18695936e-06
      -1.15261164e-05 -2.48643446e-05 -4.30471227e-05 -6.39905775e-05
      -8.35880201e-05 -9.88381653e-05 -1.06749940e-04 -1.08113920e-04
      -1.04936320e-04 -9.87696912e-05 -8.66005430e-05 -6.82188329e-05
      -4.91061292e-05 -3.36204612e-05 -2.16102126e-05 -1.29927239e-05
      -7.19603258e-06 -3.73875719e-06 -1.75957382e-06 -6.86369219e-07
      -1.69879144e-07 -1.92365270e-08 -1.11428011e-09 0. 0.
      -7.26234717e-08 -4.53126972e-07 -1.86883005e-06 -5.32610147e-06
      -1.25793695e-05 -2.44944458e-05 -4.00613426e-05 -5.68000432e-05
      -7.08541920e-05 -7.95047818e-05 -8.14458472e-05 -7.80634582e-05
      -6.99585798e-05 -5.62985806e-05 -3.82602848e-05 -2.26911761e-05
      -1.23001082e-05 -6.50961283e-06 -3.34391871e-06 -1.65827544e-06
      -7.73014563e-07 -3.26806088e-07 -1.21422090e-07 -4.07868868e-08
      -1.11342633e-08 0. 0. 0. -1.89823126e-08 -1.40650712e-07
      -5.63161223e-07 -1.49332595e-06 -3.73731905e-06 -7.64685865e-06
      -1.32328705e-05 -1.99117276e-05 -2.54034458e-05 -2.88641604e-05
      -2.94611091e-05 -2.79163924e-05 -2.39034216e-05 -1.66997288e-05
      -7.76569595e-06 -1.17327477e-06 1.73508147e-06 2.18595937e-06
      1.85046224e-06 1.04900323e-06 5.07283573e-07 2.86426683e-07
      2.66620734e-08 -9.47520906e-09 -2.52247645e-09 0. 0. 0.
      5.68545988e-10 -2.31855726e-08 -9.02493227e-08 -1.79147222e-07
      -6.40559449e-07 -1.34903098e-06 -2.00947102e-06 -2.16902299e-06
      -1.48981610e-06 -4.17580395e-07 9.00582336e-07 1.25071188e-06
      1.42002841e-06 2.62706635e-06 4.96090252e-06 6.07046513e-06
      5.54065309e-06 4.10566827e-06 2.72178136e-06 1.41526016e-06
      5.55803695e-07 2.21356544e-07 3.07816741e-08 4.52285231e-09
      -2.23602070e-09 0. 0. 0. 0. 1.76254111e-09 2.03096242e-08
      -5.11071221e-08 -3.21623361e-07 -8.99809265e-07 -1.52317591e-06
      -1.86236787e-06 -2.19303456e-06 -2.06443133e-06 -1.65173901e-06
      -1.44000194e-06 -1.01102182e-06 -5.68231485e-07 5.02009527e-07
      1.03105799e-06 1.16166768e-06 1.08922995e-06 8.83881228e-07
      3.20406258e-07 6.01344539e-08 1.36164662e-08 1.29903110e-09
      -1.25441790e-09 0. 0. 0. 0. 0. 0. -3.13081094e-09 -1.99203818e-08
      -5.20663832e-08 -1.02296774e-07 -1.50127860e-07 -2.28087259e-07
      -3.86249184e-07 -5.11707185e-07 -6.24463439e-07 -7.51974255e-07
      -8.05672244e-07 -7.57783880e-07 -6.11158214e-07 -4.43881220e-07
      -2.25798090e-07 -4.73320583e-08 1.29822357e-08 5.60436941e-09
      -1.03946070e-08 -3.36855743e-09 0. 0. 0. 0.</data></learnt_thetas>
  <n_labels type_id="opencv-matrix">
    <rows>10</rows>
    <cols>1</cols>
    <dt>i</dt>
    <data>
      0 1 2 3 4 5 6 7 8 9</data></n_labels>
  <o_labels type_id="opencv-matrix">
    <rows>10</rows>
    <cols>1</cols>
    <dt>i</dt>
    <data>
      0 1 2 3 4 5 6 7 8 9</data></o_labels></opencv_ml_lr>
</opencv_storage>
